
============================================================
MLE Fitting: QLEARNING
============================================================
Data: output/task_trials_long.csv
Random starts: 20
Seed: 42
Output: output/mle/
Include practice: False
Parallel workers: 1
Hessian diagnostics: disabled
Limit: 3 participants (testing mode)
============================================================

Loading data...
  Total participants in data: 47
  Excluded participants: 2 (insufficient data/duplicates)
  Final sample: 45
  Total trials: 34806
  Limited to first 3 participants (testing mode)

[MEMORY] START: 186.4MB (psutil)

============================================================
MLE Fitting: QLEARNING
============================================================
Start time: 2026-02-05 20:20:48
Participants: 3
Random starts per participant: 20
Parallel workers: 1
============================================================

Preparing participant data...
ERROR:2026-02-05 20:20:53,373:jax._src.xla_bridge:491: Jax plugin configuration error: Exception when calling jax_plugins.xla_cuda12.initialize()
Traceback (most recent call last):
  File "/scratch/fc37/aman0087/conda/envs/rlwm_gpu/lib/python3.11/site-packages/jax/_src/xla_bridge.py", line 489, in discover_pjrt_plugins
    plugin_module.initialize()
  File "/scratch/fc37/aman0087/conda/envs/rlwm_gpu/lib/python3.11/site-packages/jax_plugins/xla_cuda12/__init__.py", line 328, in initialize
    _check_cuda_versions(raise_on_first_error=True)
  File "/scratch/fc37/aman0087/conda/envs/rlwm_gpu/lib/python3.11/site-packages/jax_plugins/xla_cuda12/__init__.py", line 285, in _check_cuda_versions
    local_device_count = cuda_versions.cuda_device_count()
                         ^^^^^^^^^^^^^^^^^^^^^^^^^^^^^^^^^
RuntimeError: jaxlib/cuda/versions_helpers.cc:113: operation cuInit(0) failed: Unknown CUDA error 303; cuGetErrorName failed. This probably means that JAX was unable to load the CUDA libraries.
  Data preparation complete (6.5s)

Resuming from checkpoint: 1 participants already completed
[  1/3] Skipping participant 10000 (already in checkpoint)

[20:20:55] [  2/3] ( 33.3%) Fitting 9187 (990 trials)
      [1/5] Counting trials... done (0.00s)
      [2/5] Preparing JAX arrays... done (0.03s)
      [3/5] Creating objective functions... done (0.14s)
      [4/5] Creating L-BFGS-B solver... Traceback (most recent call last):
  File "/fs04/fc37/adam/projects/rlwm_trauma_analysis/rlwm_trauma_analysis/scripts/12_fit_mle.py", line 74, in <module>
    main()
  File "/fs04/fc37/adam/projects/rlwm_trauma_analysis/rlwm_trauma_analysis/scripts/fitting/fit_mle.py", line 1527, in main
    fits_df, timing_info, timing_records = fit_all_participants(
                                           ^^^^^^^^^^^^^^^^^^^^^
  File "/fs04/fc37/adam/projects/rlwm_trauma_analysis/rlwm_trauma_analysis/scripts/fitting/fit_mle.py", line 1103, in fit_all_participants
    result = _fit_single_participant_worker(args + (compute_diagnostics, verbose))
             ^^^^^^^^^^^^^^^^^^^^^^^^^^^^^^^^^^^^^^^^^^^^^^^^^^^^^^^^^^^^^^^^^^^^^
  File "/fs04/fc37/adam/projects/rlwm_trauma_analysis/rlwm_trauma_analysis/scripts/fitting/fit_mle.py", line 959, in _fit_single_participant_worker
    result = fit_participant_mle(
             ^^^^^^^^^^^^^^^^^^^^
  File "/fs04/fc37/adam/projects/rlwm_trauma_analysis/rlwm_trauma_analysis/scripts/fitting/fit_mle.py", line 633, in fit_participant_mle
    solver = ScipyBoundedMinimize(
             ^^^^^^^^^^^^^^^^^^^^^
  File "<string>", line 14, in __init__
  File "/scratch/fc37/aman0087/conda/envs/rlwm_gpu/lib/python3.11/site-packages/jaxopt/_src/scipy_wrappers.py", line 407, in __post_init__
    raise ValueError("Cannot pass maxiter through options dictionary, use maxiter keyword argument instead.")
ValueError: Cannot pass maxiter through options dictionary, use maxiter keyword argument instead.
