============================================================
RLWM GPU Diagnostic - M3 SLURM Job
============================================================
Job ID: 51002295
Node: m3g119
GPU(s): 0
Project: /fs04/fc37/adam/projects/rlwm_trauma_analysis/rlwm_trauma_analysis
Start time: Thu Feb  5 08:40:51 AM AEDT 2026
============================================================
Activated rlwm_gpu

JAX devices: [CudaDevice(id=0)]
GPU available: True

Running GPU performance diagnostic...

[08:40:53] =======================================================
[08:40:53] GPU PERFORMANCE DIAGNOSTIC
[08:40:53] =======================================================
[08:40:53] Importing JAX...
[08:40:55] Importing jaxopt...
[08:40:56] Importing numpy...
[08:40:57] JAX devices: [CudaDevice(id=0)]
[08:40:57] GPU available: True
[08:40:57] Importing likelihood functions...
[08:40:58] Creating synthetic data (17 blocks x 100 trials)...
[08:40:58] Stacking data...
[08:40:59] Data shapes: stimuli=(17, 100), masks=(17, 100)
[08:40:59] =======================================================
[08:40:59] TEST 1: Single likelihood evaluation (stacked version)
[08:40:59] =======================================================
[08:40:59] First call (includes JIT compilation)...
[08:41:00]   Time: 1.769s
[08:41:00] Next 100 calls (compiled)...
[08:41:02]   Total: 1.205s (12.05ms per call)

============================================================
Diagnostic complete!
End time: Thu Feb  5 08:41:09 AM AEDT 2026
============================================================
