============================================================
RLWM GPU Diagnostic - M3 SLURM Job
============================================================
Job ID: 51002422
Node: m3g116
GPU(s): 0
Project: /fs04/fc37/adam/projects/rlwm_trauma_analysis/rlwm_trauma_analysis
Start time: Thu Feb  5 08:53:22 AM AEDT 2026
============================================================
Activated rlwm_gpu

JAX devices: [CudaDevice(id=0)]
GPU available: True

Running GPU performance diagnostic...

[08:53:52] =======================================================
[08:53:52] GPU PERFORMANCE DIAGNOSTIC
[08:53:52] =======================================================
[08:53:52] Importing JAX...
[08:54:07] Importing jaxopt...
[08:54:09] Importing numpy...
[08:54:09] JAX devices: [CudaDevice(id=0)]
[08:54:09] GPU available: True
[08:54:09] Importing likelihood functions...
[08:54:19] Creating synthetic data (17 blocks x 100 trials)...
[08:54:23] Stacking data...
[08:54:23] Data shapes: stimuli=(17, 100), masks=(17, 100)
[08:54:23] =======================================================
[08:54:23] TEST 1: Single likelihood evaluation (stacked version)
[08:54:23] =======================================================
[08:54:23] First call (includes JIT compilation)...
[08:54:24]   Time: 0.556s
[08:54:24] Next 100 calls (compiled)...
[08:54:25]   Total: 1.211s (12.11ms per call)

[08:54:25] =======================================================
[08:54:25] TEST 2: LBFGS solver with jit=True (jaxopt handles JIT internally)
[08:54:25] =======================================================
[08:54:25] First optimization (includes internal JIT compilation)...
[08:55:01]   Time: 35.56s
[08:55:01] Next 10 optimizations (should reuse cached compilation)...
[08:55:25]   Total: 23.81s (2.38s per start)

[08:55:25] =======================================================
[08:55:25] TEST 3: LBFGS solver WITH jax.jit(solver.run) wrapper
[08:55:25] =======================================================
[08:55:25] (This approach usually fails - testing to confirm)
[08:58:29]   FAILED (as expected): TracerBoolConversionError
[08:58:29]   This confirms jax.jit(solver.run) doesn't work with jaxopt

[08:58:29] =======================================================
[08:58:29] TEST 4: VECTORIZED optimization with jax.vmap(solver.run)
[08:58:29] =======================================================
[08:58:29] Running 20 optimizations IN PARALLEL with vmap...
[08:58:29] First batch (includes vmap compilation)...
[09:04:36]   Time for 20 parallel starts: 366.60s
[09:04:36] Second batch (compiled)...
[09:08:59]   Time for 20 parallel starts: 262.96s
[09:08:59]   Effective per-start: 13.148s

[09:08:59] =======================================================
[09:08:59] SUMMARY
[09:08:59] =======================================================
[09:08:59] Likelihood compile time:      0.56s
[09:08:59] Likelihood per-call:          12.11ms

[09:08:59] Sequential (jit=True):
[09:08:59]   First call (compile):       35.56s
[09:08:59]   Per start (sequential):     2.38s
[09:08:59]   20 starts would take:       80.8s

[09:08:59] VMAP (parallel - RECOMMENDED):
[09:08:59]   First batch (compile):      366.60s
[09:08:59]   20 starts in parallel:      262.96s
[09:08:59]   Effective per-start:        13.148s

[09:08:59] VMAP SPEEDUP: 0.3x faster than sequential!

[09:08:59] EXTRAPOLATION (20 starts per participant, 45 participants) WITH VMAP:
[09:08:59]   First participant:  366.6s (includes compile)
[09:08:59]   Each subsequent:    263.0s (20 parallel starts)
[09:08:59]   Total estimated:    11937s = 199.0 min
[09:08:59] =======================================================

============================================================
Diagnostic complete!
End time: Thu Feb  5 09:09:06 AM AEDT 2026
============================================================
