============================================================
RLWM MLE Fitting - Single Model (M3)
============================================================
Job ID: 50989988
Node: m3j002
Partition: comp
Model: qlearning
Limit: 10
Start time: Wed Feb  4 07:44:57 PM AEDT 2026
============================================================
Thread settings: OMP/MKL/OPENBLAS/NUMEXPR = 4 threads each
XLA settings: single-threaded LLVM compilation + single-threaded Eigen
Debug flags: JAX_LOG_COMPILES=1, JAX_EXPLAIN_CACHE_MISSES=1

Validating environment...
Environment OK: all packages available

Running: python scripts/fitting/fit_mle.py --model qlearning --data output/task_trials_long.csv --output output/mle/ --n-starts 20 --seed 42 --limit 10

=== PRE-FIT MEMORY STATE ===
[19:45:11] MEMORY (PRE-FIT): Mem:           376Gi        21Gi       289Gi       362Mi        68Gi       354Gi
               total        used        free      shared  buff/cache   available
Mem:          385041       21949      295974         362       70044      363092
Swap:              0           0           0


============================================================
MLE Fitting: QLEARNING
============================================================
Data: output/task_trials_long.csv
Random starts: 20
Seed: 42
Output: output/mle/
Include practice: False
Parallel workers: 1
Limit: 10 participants (testing mode)
============================================================

Loading data...
  Total participants in data: 47
  Final sample: 47
  Total trials: 35058
  Limited to first 10 participants (testing mode)

[MEMORY] START: 182.8MB (psutil)

============================================================
Starting MLE fitting: QLEARNING
============================================================
Participants: 10
Random starts per participant: 20
Parallel workers: 1
============================================================

Preparing participant data...
Resuming from checkpoint: 2 participants already completed
[  1/10] Skipping participant 10000 (already in checkpoint)
[  2/10] Fitting participant 9187 (990 trials)... NLL=824.6, R²=0.24, NOT converged, 713.9s
[  3/10] Fitting participant 10001 (119 trials)... NLL=125.5, R²=0.04, converged, 113.0s
[  4/10] Fitting participant 10002 (986 trials)... NLL=NaN, , NOT converged, 6.3s
[  5/10] Fitting participant 10003 (973 trials)... 
=== POST-FIT MEMORY STATE ===
[19:59:25] MEMORY (POST-FIT): Mem:           376Gi        21Gi       288Gi       362Mi        68Gi       354Gi
               total        used        free      shared  buff/cache   available
Mem:          385041       21563      295777         362       70627      363478
Swap:              0           0           0

============================================================
JOB RESOURCE METRICS
============================================================
Command run: sbatch cluster/run_mle_single.slurm
Model: qlearning
Limit: 10
Thread settings: OMP=4, MKL=4

========================================
SLURM JOB METRICS REPORT (Single Model)
========================================
Job ID: 50989988
Job Name: rlwm_mle_single
Node: m3j002
Partition: comp

REQUESTED RESOURCES:
  CPUs: 16
  Memory: 65536
  Time Limit: 

CONFIGURATION:
  Model: qlearning
  Limit: 10
  OMP_NUM_THREADS: 4
  MKL_NUM_THREADS: 4

TIMING:
  Start: Wed Feb  4 07:44:57 PM AEDT 2026
  End: Wed Feb  4 07:59:25 PM AEDT 2026

ACTUAL RESOURCE USAGE (sacct):
JobID           Elapsed     MaxRSS  MaxVMSize     ReqMem  AllocCPUS   TotalCPU      State 
------------ ---------- ---------- ---------- ---------- ---------- ---------- ---------- 
50989988       00:14:30                              64G         16   00:00:00    RUNNING 
50989988.ba+   00:14:30                                          16   00:00:00    RUNNING 
50989988.ex+   00:14:30                                          16   00:00:00    RUNNING 

========================================

Metrics saved to: output/mle/job_metrics_single_50989988.txt
============================================================
Complete!
End time: Wed Feb  4 07:59:25 PM AEDT 2026
============================================================
