============================================================
RLWM GPU-Accelerated MLE Fitting - M3 SLURM Job
============================================================
Job ID: 51017649
Node: m3g119
Partition: gpu
GPU(s): 0
Project: /fs04/fc37/adam/projects/rlwm_trauma_analysis/rlwm_trauma_analysis
Start time: Thu Feb  5 08:37:51 PM AEDT 2026
============================================================
Activated rlwm_gpu by name

Verifying GPU access...
JAX devices: [CudaDevice(id=0)]
GPU(s) available: [CudaDevice(id=0)]

JAX cache: /scratch/fc37/aman0087/.jax_cache_gpu


============================================================
Fitting model: qlearning (GPU-accelerated)
Started: Thu Feb  5 08:38:00 PM AEDT 2026
============================================================
GPU detected: [CudaDevice(id=0)]

============================================================
MLE Fitting: QLEARNING
============================================================
Data: output/task_trials_long.csv
Random starts: 20
Seed: 42
Output: output/mle/
Include practice: False
Parallel workers: 1
GPU acceleration: enabled
Hessian diagnostics: disabled
Limit: 6 participants (testing mode)
============================================================

Loading data...
  Total participants in data: 47
  Excluded participants: 2 (insufficient data/duplicates)
  Final sample: 45
  Total trials: 34806
  Limited to first 6 participants (testing mode)

[MEMORY] START: 524.4MB (psutil)

============================================================
MLE Fitting: QLEARNING
============================================================
Start time: 2026-02-05 20:38:04
Participants: 6
Random starts per participant: 20
Parallel workers: 1
============================================================

Preparing participant data...
  Data preparation complete (3.0s)


[20:38:07] [  1/6] (  0.0%) Fitting 10000 (988 trials)
      [1/5] Counting trials... done (0.00s)
      [2/5] Preparing JAX arrays... done (0.02s)
      [3/5] Creating objective functions... done (0.17s)
      [4/5] Creating L-BFGS-B solver... done (0.01s)
      [5/5] Running 20 optimizations (L-BFGS-B)...
            Start 1/20 (JIT compiling)... done (2.66s, NLL=793.5)
            Starts 2-20... done (total: 21.70s)
            Successful: 20/20, Best NLL: 763.2, NLL range: 56.7
[MEMORY] POST-JIT (compilation complete): 1960.9MB (psutil)
      Result: [!!] NLL=763.2, R2=0.30, total=21.9s

[20:38:29] [  2/6] ( 16.7%) Fitting 9187 (990 trials) | ETA: 1.8min
      [1/5] Counting trials... done (0.00s)
      [2/5] Preparing JAX arrays... done (0.00s)
      [3/5] Creating objective functions... done (0.01s)
      [4/5] Creating L-BFGS-B solver... done (0.00s)
      [5/5] Running 20 optimizations (L-BFGS-B)...
            Start 1/20 (JIT compiling)... done (1.82s, NLL=888.7)
            Starts 2-20... done (total: 22.54s)
            Successful: 20/20, Best NLL: 824.6, NLL range: 64.2
      Result: [!!] NLL=824.6, R2=0.24, total=22.6s

[20:38:52] [  3/6] ( 33.3%) Fitting 10002 (986 trials) | ETA: 1.5min
      [1/5] Counting trials... done (0.00s)
      [2/5] Preparing JAX arrays... done (0.00s)
      [3/5] Creating objective functions... done (0.01s)
      [4/5] Creating L-BFGS-B solver... done (0.00s)
      [5/5] Running 20 optimizations (L-BFGS-B)...
            Start 1/20 (JIT compiling)... done (2.12s, NLL=480.0)
            Starts 2-20... done (total: 19.16s)
            Successful: 20/20, Best NLL: 478.1, NLL range: 22.8
      Result: [!!] NLL=478.1, R2=0.56, total=19.2s

[20:39:11] [  4/6] ( 50.0%) Fitting 10003 (973 trials) | ETA: 1.0min
      [1/5] Counting trials... done (0.00s)
      [2/5] Preparing JAX arrays... done (0.00s)
      [3/5] Creating objective functions... done (0.01s)
      [4/5] Creating L-BFGS-B solver... done (0.00s)
      [5/5] Running 20 optimizations (L-BFGS-B)...
            Start 1/20 (JIT compiling)... done (1.08s, NLL=719.4)
            Starts 2-20... done (total: 17.09s)
            Successful: 20/20, Best NLL: 670.2, NLL range: 49.2
      Result: [!!] NLL=670.2, R2=0.37, total=17.1s

[20:39:28] [  5/6] ( 66.7%) Fitting 10004 (990 trials) | ETA: 39s
      [1/5] Counting trials... done (0.00s)
      [2/5] Preparing JAX arrays... done (0.00s)
      [3/5] Creating objective functions... done (0.01s)
      [4/5] Creating L-BFGS-B solver... done (0.00s)
      [5/5] Running 20 optimizations (L-BFGS-B)...
            Start 1/20 (JIT compiling)... done (2.05s, NLL=412.1)
            Starts 2-20... done (total: 21.68s)
            Successful: 20/20, Best NLL: 407.0, NLL range: 7.2
      Result: [OK] NLL=407.0, R2=0.63, total=21.7s

[20:39:50] [  6/6] ( 83.3%) Fitting 10005 (985 trials) | ETA: 20s
      [1/5] Counting trials... done (0.00s)
      [2/5] Preparing JAX arrays... done (0.00s)
      [3/5] Creating objective functions... done (0.01s)
      [4/5] Creating L-BFGS-B solver... done (0.00s)
      [5/5] Running 20 optimizations (L-BFGS-B)...
            Start 1/20 (JIT compiling)... done (3.90s, NLL=453.7)
            Starts 2-20... done (total: 24.59s)
            Successful: 20/20, Best NLL: 453.7, NLL range: 13.1
      Result: [!!] NLL=453.7, R2=0.58, total=24.6s
[MEMORY] FINAL: 2027.3MB (psutil)

============================================================
FITTING COMPLETE
============================================================
End time: 2026-02-05 20:40:14
Total duration: 2.2 min (130s)
Participants: 6 | Converged: 1 (17%)
JIT compilation: 21.9s | Avg steady-state: 21.0s/participant
Peak memory: 1.98GB
============================================================


============================================================
TIMING ANALYSIS & EXTRAPOLATION
============================================================
JIT compilation (1st participant): 21.9s
Steady-state per participant: 21.0s ± 2.6s

Extrapolated time for 45 participants: 15.8 min

Peak memory usage: 2027 MB
============================================================

============================================================
RESULTS
============================================================

Convergence: 1/6 (16.7%)

Group Statistics (n=1):
--------------------------------------------------
  alpha_pos   : 0.426 +/- nan  (SD=nan)
  alpha_neg   : 0.078 +/- nan  (SD=nan)
  epsilon     : 0.106 +/- nan  (SD=nan)

Model Fit:
--------------------------------------------------
  NLL         : 407.01 +/- nan
  AIC         : 820.01 +/- nan
  BIC         : 834.71 +/- nan
  PSEUDO-R²   : 0.446 +/- 0.163

Warning: Parameters hitting bounds:
  alpha_neg: 3 participants
  alpha_pos: 1 participants

============================================================
Results saved to:
  Individual fits:     output/mle/qlearning_individual_fits.csv
  Group summary:       output/mle/qlearning_group_summary.csv
  Timing log:          output/mle/qlearning_timing_log.csv
  Performance summary: output/mle/qlearning_performance_summary.json
============================================================

============================================================
STATUS: COMPLETE - 6 participants fit (1 converged, 5 did not converge)
============================================================

Completed: Thu Feb  5 08:40:15 PM AEDT 2026

============================================================
All models complete!
End time: Thu Feb  5 08:40:15 PM AEDT 2026
============================================================

Results saved to:
  output/mle/*_individual_fits.csv
  output/mle/*_group_summary.csv
============================================================
