============================================================
RLWM GPU-Accelerated MLE Fitting - M3 SLURM Job
============================================================
Job ID: 54555933
Node: m3g118
Partition: gpu
GPU(s): 0
Project: /fs04/fc37/adam/projects/rlwm_trauma_analysis/rlwm_trauma_analysis
Start time: Sun Apr  5 11:14:19 PM AEST 2026
============================================================
Activated rlwm_gpu by name

Verifying GPU access...
JAX devices: [CudaDevice(id=0)]
GPU(s) available: [CudaDevice(id=0)]

JAX cache: /scratch/fc37/aman0087/.jax_cache_gpu

Cleaning up stale checkpoints...


============================================================
Fitting model: wmrl (GPU-accelerated)
Started: Sun Apr  5 11:14:30 PM AEST 2026
============================================================
[GPU 23:14:30] util=0% mem=0/46068MB temp=43C
GPU detected: [CudaDevice(id=0)]

============================================================
MLE Fitting: WMRL
============================================================
Data: output/task_trials_long.csv
Random starts: 50
Seed: 42
Output: output/mle/
Include practice: False
Parallel workers: 1
GPU acceleration: enabled
Hessian diagnostics: enabled (adds 5-30s per participant)
============================================================

Loading data...
  Total participants in data: 157
  Excluded participants: 3 (insufficient data/duplicates)
  Final sample: 154
  Total trials: 111943

[MEMORY] START: 552.2MB (psutil)

============================================================
MLE Fitting: WMRL
============================================================
Start time: 2026-04-05 23:15:00
Participants: 154
Random starts per participant: 50
Parallel workers: 1
============================================================

Preparing participant data...
  Prepared 10/154 participants...
  Prepared 20/154 participants...
  Prepared 30/154 participants...
  Prepared 40/154 participants...
  Prepared 50/154 participants...
  Prepared 60/154 participants...
  Prepared 70/154 participants...
  Prepared 80/154 participants...
  Prepared 90/154 participants...
  Prepared 100/154 participants...
  Prepared 110/154 participants...
  Prepared 120/154 participants...
  Prepared 130/154 participants...
  Prepared 140/154 participants...
  Prepared 150/154 participants...
  Data preparation complete (13.2s)

GPU detected (cuda:0). Using vectorized GPU fitting path.


============================================================
GPU-Vectorized MLE Fitting: WMRL
============================================================
Start time: 2026-04-05 23:15:13
Participants: 154
Random starts per participant: 50
Method: jaxopt.LBFGS + jax.vmap (fully vectorized)
============================================================

Stage 1: Preparing and stacking participant data...
  Stacked data shape: (154, 17, 100) (5.7s)
Stage 2: Generating unconstrained starting points...
  Starting points: (50, 6)
Stage 3: Building vmapped optimizer...
Stage 4: Running GPU-vectorized fitting (JIT compiling + executing)...
[MEMORY] PRE-GPU-FIT: 2300.4MB (psutil)
[GPU 23:19:30] util=100% mem=34567/46068MB temp=44C
[GPU 23:24:30] util=100% mem=34567/46068MB temp=44C
[GPU 23:29:31] util=100% mem=34567/46068MB temp=44C
[GPU 23:34:31] util=100% mem=34567/46068MB temp=44C
[GPU 23:39:31] util=100% mem=34567/46068MB temp=44C
[GPU 23:44:31] util=100% mem=34567/46068MB temp=44C
[GPU 23:49:31] util=100% mem=34567/46068MB temp=44C
[GPU 23:54:31] util=100% mem=34567/46068MB temp=46C
[GPU 23:59:31] util=100% mem=34567/46068MB temp=50C
[GPU 00:04:31] util=100% mem=34567/46068MB temp=55C
[GPU 00:09:31] util=100% mem=34567/46068MB temp=46C
[GPU 00:14:31] util=100% mem=34567/46068MB temp=47C
[GPU 00:19:31] util=100% mem=34567/46068MB temp=47C
[GPU 00:24:31] util=100% mem=34567/46068MB temp=47C
[GPU 00:29:31] util=100% mem=34567/46068MB temp=47C
[GPU 00:34:31] util=100% mem=34567/46068MB temp=47C
[GPU 00:39:31] util=100% mem=34567/46068MB temp=47C
[GPU 00:44:31] util=100% mem=34567/46068MB temp=47C
[GPU 00:49:31] util=100% mem=34567/46068MB temp=47C
[GPU 00:54:31] util=100% mem=34567/46068MB temp=46C
[GPU 00:59:31] util=100% mem=34567/46068MB temp=47C
[GPU 01:04:31] util=100% mem=34567/46068MB temp=46C
[GPU 01:09:32] util=100% mem=34567/46068MB temp=46C
[GPU 01:14:32] util=100% mem=34567/46068MB temp=46C
[GPU 01:19:32] util=100% mem=34567/46068MB temp=46C
[GPU 01:24:32] util=100% mem=34567/46068MB temp=47C
[GPU 01:29:32] util=100% mem=34567/46068MB temp=46C
[GPU 01:34:32] util=100% mem=34567/46068MB temp=47C
[GPU 01:39:32] util=100% mem=34567/46068MB temp=46C
[GPU 01:44:32] util=100% mem=34567/46068MB temp=47C
[GPU 01:49:32] util=100% mem=34567/46068MB temp=46C
[GPU 01:54:32] util=100% mem=34567/46068MB temp=47C
[GPU 01:59:32] util=100% mem=34567/46068MB temp=47C
[GPU 02:04:32] util=100% mem=34567/46068MB temp=47C
[GPU 02:09:32] util=100% mem=34567/46068MB temp=46C
[GPU 02:14:32] util=100% mem=34567/46068MB temp=46C
[GPU 02:19:32] util=100% mem=34567/46068MB temp=46C
[GPU 02:24:32] util=100% mem=34567/46068MB temp=47C
[GPU 02:29:32] util=100% mem=34567/46068MB temp=46C
[GPU 02:34:32] util=100% mem=34567/46068MB temp=46C
[GPU 02:39:32] util=100% mem=34567/46068MB temp=46C
[GPU 02:44:32] util=100% mem=34567/46068MB temp=47C
[GPU 02:49:32] util=100% mem=34567/46068MB temp=47C
[GPU 02:54:32] util=100% mem=34567/46068MB temp=46C
[GPU 02:59:32] util=100% mem=34567/46068MB temp=46C
[GPU 03:04:32] util=100% mem=34567/46068MB temp=47C
[GPU 03:09:32] util=100% mem=34567/46068MB temp=47C
[GPU 03:14:32] util=100% mem=34567/46068MB temp=47C
[GPU 03:19:33] util=100% mem=34567/46068MB temp=47C
[GPU 03:24:33] util=100% mem=34567/46068MB temp=47C
[GPU 03:29:33] util=100% mem=34567/46068MB temp=47C
[GPU 03:34:33] util=100% mem=34567/46068MB temp=47C
[GPU 03:39:33] util=100% mem=34567/46068MB temp=47C
[GPU 03:44:33] util=100% mem=34567/46068MB temp=47C
[GPU 03:49:33] util=100% mem=34567/46068MB temp=47C
[MEMORY] POST-GPU-FIT: 2368.4MB (psutil)
  GPU fitting complete: 16541.0s
  Output shapes: params=(154, 50, 6), nlls=(154, 50)
Stage 5: Selecting best results and transforming parameters...
Stage 6: Building result dictionaries...
Stage 7: Computing Hessian diagnostics (sequential)...
    Hessian: 10/154 done
    Hessian: 20/154 done
    Hessian: 30/154 done
    Hessian: 40/154 done
    Hessian: 50/154 done
[GPU 03:54:33] util=0% mem=34567/46068MB temp=36C
    Hessian: 60/154 done
    Hessian: 70/154 done
    Hessian: 80/154 done
    Hessian: 90/154 done
    Hessian: 100/154 done
    Hessian: 110/154 done
    Hessian: 120/154 done
[GPU 03:59:33] util=0% mem=34567/46068MB temp=36C
    Hessian: 130/154 done
    Hessian: 140/154 done
    Hessian: 150/154 done
  Hessian diagnostics complete: 85/154 successful (629.8s)

============================================================
GPU FITTING COMPLETE
============================================================
Total duration: 17180.0s (286.3min)
  GPU optimization: 16541.0s
Participants: 154 | Converged: 67 (44%)
Peak memory: 2.31GB
============================================================


============================================================
RESULTS
============================================================

Convergence: 67/154 (43.5%)

Group Statistics (n=67):
--------------------------------------------------
  alpha_pos   : 0.035 +/- 0.013  (SD=0.110)
  alpha_neg   : 0.020 +/- 0.015  (SD=0.124)
  phi         : 0.288 +/- 0.025  (SD=0.206)
  rho         : 0.765 +/- 0.031  (SD=0.254)
  capacity    : 3.214 +/- 0.194  (SD=1.590)
  epsilon     : 0.106 +/- 0.016  (SD=0.131)

Model Fit:
--------------------------------------------------
  NLL         : 490.02 +/- 16.10
  AIC         : 992.05 +/- 32.20
  BIC         : 1019.41 +/- 32.20
  PSEUDO-R²   : 0.380 +/- 0.164

Hessian Diagnostics:
--------------------------------------------------
  Successfully computed: 85/154
  Median condition number: 897947904.0
  Warning: 91 participants with condition > 1000 (identifiability issues)

Warning: Parameters hitting bounds:
  alpha_pos: 42 participants
  alpha_neg: 91 participants
  phi: 11 participants
  rho: 20 participants
  epsilon: 28 participants
  capacity: 3 participants

============================================================
Results saved to:
  Individual fits:     output/mle/wmrl_individual_fits.csv
  Group summary:       output/mle/wmrl_group_summary.csv
  Timing log:          output/mle/wmrl_timing_log.csv
  Performance summary: output/mle/wmrl_performance_summary.json
============================================================

============================================================
STATUS: PARTIAL - 93/154 participants fit, 61 FAILED
  Failed participants: [10002, 10003, 10004, 10005, 10006, 10007, 10016, 10017, 10018, 10028]...
============================================================

Completed: Mon Apr  6 04:01:40 AM AEST 2026 (exit code: 0)

============================================================
All models complete!
End time: Mon Apr  6 04:01:40 AM AEST 2026
============================================================

Results saved to:
  output/mle/*_individual_fits.csv
  output/mle/*_group_summary.csv
============================================================

============================================================
JOB RESOURCE REPORT
============================================================
Job ID: 54555933
Node: m3g118

GPU Info:
  Model:       NVIDIA L40S
  VRAM Total:   46068 MiB
  VRAM Used:    0 MiB
  VRAM Free:    45468 MiB
  Utilization:  0 %
  Temperature:  36

SLURM Accounting:
            54555933   04:47:23                              64G          4      RUNNING 
      54555933.batch   04:47:23                                           4      RUNNING 
     54555933.extern   04:47:23                                           4      RUNNING 

For detailed stats after completion:
  jobstats 54555933
============================================================
