
EnvironmentNameNotFound: Could not find conda environment: rlwm
You can list all discoverable environments with `conda info --envs`.


[Parallel(n_jobs=8)]: Using backend LokyBackend with 8 concurrent workers.
E0201 09:06:37.119947  358347 execution_engine.cc:54] LLVM compilation error: Cannot allocate memory
2026-02-01 09:06:37.120491: E external/xla/xla/backends/cpu/codegen/contiguous_section_memory_manager.cc:101] allocateMappedMemory failed with error: Cannot allocate memory
2026-02-01 09:06:37.129640: E external/xla/xla/backends/cpu/codegen/contiguous_section_memory_manager.cc:139] Failed to satisfy suballocation request for 51
LLVM ERROR: Unable to allocate section memory!
2026-02-01 09:06:37.129721: E external/xla/xla/backends/cpu/codegen/contiguous_section_memory_manager.cc:101] allocateMappedMemory failed with error: Cannot allocate memory
2026-02-01 09:06:37.129746: E external/xla/xla/backends/cpu/codegen/contiguous_section_memory_manager.cc:139] Failed to satisfy suballocation request for 140
LLVM ERROR: Unable to allocate section memory!
2026-02-01 09:06:37.129771: E external/xla/xla/backends/cpu/codegen/contiguous_section_memory_manager.cc:101] allocateMappedMemory failed with error: Cannot allocate memory
2026-02-01 09:06:37.129801: E external/xla/xla/backends/cpu/codegen/contiguous_section_memory_manager.cc:139] Failed to satisfy suballocation request for 732
LLVM ERROR: Unable to allocate section memory!
Fatal Python error: Aborted

Thread 0x00007f1c685dc740 (most recent call first):
  File "/scratch/fc37/aman0087/conda/envs/rlwm/lib/python3.10/site-packages/jax/_src/compiler.py", line 385 in backend_compile_and_load
  File "/scratch/fc37/aman0087/conda/envs/rlwm/lib/python3.10/site-packages/jax/_src/profiler.py", line 354 in wrapper
  File "/scratch/fc37/aman0087/conda/envs/rlwm/lib/python3.10/site-packages/jax/_src/compiler.py", line 768 in _compile_and_write_cache
  File "/scratch/fc37/aman0087/conda/envs/rlwm/lib/python3.10/site-packages/jax/_src/compiler.py", line 500 in compile_or_get_cached
  File "/scratch/fc37/aman0087/conda/envs/rlwm/lib/python3.10/site-packages/jax/_src/interpreters/pxla.py", line 2743 in _cached_compilation
  File "/scratch/fc37/aman0087/conda/envs/rlwm/lib/python3.10/site-packages/jax/_src/interpreters/pxla.py", line 2952 in from_hlo
  File "/scratch/fc37/aman0087/conda/envs/rlwm/lib/python3.10/site-packages/jax/_src/interpreters/pxla.py", line 2410 in compile
  File "/scratch/fc37/aman0087/conda/envs/rlwm/lib/python3.10/site-packages/jax/_src/pjit.py", line 1855 in _pjit_call_impl_python
  File "/scratch/fc37/aman0087/conda/envs/rlwm/lib/python3.10/site-packages/jax/_src/pjit.py", line 153 in _python_pjit_helper
  File "/scratch/fc37/aman0087/conda/envs/rlwm/lib/python3.10/site-packages/jax/_src/pjit.py", line 292 in cache_miss
  File "/scratch/fc37/aman0087/conda/envs/rlwm/lib/python3.10/site-packages/jax/_src/traceback_util.py", line 182 in reraise_with_filtered_traceback
  File "/scratch/fc37/aman0087/conda/envs/rlwm/lib/python3.10/site-packages/jax/_src/dispatch.py", line 91 in apply_primitive
  File "/scratch/fc37/aman0087/conda/envs/rlwm/lib/python3.10/site-packages/jax/_src/core.py", line 1066 in process_primitive
  File "/scratch/fc37/aman0087/conda/envs/rlwm/lib/python3.10/site-packages/jax/_src/core.py", line 562 in bind_with_trace
  File "/scratch/fc37/aman0087/conda/envs/rlwm/lib/python3.10/site-packages/jax/_src/core.py", line 552 in _true_bind
  File "/scratch/fc37/aman0087/conda/envs/rlwm/lib/python3.10/site-packages/jax/_src/core.py", line 536 in bind
  File "/scratch/fc37/aman0087/conda/envs/rlwm/lib/python3.10/site-packages/jax/_src/lax/control_flow/loops.py", line 370 in scan
  File "/scratch/fc37/aman0087/conda/envs/rlwm/lib/python3.10/site-packages/jax/_src/traceback_util.py", line 182 in reraise_with_filtered_traceback
  File "/fs04/fc37/adam/projects/rlwm_trauma_analysis/rlwm_trauma_analysis/scripts/fitting/jax_likelihoods.py", line 838 in wmrl_m3_block_likelihood
  File "/fs04/fc37/adam/projects/rlwm_trauma_analysis/rlwm_trauma_analysis/scripts/fitting/jax_likelihoods.py", line 1039 in wmrl_m3_multiblock_likelihood
  File "/fs04/fc37/adam/projects/rlwm_trauma_analysis/rlwm_trauma_analysis/scripts/fitting/fit_mle.py", line 211 in objective
  File "/fs04/fc37/adam/projects/rlwm_trauma_analysis/rlwm_trauma_analysis/scripts/fitting/fit_mle.py", line 319 in fit_participant_mle
  File "/fs04/fc37/adam/projects/rlwm_trauma_analysis/rlwm_trauma_analysis/scripts/fitting/fit_mle.py", line 450 in _fit_single_participant_worker
  File "/scratch/fc37/aman0087/conda/envs/rlwm/lib/python3.10/site-packages/joblib/parallel.py", line 607 in <listcomp>
  File "/scratch/fc37/aman0087/conda/envs/rlwm/lib/python3.10/site-packages/joblib/parallel.py", line 607 in __call__
  File "/scratch/fc37/aman0087/conda/envs/rlwm/lib/python3.10/site-packages/joblib/externals/loky/process_executor.py", line 291 in __call__
  File "/scratch/fc37/aman0087/conda/envs/rlwm/lib/python3.10/site-packages/joblib/externals/loky/process_executor.py", line 490 in _process_worker
  File "/scratch/fc37/aman0087/conda/envs/rlwm/lib/python3.10/multiprocessing/process.py", line 108 in run
  File "/scratch/fc37/aman0087/conda/envs/rlwm/lib/python3.10/multiprocessing/process.py", line 314 in _bootstrap
  File "/scratch/fc37/aman0087/conda/envs/rlwm/lib/python3.10/site-packages/joblib/externals/loky/backend/popen_loky_posix.py", line 180 in <module>
  File "/scratch/fc37/aman0087/conda/envs/rlwm/lib/python3.10/runpy.py", line 86 in _run_code
  File "/scratch/fc37/aman0087/conda/envs/rlwm/lib/python3.10/runpy.py", line 196 in _run_module_as_main

Extension modules: psutil._psutil_linux, numpy._core._multiarray_umath, numpy.linalg._umath_linalg, numpy.random._common, numpy.random.bit_generator, numpy.random._bounded_integers, numpy.random._mt19937, numpy.random.mtrand, numpy.random._philox, numpy.random._pcg64, numpy.random._sfc64, numpy.random._generator, jaxlib.cpu_feature_guard, scipy._lib._ccallback_c, scipy.sparse._sparsetools, _csparsetools, scipy.sparse._csparsetools, scipy.linalg._fblas, scipy.linalg._flapack, scipy.linalg.cython_lapack, scipy.linalg._cythonized_array_utils, scipy.linalg._solve_toeplitz, scipy.linalg._decomp_lu_cython, scipy.linalg._matfuncs_sqrtm_triu, scipy.linalg._matfuncs_expm, scipy.linalg._linalg_pythran, scipy.linalg.cython_blas, scipy.linalg._decomp_update, scipy.sparse.linalg._dsolve._superlu, scipy.sparse.linalg._eigen.arpack._arpack, scipy.sparse.linalg._propack._spropack, scipy.sparse.linalg._propack._dpropack, scipy.sparse.linalg._propack._cpropack, scipy.sparse.linalg._propack._zpropack, scipy.sparse.csgraph._tools, scipy.sparse.csgraph._shortest_path, scipy.sparse.csgraph._traversal, scipy.sparse.csgraph._min_spanning_tree, scipy.sparse.csgraph._flow, scipy.sparse.csgraph._matching, scipy.sparse.csgraph._reordering, scipy.spatial._ckdtree, scipy._lib.messagestream, scipy.spatial._qhull, scipy.spatial._voronoi, scipy.spatial._distance_wrap, scipy.spatial._hausdorff, scipy.special._ufuncs_cxx, scipy.special._ufuncs, scipy.special._specfun, scipy.special._comb, scipy.special._ellip_harm_2, scipy.spatial.transform._rotation, scipy.optimize._group_columns, scipy.optimize._trlib._trlib, scipy.optimize._lbfgsb, _moduleTNC, scipy.optimize._moduleTNC, scipy.optimize._cobyla, scipy.optimize._slsqp, scipy.optimize._minpack, scipy.optimize._lsq.givens_elimination, scipy.optimize._zeros, scipy.optimize._cython_nnls, scipy._lib._uarray._uarray, scipy.linalg._decomp_interpolative, scipy.optimize._bglu_dense, scipy.optimize._lsap, scipy.optimize._direct, scipy.integrate._odepack, scipy.integrate._quadpack, scipy.integrate._vode, scipy.integrate._dop, scipy.integrate._lsoda, scipy.interpolate._fitpack, scipy.interpolate._dfitpack, scipy.interpolate._dierckx, scipy.interpolate._ppoly, scipy.interpolate._interpnd, scipy.interpolate._rbfinterp_pythran, scipy.interpolate._rgi_cython, scipy.interpolate._bspl, scipy.special.cython_special, scipy.stats._stats, scipy.stats._sobol, scipy.stats._qmc_cy, scipy.stats._biasedurn, scipy.stats._stats_pythran, scipy.stats._levy_stable.levyst, scipy.stats._ansari_swilk_statistics, scipy.stats._mvn, scipy.stats._rcont.rcont, scipy.ndimage._nd_image, scipy.ndimage._rank_filter_1d, _ni_label, scipy.ndimage._ni_label (total: 96)
Traceback (most recent call last):
  File "/fs04/fc37/adam/projects/rlwm_trauma_analysis/rlwm_trauma_analysis/scripts/fitting/fit_mle.py", line 947, in <module>
    main()
  File "/fs04/fc37/adam/projects/rlwm_trauma_analysis/rlwm_trauma_analysis/scripts/fitting/fit_mle.py", line 824, in main
    fits_df, timing_info = fit_all_participants(
  File "/fs04/fc37/adam/projects/rlwm_trauma_analysis/rlwm_trauma_analysis/scripts/fitting/fit_mle.py", line 557, in fit_all_participants
    results = Parallel(
  File "/scratch/fc37/aman0087/conda/envs/rlwm/lib/python3.10/site-packages/joblib/parallel.py", line 2072, in __call__
    return output if self.return_generator else list(output)
  File "/scratch/fc37/aman0087/conda/envs/rlwm/lib/python3.10/site-packages/joblib/parallel.py", line 1682, in _get_outputs
    yield from self._retrieve()
  File "/scratch/fc37/aman0087/conda/envs/rlwm/lib/python3.10/site-packages/joblib/parallel.py", line 1784, in _retrieve
    self._raise_error_fast()
  File "/scratch/fc37/aman0087/conda/envs/rlwm/lib/python3.10/site-packages/joblib/parallel.py", line 1859, in _raise_error_fast
    error_job.get_result(self.timeout)
  File "/scratch/fc37/aman0087/conda/envs/rlwm/lib/python3.10/site-packages/joblib/parallel.py", line 758, in get_result
    return self._return_or_raise()
  File "/scratch/fc37/aman0087/conda/envs/rlwm/lib/python3.10/site-packages/joblib/parallel.py", line 773, in _return_or_raise
    raise self._result
joblib.externals.loky.process_executor.TerminatedWorkerError: A worker process managed by the executor was unexpectedly terminated. This could be caused by a segmentation fault while calling the function or by an excessive memory usage causing the Operating System to kill the worker.

The exit codes of the workers are {SIGABRT(-6)}
Detailed tracebacks of the workers should have been printed to stderr in the executor process if faulthandler was not disabled.
