E0204 02:46:48.455044 1761666 execution_engine.cc:54] LLVM compilation error: Cannot allocate memory
E0204 02:46:48.454949 1761674 execution_engine.cc:54] LLVM compilation error: Cannot allocate memory
E0204 02:46:48.456433 1761678 execution_engine.cc:54] LLVM compilation error: Cannot allocate memory
E0204 02:46:48.456821 1761680 execution_engine.cc:54] LLVM compilation error: Cannot allocate memory
E0204 02:46:48.456974 1761677 execution_engine.cc:54] LLVM compilation error: Cannot allocate memory
E0204 02:46:48.457392 1761679 execution_engine.cc:54] LLVM compilation error: Cannot allocate memory
E0204 02:46:48.457736 1761668 execution_engine.cc:54] LLVM compilation error: Cannot allocate memory
E0204 02:46:48.458442 1761681 execution_engine.cc:54] LLVM compilation error: Cannot allocate memory
E0204 02:46:48.458525 1761667 execution_engine.cc:54] LLVM compilation error: Cannot allocate memory
E0204 02:46:48.458709 1761672 execution_engine.cc:54] LLVM compilation error: Cannot allocate memory
E0204 02:46:48.458802 1761669 execution_engine.cc:54] LLVM compilation error: Cannot allocate memory
E0204 02:46:48.459441 1761675 execution_engine.cc:54] LLVM compilation error: Cannot allocate memory
E0204 02:46:48.459512 1761671 execution_engine.cc:54] LLVM compilation error: Cannot allocate memory
E0204 02:46:48.459560 1761670 execution_engine.cc:54] LLVM compilation error: Cannot allocate memory
E0204 02:46:48.459828 1761673 execution_engine.cc:54] LLVM compilation error: Cannot allocate memory
E0204 02:46:48.460168 1761674 execution_engine.cc:54] LLVM compilation error: Cannot allocate memory
E0204 02:46:48.460532 1761666 execution_engine.cc:54] LLVM compilation error: Cannot allocate memory
E0204 02:46:48.460836 1761678 execution_engine.cc:54] LLVM compilation error: Cannot allocate memory
E0204 02:46:48.460972 1761676 execution_engine.cc:54] LLVM compilation error: Cannot allocate memory
E0204 02:46:48.461169 1761680 execution_engine.cc:54] LLVM compilation error: Cannot allocate memory
E0204 02:46:48.463359 1761677 execution_engine.cc:54] LLVM compilation error: Cannot allocate memory
E0204 02:46:50.984635 1761667 execution_engine.cc:54] LLVM compilation error: Cannot allocate memory
E0204 02:46:50.984929 1761681 execution_engine.cc:54] LLVM compilation error: Cannot allocate memory
E0204 02:46:50.985267 1761679 contiguous_section_memory_manager.cc:101] allocateMappedMemory failed with error: Cannot allocate memory
E0204 02:46:50.985371 1761673 contiguous_section_memory_manager.cc:101] allocateMappedMemory failed with error: Cannot allocate memory
E0204 02:46:50.985545 1761679 contiguous_section_memory_manager.cc:139] Failed to satisfy suballocation request for 56
LLVM ERROR: Unable to allocate section memory!
E0204 02:46:50.985581 1761673 contiguous_section_memory_manager.cc:139] Failed to satisfy suballocation request for 68
LLVM ERROR: Unable to allocate section memory!
E0204 02:46:50.985618 1761671 execution_engine.cc:54] LLVM compilation error: Cannot allocate memory
E0204 02:46:50.985662 1761675 execution_engine.cc:54] LLVM compilation error: Cannot allocate memory
/var/spool/slurmd/job50971964/slurm_script: line 147: 1761625 Aborted                 (core dumped) $CMD
