============================================================
RLWM GPU-Accelerated MLE Fitting - M3 SLURM Job
============================================================
Job ID: 54605102
Node: m3g118
Partition: gpu
GPU(s): 0
Project: /fs04/fc37/adam/projects/rlwm_trauma_analysis/rlwm_trauma_analysis
Start time: Wed Apr  8 02:44:42 PM AEST 2026
============================================================
Activated rlwm_gpu by name

Verifying GPU access...
JAX devices: [CudaDevice(id=0)]
GPU(s) available: [CudaDevice(id=0)]

JAX cache: /scratch/fc37/aman0087/.jax_cache_gpu

Cleaning up stale checkpoints...


============================================================
Fitting model: wmrl_m4 (GPU-accelerated)
Started: Wed Apr  8 02:44:54 PM AEST 2026
============================================================
[GPU 14:44:54] util=0% mem=0/46068MB temp=32C
GPU detected: [CudaDevice(id=0)]

============================================================
MLE Fitting: WMRL_M4
============================================================
Data: output/task_trials_long.csv
Random starts: 50
Seed: 42
Output: output/mle/
Include practice: False
Parallel workers: 1
GPU acceleration: enabled
Hessian diagnostics: enabled (adds 5-30s per participant)
============================================================

Loading data...
  Total participants in data: 157
  Excluded participants: 3 (insufficient data/duplicates)
  Final sample: 154
  Total trials: 111943

[MEMORY] START: 550.5MB (psutil)

============================================================
MLE Fitting: WMRL_M4
============================================================
Start time: 2026-04-08 14:45:15
Participants: 154
Random starts per participant: 50
Parallel workers: 1
============================================================

Preparing participant data...
  Prepared 10/154 participants...
  Prepared 20/154 participants...
  Prepared 30/154 participants...
  Prepared 40/154 participants...
  Prepared 50/154 participants...
  Prepared 60/154 participants...
  Prepared 70/154 participants...
  Prepared 80/154 participants...
  Prepared 90/154 participants...
  Prepared 100/154 participants...
  Prepared 110/154 participants...
  Prepared 120/154 participants...
  Prepared 130/154 participants...
  Prepared 140/154 participants...
  Prepared 150/154 participants...
  Data preparation complete (30.9s)

GPU detected (cuda:0). Using vectorized GPU fitting path.


============================================================
GPU-Vectorized MLE Fitting: WMRL_M4
============================================================
Start time: 2026-04-08 14:45:45
Participants: 154
Random starts per participant: 50
Method: jaxopt.LBFGS + jax.vmap (fully vectorized)
============================================================

Stage 1: Preparing and stacking participant data...
  Stacked data shape: (154, 17, 100) (8.6s)
Stage 2: Generating unconstrained starting points...
  Starting points: (50, 10)
Stage 3: Building vmapped optimizer...
Stage 4: Running GPU-vectorized fitting (JIT compiling + executing)...
[MEMORY] PRE-GPU-FIT: 3172.6MB (psutil)
[GPU 14:49:54] util=100% mem=34581/46068MB temp=63C
[GPU 14:54:54] util=100% mem=34581/46068MB temp=69C
[GPU 14:59:54] util=100% mem=34581/46068MB temp=69C
[GPU 15:04:54] util=100% mem=34581/46068MB temp=68C
[GPU 15:09:54] util=100% mem=34581/46068MB temp=68C
[GPU 15:14:54] util=100% mem=34581/46068MB temp=70C
[GPU 15:19:54] util=100% mem=34581/46068MB temp=69C
[GPU 15:24:54] util=100% mem=34581/46068MB temp=68C
[GPU 15:29:54] util=100% mem=34581/46068MB temp=68C
[GPU 15:34:54] util=100% mem=34581/46068MB temp=68C
[GPU 15:39:54] util=100% mem=34581/46068MB temp=70C
[GPU 15:44:54] util=100% mem=34581/46068MB temp=70C
[GPU 15:49:54] util=100% mem=34581/46068MB temp=70C
[GPU 15:54:54] util=100% mem=34581/46068MB temp=70C
[GPU 15:59:55] util=100% mem=34581/46068MB temp=70C
[GPU 16:04:55] util=100% mem=34581/46068MB temp=69C
[GPU 16:09:55] util=100% mem=34581/46068MB temp=68C
[GPU 16:14:55] util=100% mem=34581/46068MB temp=65C
[GPU 16:19:55] util=100% mem=34581/46068MB temp=69C
[GPU 16:24:55] util=100% mem=34581/46068MB temp=69C
[GPU 16:29:55] util=100% mem=34581/46068MB temp=68C
[GPU 16:34:55] util=100% mem=34581/46068MB temp=68C
[GPU 16:39:55] util=100% mem=34581/46068MB temp=68C
[GPU 16:44:55] util=100% mem=34581/46068MB temp=70C
[GPU 16:49:55] util=100% mem=34581/46068MB temp=69C
[GPU 16:54:55] util=100% mem=34581/46068MB temp=68C
[GPU 16:59:55] util=100% mem=34581/46068MB temp=66C
[GPU 17:04:55] util=100% mem=34581/46068MB temp=70C
[GPU 17:09:55] util=100% mem=34581/46068MB temp=70C
[GPU 17:14:55] util=100% mem=34581/46068MB temp=70C
[GPU 17:19:55] util=100% mem=34581/46068MB temp=70C
[GPU 17:24:55] util=100% mem=34581/46068MB temp=70C
[GPU 17:29:55] util=100% mem=34581/46068MB temp=70C
[GPU 17:34:55] util=100% mem=34581/46068MB temp=70C
[GPU 17:39:55] util=100% mem=34581/46068MB temp=70C
[GPU 17:44:55] util=100% mem=34581/46068MB temp=70C
[GPU 17:49:55] util=100% mem=34581/46068MB temp=70C
[GPU 17:54:55] util=100% mem=34581/46068MB temp=70C
[GPU 17:59:55] util=100% mem=34581/46068MB temp=70C
[GPU 18:04:55] util=100% mem=34581/46068MB temp=70C
[GPU 18:09:55] util=100% mem=34581/46068MB temp=70C
[GPU 18:14:55] util=100% mem=34581/46068MB temp=70C
[GPU 18:19:55] util=100% mem=34581/46068MB temp=70C
[GPU 18:24:55] util=100% mem=34581/46068MB temp=70C
[GPU 18:29:55] util=100% mem=34581/46068MB temp=70C
[GPU 18:34:55] util=100% mem=34581/46068MB temp=70C
[GPU 18:39:55] util=100% mem=34581/46068MB temp=70C
[GPU 18:44:55] util=100% mem=34581/46068MB temp=70C
[GPU 18:49:55] util=100% mem=34581/46068MB temp=70C
[GPU 18:54:55] util=100% mem=34581/46068MB temp=70C
[GPU 18:59:55] util=100% mem=34581/46068MB temp=70C
[GPU 19:04:55] util=100% mem=34581/46068MB temp=70C
[GPU 19:09:55] util=100% mem=34581/46068MB temp=70C
[GPU 19:14:55] util=100% mem=34581/46068MB temp=69C
[GPU 19:19:55] util=100% mem=34581/46068MB temp=69C
[GPU 19:24:55] util=100% mem=34581/46068MB temp=65C
[GPU 19:29:55] util=100% mem=34581/46068MB temp=70C
[GPU 19:34:55] util=100% mem=34581/46068MB temp=70C
[GPU 19:39:55] util=100% mem=34581/46068MB temp=70C
[GPU 19:44:55] util=100% mem=34581/46068MB temp=70C
[GPU 19:49:56] util=100% mem=34581/46068MB temp=70C
[GPU 19:54:56] util=100% mem=34581/46068MB temp=70C
[GPU 19:59:56] util=100% mem=34581/46068MB temp=70C
[GPU 20:04:56] util=100% mem=34581/46068MB temp=70C
[GPU 20:09:56] util=100% mem=34581/46068MB temp=70C
[GPU 20:14:56] util=100% mem=34581/46068MB temp=70C
[GPU 20:19:56] util=100% mem=34581/46068MB temp=69C
[GPU 20:24:56] util=100% mem=34581/46068MB temp=70C
[GPU 20:29:56] util=100% mem=34581/46068MB temp=70C
[GPU 20:34:56] util=100% mem=34581/46068MB temp=70C
[GPU 20:39:56] util=100% mem=34581/46068MB temp=69C
[GPU 20:44:56] util=100% mem=34581/46068MB temp=70C
[GPU 20:49:56] util=100% mem=34581/46068MB temp=70C
[GPU 20:54:56] util=100% mem=34581/46068MB temp=69C
[GPU 20:59:56] util=100% mem=34581/46068MB temp=69C
[GPU 21:04:56] util=100% mem=34581/46068MB temp=69C
[GPU 21:09:56] util=100% mem=34581/46068MB temp=69C
[GPU 21:14:56] util=100% mem=34581/46068MB temp=70C
[GPU 21:19:56] util=100% mem=34581/46068MB temp=70C
[GPU 21:24:56] util=100% mem=34581/46068MB temp=70C
[GPU 21:29:56] util=100% mem=34581/46068MB temp=69C
[GPU 21:34:56] util=100% mem=34581/46068MB temp=69C
[GPU 21:39:56] util=100% mem=34581/46068MB temp=68C
[GPU 21:44:56] util=100% mem=34581/46068MB temp=70C
[GPU 21:49:56] util=100% mem=34581/46068MB temp=68C
[GPU 21:54:56] util=100% mem=34581/46068MB temp=70C
[GPU 21:59:56] util=100% mem=34581/46068MB temp=70C
[GPU 22:04:56] util=100% mem=34581/46068MB temp=70C
[GPU 22:09:56] util=100% mem=34581/46068MB temp=70C
[GPU 22:14:56] util=100% mem=34581/46068MB temp=70C
[GPU 22:19:56] util=100% mem=34581/46068MB temp=69C
[GPU 22:24:56] util=100% mem=34581/46068MB temp=68C
[GPU 22:29:56] util=100% mem=34581/46068MB temp=68C
[GPU 22:34:56] util=100% mem=34581/46068MB temp=70C
[GPU 22:39:56] util=100% mem=34581/46068MB temp=70C
[GPU 22:44:56] util=100% mem=34581/46068MB temp=70C
[GPU 22:49:56] util=100% mem=34581/46068MB temp=69C
[GPU 22:54:56] util=100% mem=34581/46068MB temp=69C
[GPU 22:59:56] util=100% mem=34581/46068MB temp=69C
[GPU 23:04:56] util=100% mem=34581/46068MB temp=69C
[GPU 23:09:56] util=100% mem=34581/46068MB temp=69C
[GPU 23:14:56] util=100% mem=34581/46068MB temp=70C
[GPU 23:19:56] util=100% mem=34581/46068MB temp=68C
[GPU 23:24:57] util=100% mem=34581/46068MB temp=62C
[GPU 23:29:57] util=100% mem=34581/46068MB temp=70C
[GPU 23:34:57] util=100% mem=34581/46068MB temp=70C
[GPU 23:39:57] util=100% mem=34581/46068MB temp=70C
[GPU 23:44:57] util=100% mem=34581/46068MB temp=70C
[GPU 23:49:57] util=100% mem=34581/46068MB temp=70C
[GPU 23:54:57] util=100% mem=34581/46068MB temp=70C
[GPU 23:59:57] util=100% mem=34581/46068MB temp=70C
[GPU 00:04:57] util=100% mem=34581/46068MB temp=70C
[GPU 00:09:57] util=100% mem=34581/46068MB temp=70C
[GPU 00:14:57] util=100% mem=34581/46068MB temp=70C
[GPU 00:19:57] util=100% mem=34581/46068MB temp=70C
[GPU 00:24:57] util=100% mem=34581/46068MB temp=70C
[GPU 00:29:57] util=100% mem=34581/46068MB temp=70C
[GPU 00:34:57] util=100% mem=34581/46068MB temp=70C
[GPU 00:39:57] util=100% mem=34581/46068MB temp=70C
[GPU 00:44:57] util=100% mem=34581/46068MB temp=70C
[GPU 00:49:57] util=100% mem=34581/46068MB temp=70C
[GPU 00:54:57] util=100% mem=34581/46068MB temp=70C
[GPU 00:59:57] util=100% mem=34581/46068MB temp=70C
[GPU 01:04:57] util=100% mem=34581/46068MB temp=70C
[GPU 01:09:57] util=100% mem=34581/46068MB temp=70C
[GPU 01:14:57] util=100% mem=34581/46068MB temp=70C
[GPU 01:19:57] util=100% mem=34581/46068MB temp=70C
[GPU 01:24:57] util=100% mem=34581/46068MB temp=70C
[GPU 01:29:57] util=100% mem=34581/46068MB temp=70C
[GPU 01:34:57] util=100% mem=34581/46068MB temp=70C
[GPU 01:39:57] util=100% mem=34581/46068MB temp=70C
[GPU 01:44:57] util=100% mem=34581/46068MB temp=70C
[GPU 01:49:57] util=100% mem=34581/46068MB temp=70C
[GPU 01:54:57] util=100% mem=34581/46068MB temp=70C
[GPU 01:59:57] util=100% mem=34581/46068MB temp=70C
[GPU 02:04:57] util=100% mem=34581/46068MB temp=70C
[GPU 02:09:57] util=100% mem=34581/46068MB temp=70C
[GPU 02:14:57] util=100% mem=34581/46068MB temp=70C
[GPU 02:19:57] util=100% mem=34581/46068MB temp=70C
[GPU 02:24:57] util=100% mem=34581/46068MB temp=70C
[GPU 02:29:57] util=100% mem=34581/46068MB temp=70C
[GPU 02:34:57] util=100% mem=34581/46068MB temp=70C
[GPU 02:39:57] util=100% mem=34581/46068MB temp=70C
[GPU 02:44:57] util=100% mem=34581/46068MB temp=70C
[GPU 02:49:57] util=100% mem=34581/46068MB temp=70C
[GPU 02:54:57] util=100% mem=34581/46068MB temp=70C
[GPU 02:59:57] util=100% mem=34581/46068MB temp=70C
[GPU 03:04:58] util=100% mem=34581/46068MB temp=70C
[GPU 03:09:58] util=100% mem=34581/46068MB temp=70C
[GPU 03:14:58] util=100% mem=34581/46068MB temp=68C
[GPU 03:19:58] util=100% mem=34581/46068MB temp=67C
[GPU 03:24:58] util=100% mem=34581/46068MB temp=69C
[GPU 03:29:58] util=100% mem=34581/46068MB temp=66C
[GPU 03:34:58] util=100% mem=34581/46068MB temp=68C
[GPU 03:39:58] util=100% mem=34581/46068MB temp=68C
[GPU 03:44:58] util=100% mem=34581/46068MB temp=66C
[GPU 03:49:58] util=100% mem=34581/46068MB temp=66C
[GPU 03:54:58] util=100% mem=34581/46068MB temp=68C
[GPU 03:59:58] util=100% mem=34581/46068MB temp=68C
[GPU 04:04:58] util=100% mem=34581/46068MB temp=66C
[GPU 04:09:58] util=100% mem=34581/46068MB temp=67C
[GPU 04:14:58] util=100% mem=34581/46068MB temp=66C
[GPU 04:19:58] util=100% mem=34581/46068MB temp=68C
[GPU 04:24:58] util=100% mem=34581/46068MB temp=68C
[GPU 04:29:58] util=100% mem=34581/46068MB temp=54C
[GPU 04:34:58] util=100% mem=34581/46068MB temp=68C
[GPU 04:39:58] util=100% mem=34581/46068MB temp=70C
[GPU 04:44:58] util=100% mem=34581/46068MB temp=71C
[GPU 04:49:58] util=100% mem=34581/46068MB temp=70C
[GPU 04:54:58] util=100% mem=34581/46068MB temp=70C
[GPU 04:59:58] util=100% mem=34581/46068MB temp=70C
[GPU 05:04:58] util=100% mem=34581/46068MB temp=70C
[GPU 05:09:58] util=100% mem=34581/46068MB temp=70C
[GPU 05:14:58] util=100% mem=34581/46068MB temp=71C
[GPU 05:19:58] util=100% mem=34581/46068MB temp=70C
[GPU 05:24:58] util=100% mem=34581/46068MB temp=71C
[GPU 05:29:58] util=100% mem=34581/46068MB temp=70C
[GPU 05:34:58] util=100% mem=34581/46068MB temp=71C
[GPU 05:39:58] util=100% mem=34581/46068MB temp=70C
[GPU 05:44:58] util=100% mem=34581/46068MB temp=71C
[GPU 05:49:58] util=100% mem=34581/46068MB temp=71C
[GPU 05:54:58] util=100% mem=34581/46068MB temp=70C
[GPU 05:59:58] util=100% mem=34581/46068MB temp=70C
[MEMORY] POST-GPU-FIT: 3491.5MB (psutil)
  GPU fitting complete: 55062.7s
  Output shapes: params=(154, 50, 10), nlls=(154, 50)
Stage 5: Selecting best results and transforming parameters...
Stage 6: Building result dictionaries...
Stage 7: Computing Hessian diagnostics (sequential)...
    Hessian: 10/154 done
    Hessian: 20/154 done
[GPU 06:04:58] util=0% mem=34583/46068MB temp=59C
    Hessian: 30/154 done
    Hessian: 40/154 done
    Hessian: 50/154 done
    Hessian: 60/154 done
    Hessian: 70/154 done
    Hessian: 80/154 done
    Hessian: 90/154 done
    Hessian: 100/154 done
    Hessian: 110/154 done
[GPU 06:09:58] util=0% mem=34583/46068MB temp=47C
    Hessian: 120/154 done
    Hessian: 130/154 done
    Hessian: 140/154 done
    Hessian: 150/154 done
  Hessian diagnostics complete: 0/154 successful (527.4s)

============================================================
GPU FITTING COMPLETE
============================================================
Total duration: 55602.5s (926.7min)
  GPU optimization: 55062.7s
Participants: 154 | Converged: 130 (84%)
Peak memory: 3.41GB
============================================================


============================================================
RESULTS
============================================================

Convergence: 130/154 (84.4%)

Group Statistics (n=130):
--------------------------------------------------
  alpha_pos   : 0.050 +/- 0.017  (SD=0.189)
  alpha_neg   : 0.018 +/- 0.010  (SD=0.111)
  phi         : 0.316 +/- 0.020  (SD=0.223)
  rho         : 0.728 +/- 0.023  (SD=0.267)
  capacity    : 3.227 +/- 0.195  (SD=2.226)
  kappa       : 0.069 +/- 0.008  (SD=0.093)
  v_scale     : 0.482 +/- 0.008  (SD=0.087)
  A           : 0.197 +/- 0.006  (SD=0.065)
  delta       : 0.071 +/- 0.003  (SD=0.040)
  t0          : 0.069 +/- 0.003  (SD=0.038)

Model Fit:
--------------------------------------------------
  NLL         : 399.87 +/- 17.65
  AIC         : 819.74 +/- 35.29
  BIC         : 864.60 +/- 35.35
  PSEUDO-R²   : 0.483 +/- 0.270

Hessian Diagnostics:
--------------------------------------------------
  Successfully computed: 0/154

Warning: Parameters hitting bounds:
  alpha_pos: 128 participants
  alpha_neg: 146 participants
  phi: 14 participants
  kappa: 37 participants
  t0: 116 participants
  capacity: 27 participants
  rho: 69 participants
  delta: 18 participants
  A: 1 participants

============================================================
Results saved to:
  Individual fits:     output/mle/wmrl_m4_individual_fits.csv
  Group summary:       output/mle/wmrl_m4_group_summary.csv
  Timing log:          output/mle/wmrl_m4_timing_log.csv
  Performance summary: output/mle/wmrl_m4_performance_summary.json
============================================================

============================================================
STATUS: COMPLETE - 154 participants fit (130 converged, 24 did not converge)
============================================================

Completed: Thu Apr  9 06:12:35 AM AEST 2026 (exit code: 0)

============================================================
All models complete!
End time: Thu Apr  9 06:12:35 AM AEST 2026
============================================================

Results saved to:
  output/mle/*_individual_fits.csv
  output/mle/*_group_summary.csv
============================================================

============================================================
JOB RESOURCE REPORT
============================================================
Job ID: 54605102
Node: m3g118

GPU Info:
  Model:       NVIDIA L40S
  VRAM Total:   46068 MiB
  VRAM Used:    0 MiB
  VRAM Free:    45468 MiB
  Utilization:  0 %
  Temperature:  46

SLURM Accounting:
            54605102   15:27:55                              64G          4      RUNNING 
      54605102.batch   15:27:55                                           4      RUNNING 
     54605102.extern   15:27:55                                           4      RUNNING 

For detailed stats after completion:
  jobstats 54605102
============================================================
