============================================================
RLWM GPU-Accelerated MLE Fitting - M3 SLURM Job
============================================================
Job ID: 54788347
Node: m3a106
Partition: gpu
GPU(s): 0
Project: /fs04/fc37/adam/projects/rlwm_trauma_analysis/rlwm_trauma_analysis
Start time: Mon Apr 13 02:24:07 AM AEST 2026
============================================================
Activated rlwm_gpu by name

Verifying GPU access...
JAX devices: [CudaDevice(id=0)]
GPU(s) available: [CudaDevice(id=0)]

JAX cache: /scratch/fc37/aman0087/.jax_cache_gpu

Cleaning up stale checkpoints...


============================================================
Fitting model: wmrl_m5 (GPU-accelerated)
Started: Mon Apr 13 02:24:18 AM AEST 2026
============================================================
[GPU 02:24:18] util=0% mem=0/46068MB temp=29C
GPU detected: [CudaDevice(id=0)]

============================================================
MLE Fitting: WMRL_M5
============================================================
Data: output/task_trials_long.csv
Random starts: 50
Seed: 42
Output: output/mle/
Include practice: False
Parallel workers: 1
GPU acceleration: enabled
Hessian diagnostics: enabled (adds 5-30s per participant)
============================================================

Loading data...
  Total participants in data: 157
  Excluded participants: 3 (insufficient data/duplicates)
  Final sample: 154
  Total trials: 111943

[MEMORY] START: 564.5MB (psutil)

============================================================
MLE Fitting: WMRL_M5
============================================================
Start time: 2026-04-13 02:24:38
Participants: 154
Random starts per participant: 50
Parallel workers: 1
============================================================

Preparing participant data...
  Prepared 10/154 participants...
  Prepared 20/154 participants...
  Prepared 30/154 participants...
  Prepared 40/154 participants...
  Prepared 50/154 participants...
  Prepared 60/154 participants...
  Prepared 70/154 participants...
  Prepared 80/154 participants...
  Prepared 90/154 participants...
  Prepared 100/154 participants...
  Prepared 110/154 participants...
  Prepared 120/154 participants...
  Prepared 130/154 participants...
  Prepared 140/154 participants...
  Prepared 150/154 participants...
  Data preparation complete (15.3s)

GPU detected (cuda:0). Using vectorized GPU fitting path.


============================================================
GPU-Vectorized MLE Fitting: WMRL_M5
============================================================
Start time: 2026-04-13 02:24:53
Participants: 154
Random starts per participant: 50
Method: jaxopt.LBFGS + jax.vmap (fully vectorized)
============================================================

Stage 1: Preparing and stacking participant data...
  Stacked data shape: (154, 17, 100) (7.4s)
Stage 2: Generating unconstrained starting points...
  Starting points: (50, 8)
Stage 3: Building vmapped optimizer...
Stage 4: Running GPU-vectorized fitting (JIT compiling + executing)...
[MEMORY] PRE-GPU-FIT: 2310.7MB (psutil)
[GPU 02:29:18] util=100% mem=34427/46068MB temp=41C
[GPU 02:34:18] util=100% mem=34427/46068MB temp=41C
[GPU 02:39:18] util=100% mem=34427/46068MB temp=41C
[GPU 02:44:18] util=100% mem=34427/46068MB temp=41C
[GPU 02:49:18] util=100% mem=34427/46068MB temp=40C
[GPU 02:54:18] util=100% mem=34427/46068MB temp=40C
[GPU 02:59:18] util=100% mem=34427/46068MB temp=41C
[GPU 03:04:18] util=100% mem=34427/46068MB temp=44C
[GPU 03:09:18] util=100% mem=34427/46068MB temp=43C
[GPU 03:14:18] util=100% mem=34427/46068MB temp=41C
[GPU 03:19:18] util=100% mem=34427/46068MB temp=41C
[GPU 03:24:18] util=100% mem=34427/46068MB temp=41C
[GPU 03:29:18] util=100% mem=34427/46068MB temp=40C
[GPU 03:34:18] util=100% mem=34427/46068MB temp=44C
[GPU 03:39:18] util=100% mem=34427/46068MB temp=43C
[GPU 03:44:18] util=100% mem=34427/46068MB temp=41C
[GPU 03:49:18] util=100% mem=34427/46068MB temp=41C
[GPU 03:54:18] util=100% mem=34427/46068MB temp=41C
[GPU 03:59:18] util=100% mem=34427/46068MB temp=42C
[GPU 04:04:18] util=100% mem=34427/46068MB temp=43C
[GPU 04:09:18] util=100% mem=34427/46068MB temp=41C
[GPU 04:14:18] util=100% mem=34427/46068MB temp=40C
[GPU 04:19:18] util=100% mem=34427/46068MB temp=40C
[GPU 04:24:18] util=100% mem=34427/46068MB temp=41C
[GPU 04:29:18] util=100% mem=34427/46068MB temp=40C
[GPU 04:34:18] util=100% mem=34427/46068MB temp=41C
[GPU 04:39:18] util=100% mem=34427/46068MB temp=42C
[GPU 04:44:18] util=100% mem=34427/46068MB temp=42C
[GPU 04:49:18] util=100% mem=34427/46068MB temp=40C
[GPU 04:54:18] util=100% mem=34427/46068MB temp=41C
[GPU 04:59:18] util=100% mem=34427/46068MB temp=40C
[GPU 05:04:18] util=100% mem=34427/46068MB temp=42C
[GPU 05:09:18] util=100% mem=34427/46068MB temp=44C
[GPU 05:14:18] util=100% mem=34427/46068MB temp=42C
[GPU 05:19:18] util=100% mem=34427/46068MB temp=40C
[GPU 05:24:18] util=100% mem=34427/46068MB temp=41C
[GPU 05:29:19] util=100% mem=34427/46068MB temp=40C
[GPU 05:34:19] util=100% mem=34427/46068MB temp=43C
[GPU 05:39:19] util=100% mem=34427/46068MB temp=43C
[GPU 05:44:19] util=100% mem=34427/46068MB temp=41C
[GPU 05:49:19] util=100% mem=34427/46068MB temp=41C
[GPU 05:54:19] util=100% mem=34427/46068MB temp=41C
[GPU 05:59:19] util=100% mem=34427/46068MB temp=41C
[GPU 06:04:19] util=100% mem=34427/46068MB temp=41C
[GPU 06:09:19] util=100% mem=34427/46068MB temp=40C
[GPU 06:14:19] util=100% mem=34427/46068MB temp=42C
[GPU 06:19:19] util=100% mem=34427/46068MB temp=41C
[GPU 06:24:19] util=100% mem=34427/46068MB temp=41C
[GPU 06:29:19] util=100% mem=34427/46068MB temp=41C
[GPU 06:34:19] util=100% mem=34427/46068MB temp=41C
[GPU 06:39:19] util=100% mem=34427/46068MB temp=41C
[GPU 06:44:19] util=100% mem=34427/46068MB temp=40C
[GPU 06:49:19] util=100% mem=34427/46068MB temp=41C
[GPU 06:54:19] util=100% mem=34427/46068MB temp=41C
[GPU 06:59:19] util=100% mem=34427/46068MB temp=41C
[GPU 07:04:19] util=100% mem=34427/46068MB temp=41C
[GPU 07:09:19] util=100% mem=34427/46068MB temp=41C
[GPU 07:14:19] util=100% mem=34427/46068MB temp=41C
[GPU 07:19:19] util=100% mem=34427/46068MB temp=41C
[GPU 07:24:19] util=100% mem=34427/46068MB temp=41C
[GPU 07:29:19] util=100% mem=34427/46068MB temp=41C
[GPU 07:34:19] util=100% mem=34427/46068MB temp=41C
[GPU 07:39:19] util=100% mem=34427/46068MB temp=41C
[GPU 07:44:19] util=100% mem=34427/46068MB temp=41C
[GPU 07:49:19] util=100% mem=34427/46068MB temp=41C
[GPU 07:54:19] util=100% mem=34427/46068MB temp=41C
[GPU 07:59:19] util=100% mem=34427/46068MB temp=41C
[GPU 08:04:19] util=100% mem=34427/46068MB temp=41C
[GPU 08:09:19] util=100% mem=34427/46068MB temp=41C
[GPU 08:14:19] util=100% mem=34427/46068MB temp=41C
[GPU 08:19:19] util=100% mem=34427/46068MB temp=41C
[GPU 08:24:19] util=100% mem=34427/46068MB temp=41C
[GPU 08:29:19] util=100% mem=34427/46068MB temp=41C
[GPU 08:34:19] util=100% mem=34427/46068MB temp=41C
[GPU 08:39:19] util=100% mem=34427/46068MB temp=41C
[GPU 08:44:19] util=100% mem=34427/46068MB temp=41C
[GPU 08:49:19] util=100% mem=34427/46068MB temp=41C
[GPU 08:54:19] util=100% mem=34427/46068MB temp=41C
[GPU 08:59:19] util=100% mem=34427/46068MB temp=41C
[GPU 09:04:19] util=100% mem=34427/46068MB temp=41C
[GPU 09:09:20] util=100% mem=34427/46068MB temp=41C
[GPU 09:14:20] util=100% mem=34427/46068MB temp=41C
[GPU 09:19:20] util=100% mem=34427/46068MB temp=41C
[MEMORY] POST-GPU-FIT: 2495.3MB (psutil)
  GPU fitting complete: 25089.5s
  Output shapes: params=(154, 50, 8), nlls=(154, 50)
Stage 5: Selecting best results and transforming parameters...
Stage 6: Building result dictionaries...
Stage 7: Computing Hessian diagnostics (sequential)...
[GPU 09:24:20] util=0% mem=34429/46068MB temp=32C
    Hessian: 10/154 done
    Hessian: 20/154 done
    Hessian: 30/154 done
    Hessian: 40/154 done
[GPU 09:29:20] util=0% mem=34429/46068MB temp=31C
    Hessian: 50/154 done
    Hessian: 60/154 done
    Hessian: 70/154 done
    Hessian: 80/154 done
[GPU 09:34:20] util=0% mem=34429/46068MB temp=31C
    Hessian: 90/154 done
    Hessian: 100/154 done
    Hessian: 110/154 done
[GPU 09:39:20] util=0% mem=34429/46068MB temp=31C
    Hessian: 120/154 done
    Hessian: 130/154 done
    Hessian: 140/154 done
    Hessian: 150/154 done
  Hessian diagnostics complete: 148/154 successful (1246.1s)

============================================================
GPU FITTING COMPLETE
============================================================
Total duration: 26347.3s (439.1min)
  GPU optimization: 25089.5s
Participants: 154 | Converged: 120 (78%)
Peak memory: 2.44GB
============================================================


============================================================
RESULTS
============================================================

Convergence: 120/154 (77.9%)

Group Statistics (n=120):
--------------------------------------------------
  alpha_pos   : 0.079 +/- 0.017  (SD=0.187)
  alpha_neg   : 0.010 +/- 0.008  (SD=0.091)
  phi         : 0.250 +/- 0.023  (SD=0.256)
  rho         : 0.750 +/- 0.028  (SD=0.310)
  capacity    : 2.561 +/- 0.141  (SD=1.547)
  kappa       : 0.053 +/- 0.009  (SD=0.097)
  phi_rl      : 0.093 +/- 0.017  (SD=0.188)
  epsilon     : 0.050 +/- 0.005  (SD=0.053)

Model Fit:
--------------------------------------------------
  NLL         : 466.26 +/- 11.53
  AIC         : 948.51 +/- 23.05
  BIC         : 985.22 +/- 23.08
  PSEUDO-R²   : 0.423 +/- 0.147

Hessian Diagnostics:
--------------------------------------------------
  Successfully computed: 148/154
  Median condition number: 6326573312.0
  Warning: 153 participants with condition > 1000 (identifiability issues)

Warning: Parameters hitting bounds:
  alpha_neg: 149 participants
  rho: 49 participants
  kappa: 53 participants
  capacity: 15 participants
  phi: 36 participants
  epsilon: 51 participants
  alpha_pos: 18 participants
  phi_rl: 21 participants

============================================================
Results saved to:
  Individual fits:     output/mle/wmrl_m5_individual_fits.csv
  Group summary:       output/mle/wmrl_m5_group_summary.csv
  Timing log:          output/mle/wmrl_m5_timing_log.csv
  Performance summary: output/mle/wmrl_m5_performance_summary.json
============================================================

============================================================
STATUS: COMPLETE - 154 participants fit (120 converged, 34 did not converge)
============================================================

Completed: Mon Apr 13 09:44:06 AM AEST 2026 (exit code: 0)

============================================================
All models complete!
End time: Mon Apr 13 09:44:06 AM AEST 2026
============================================================

Results saved to:
  output/mle/*_individual_fits.csv
  output/mle/*_group_summary.csv
============================================================

============================================================
JOB RESOURCE REPORT
============================================================
Job ID: 54788347
Node: m3a106

GPU Info:
  Model:       NVIDIA A40
  VRAM Total:   46068 MiB
  VRAM Used:    0 MiB
  VRAM Free:    45498 MiB
  Utilization:  0 %
  Temperature:  31

SLURM Accounting:
            54788347   07:20:01                              64G          4      RUNNING 
      54788347.batch   07:20:01                                           4      RUNNING 
     54788347.extern   07:20:01                                           4      RUNNING 

For detailed stats after completion:
  jobstats 54788347
============================================================
