============================================================
RLWM Parallel MLE Fitting - M3 SLURM Job
============================================================
Job ID: 50936868
Node: m3s100
Partition: comp
CPUs requested: 16
Parallel workers: 16
Project: /fs04/fc37/adam/projects/rlwm_trauma_analysis/rlwm_trauma_analysis
Start time: Sun Feb  1 08:31:20 AM AEDT 2026
============================================================
JAX cache: /scratch/fc37/aman0087/.jax_cache

============================================================
Fitting model: wmrl_m3 (parallel with 16 workers)
Started: Sun Feb  1 08:31:20 AM AEDT 2026
============================================================
Completed: Sun Feb  1 08:31:20 AM AEDT 2026

============================================================
All models complete!
End time: Sun Feb  1 08:31:20 AM AEDT 2026
============================================================

Results saved to:
  output/mle/*_individual_fits.csv
  output/mle/*_group_summary.csv
============================================================
