============================================================
RLWM MLE Fitting - Single Model (M3)
============================================================
Job ID: 50970152
Node: m3k030
Partition: comp
Model: qlearning
Limit: 3
Start time: Wed Feb  4 12:08:49 AM AEDT 2026
============================================================
Thread settings: OMP/MKL/OPENBLAS/NUMEXPR = 4 threads each

Validating environment...
Environment OK: all packages available

Running: python scripts/fitting/fit_mle.py --model qlearning --data output/task_trials_long.csv --output output/mle/ --n-starts 20 --seed 42 --limit 3


============================================================
MLE Fitting: QLEARNING
============================================================
Data: output/task_trials_long.csv
Random starts: 20
Seed: 42
Output: output/mle/
Include practice: False
Parallel workers: 1
Limit: 3 participants (testing mode)
============================================================

Loading data...
  Total participants in data: 47
  Final sample: 47
  Total trials: 35058
  Limited to first 3 participants (testing mode)

Initial memory usage: 0.16 GB

============================================================
Starting MLE fitting: QLEARNING
============================================================
Participants: 3
Random starts per participant: 20
Parallel workers: 1
============================================================

Preparing participant data...
[  1/3] Fitting participant 10000 (988 trials)... 
============================================================
JOB RESOURCE METRICS
============================================================
Command run: sbatch cluster/run_mle_single.slurm
Model: qlearning
Limit: 3
Thread settings: OMP=4, MKL=4

========================================
SLURM JOB METRICS REPORT (Single Model)
========================================
Job ID: 50970152
Job Name: rlwm_mle_single
Node: m3k030
Partition: comp

REQUESTED RESOURCES:
  CPUs: 16
  Memory: 16384
  Time Limit: 

CONFIGURATION:
  Model: qlearning
  Limit: 3
  OMP_NUM_THREADS: 4
  MKL_NUM_THREADS: 4

TIMING:
  Start: Wed Feb  4 12:08:49 AM AEDT 2026
  End: Wed Feb  4 12:33:41 AM AEDT 2026

ACTUAL RESOURCE USAGE (sacct):
JobID           Elapsed     MaxRSS  MaxVMSize     ReqMem  AllocCPUS   TotalCPU      State 
------------ ---------- ---------- ---------- ---------- ---------- ---------- ---------- 
50970152       00:24:53                              16G         16   00:00:00    RUNNING 
50970152.ba+   00:24:53                                          16   00:00:00    RUNNING 
50970152.ex+   00:24:53                                          16   00:00:00    RUNNING 

========================================

Metrics saved to: output/mle/job_metrics_single_50970152.txt
============================================================
Complete!
End time: Wed Feb  4 12:33:41 AM AEDT 2026
============================================================
