============================================================
RLWM GPU-Accelerated MLE Fitting - M3 SLURM Job
============================================================
Job ID: 54788350
Node: m3g115
Partition: gpu
GPU(s): 0
Project: /fs04/fc37/adam/projects/rlwm_trauma_analysis/rlwm_trauma_analysis
Start time: Mon Apr 13 06:33:01 AM AEST 2026
============================================================
Activated rlwm_gpu by name

Verifying GPU access...
JAX devices: [CudaDevice(id=0)]
GPU(s) available: [CudaDevice(id=0)]

JAX cache: /scratch/fc37/aman0087/.jax_cache_gpu

Cleaning up stale checkpoints...


============================================================
Fitting model: wmrl_m4 (GPU-accelerated)
Started: Mon Apr 13 06:33:10 AM AEST 2026
============================================================
[GPU 06:33:10] util=3% mem=0/46068MB temp=39C
GPU detected: [CudaDevice(id=0)]

============================================================
MLE Fitting: WMRL_M4
============================================================
Data: output/task_trials_long.csv
Random starts: 50
Seed: 42
Output: output/mle/
Include practice: False
Parallel workers: 1
GPU acceleration: enabled
Hessian diagnostics: enabled (adds 5-30s per participant)
============================================================

Loading data...
  Total participants in data: 157
  Excluded participants: 3 (insufficient data/duplicates)
  Final sample: 154
  Total trials: 111943

[MEMORY] START: 553.5MB (psutil)

============================================================
MLE Fitting: WMRL_M4
============================================================
Start time: 2026-04-13 06:33:28
Participants: 154
Random starts per participant: 50
Parallel workers: 1
============================================================

Preparing participant data...
  Prepared 10/154 participants...
  Prepared 20/154 participants...
  Prepared 30/154 participants...
  Prepared 40/154 participants...
  Prepared 50/154 participants...
  Prepared 60/154 participants...
  Prepared 70/154 participants...
  Prepared 80/154 participants...
  Prepared 90/154 participants...
  Prepared 100/154 participants...
  Prepared 110/154 participants...
  Prepared 120/154 participants...
  Prepared 130/154 participants...
  Prepared 140/154 participants...
  Prepared 150/154 participants...
  Data preparation complete (29.0s)

GPU detected (cuda:0). Using vectorized GPU fitting path.


============================================================
GPU-Vectorized MLE Fitting: WMRL_M4
============================================================
Start time: 2026-04-13 06:33:57
Participants: 154
Random starts per participant: 50
Method: jaxopt.LBFGS + jax.vmap (fully vectorized)
============================================================

Stage 1: Preparing and stacking participant data...
  Stacked data shape: (154, 17, 100) (8.1s)
Stage 2: Generating unconstrained starting points...
  Starting points: (50, 10)
Stage 3: Building vmapped optimizer...
Stage 4: Running GPU-vectorized fitting (JIT compiling + executing)...
[MEMORY] PRE-GPU-FIT: 3173.4MB (psutil)
[GPU 06:38:10] util=100% mem=34581/46068MB temp=56C
[GPU 06:43:10] util=100% mem=34581/46068MB temp=58C
[GPU 06:48:10] util=100% mem=34581/46068MB temp=58C
[GPU 06:53:10] util=100% mem=34581/46068MB temp=60C
[GPU 06:58:10] util=100% mem=34581/46068MB temp=58C
[GPU 07:03:10] util=100% mem=34581/46068MB temp=59C
[GPU 07:08:10] util=100% mem=34581/46068MB temp=59C
[GPU 07:13:10] util=100% mem=34581/46068MB temp=59C
[GPU 07:18:10] util=100% mem=34581/46068MB temp=59C
[GPU 07:23:10] util=100% mem=34581/46068MB temp=58C
[GPU 07:28:10] util=100% mem=34581/46068MB temp=59C
[GPU 07:33:10] util=100% mem=34581/46068MB temp=59C
[GPU 07:38:10] util=100% mem=34581/46068MB temp=59C
[GPU 07:43:10] util=100% mem=34581/46068MB temp=59C
[GPU 07:48:10] util=100% mem=34581/46068MB temp=60C
[GPU 07:53:10] util=100% mem=34581/46068MB temp=60C
[GPU 07:58:10] util=100% mem=34581/46068MB temp=60C
[GPU 08:03:10] util=100% mem=34581/46068MB temp=61C
[GPU 08:08:10] util=100% mem=34581/46068MB temp=61C
[GPU 08:13:10] util=100% mem=34581/46068MB temp=60C
[GPU 08:18:10] util=100% mem=34581/46068MB temp=58C
[GPU 08:23:10] util=100% mem=34581/46068MB temp=60C
[GPU 08:28:11] util=100% mem=34581/46068MB temp=58C
[GPU 08:33:11] util=100% mem=34581/46068MB temp=58C
[GPU 08:38:11] util=100% mem=34581/46068MB temp=59C
[GPU 08:43:11] util=100% mem=34581/46068MB temp=60C
[GPU 08:48:11] util=100% mem=34581/46068MB temp=60C
[GPU 08:53:11] util=100% mem=34581/46068MB temp=59C
[GPU 08:58:11] util=100% mem=34581/46068MB temp=60C
[GPU 09:03:11] util=100% mem=34581/46068MB temp=59C
[GPU 09:08:11] util=100% mem=34581/46068MB temp=60C
[GPU 09:13:11] util=100% mem=34581/46068MB temp=61C
[GPU 09:18:11] util=100% mem=34581/46068MB temp=60C
[GPU 09:23:11] util=100% mem=34581/46068MB temp=60C
[GPU 09:28:11] util=100% mem=34581/46068MB temp=61C
[GPU 09:33:11] util=100% mem=34581/46068MB temp=59C
[GPU 09:38:11] util=100% mem=34581/46068MB temp=59C
[GPU 09:43:11] util=100% mem=34581/46068MB temp=66C
[GPU 09:48:11] util=100% mem=34581/46068MB temp=67C
[GPU 09:53:11] util=100% mem=34581/46068MB temp=67C
[GPU 09:58:11] util=100% mem=34581/46068MB temp=67C
[GPU 10:03:11] util=100% mem=34581/46068MB temp=68C
[GPU 10:08:11] util=100% mem=34581/46068MB temp=67C
[GPU 10:13:11] util=100% mem=34581/46068MB temp=68C
[GPU 10:18:11] util=100% mem=34581/46068MB temp=67C
[GPU 10:23:11] util=100% mem=34581/46068MB temp=68C
[GPU 10:28:11] util=100% mem=34581/46068MB temp=68C
[GPU 10:33:11] util=100% mem=34581/46068MB temp=68C
[GPU 10:38:11] util=100% mem=34581/46068MB temp=67C
[GPU 10:43:11] util=100% mem=34581/46068MB temp=68C
[GPU 10:48:11] util=100% mem=34581/46068MB temp=68C
[GPU 10:53:11] util=100% mem=34581/46068MB temp=67C
[GPU 10:58:11] util=100% mem=34581/46068MB temp=67C
[GPU 11:03:11] util=100% mem=34581/46068MB temp=67C
[GPU 11:08:11] util=100% mem=34581/46068MB temp=67C
[GPU 11:13:11] util=100% mem=34581/46068MB temp=67C
[GPU 11:18:11] util=100% mem=34581/46068MB temp=67C
[GPU 11:23:11] util=100% mem=34581/46068MB temp=68C
[GPU 11:28:11] util=100% mem=34581/46068MB temp=68C
[GPU 11:33:11] util=100% mem=34581/46068MB temp=67C
[GPU 11:38:11] util=100% mem=34581/46068MB temp=67C
[GPU 11:43:11] util=100% mem=34581/46068MB temp=67C
[GPU 11:48:11] util=100% mem=34581/46068MB temp=67C
[GPU 11:53:11] util=100% mem=34581/46068MB temp=68C
[GPU 11:58:11] util=100% mem=34581/46068MB temp=67C
[GPU 12:03:11] util=100% mem=34581/46068MB temp=68C
[GPU 12:08:11] util=100% mem=34581/46068MB temp=67C
[GPU 12:13:12] util=100% mem=34581/46068MB temp=67C
[GPU 12:18:12] util=100% mem=34581/46068MB temp=67C
[GPU 12:23:12] util=100% mem=34581/46068MB temp=67C
[GPU 12:28:12] util=100% mem=34581/46068MB temp=67C
[GPU 12:33:12] util=100% mem=34581/46068MB temp=67C
[GPU 12:38:12] util=100% mem=34581/46068MB temp=67C
[GPU 12:43:12] util=100% mem=34581/46068MB temp=68C
[GPU 12:48:12] util=100% mem=34581/46068MB temp=67C
[GPU 12:53:12] util=100% mem=34581/46068MB temp=68C
[GPU 12:58:12] util=100% mem=34581/46068MB temp=68C
[GPU 13:03:12] util=100% mem=34581/46068MB temp=68C
[GPU 13:08:12] util=100% mem=34581/46068MB temp=67C
[GPU 13:13:12] util=100% mem=34581/46068MB temp=68C
[GPU 13:18:12] util=100% mem=34581/46068MB temp=68C
[GPU 13:23:12] util=100% mem=34581/46068MB temp=68C
[GPU 13:28:12] util=100% mem=34581/46068MB temp=68C
[GPU 13:33:12] util=100% mem=34581/46068MB temp=67C
[GPU 13:38:12] util=100% mem=34581/46068MB temp=68C
[GPU 13:43:12] util=100% mem=34581/46068MB temp=68C
[GPU 13:48:12] util=100% mem=34581/46068MB temp=68C
[GPU 13:53:12] util=100% mem=34581/46068MB temp=68C
[GPU 13:58:12] util=100% mem=34581/46068MB temp=68C
[GPU 14:03:12] util=100% mem=34581/46068MB temp=68C
[GPU 14:08:12] util=100% mem=34581/46068MB temp=67C
[GPU 14:13:12] util=100% mem=34581/46068MB temp=67C
[GPU 14:18:12] util=100% mem=34581/46068MB temp=67C
[GPU 14:23:12] util=100% mem=34581/46068MB temp=67C
[GPU 14:28:12] util=100% mem=34581/46068MB temp=68C
[GPU 14:33:12] util=100% mem=34581/46068MB temp=68C
[GPU 14:38:12] util=100% mem=34581/46068MB temp=68C
[GPU 14:43:12] util=100% mem=34581/46068MB temp=68C
[GPU 14:48:12] util=100% mem=34581/46068MB temp=68C
[GPU 14:53:12] util=100% mem=34581/46068MB temp=68C
[GPU 14:58:12] util=100% mem=34581/46068MB temp=68C
[GPU 15:03:12] util=100% mem=34581/46068MB temp=67C
[GPU 15:08:12] util=100% mem=34581/46068MB temp=67C
[GPU 15:13:12] util=100% mem=34581/46068MB temp=68C
[GPU 15:18:12] util=100% mem=34581/46068MB temp=68C
[GPU 15:23:12] util=100% mem=34581/46068MB temp=68C
[GPU 15:28:13] util=100% mem=34581/46068MB temp=67C
[GPU 15:33:13] util=100% mem=34581/46068MB temp=67C
[GPU 15:38:13] util=100% mem=34581/46068MB temp=68C
[GPU 15:43:13] util=100% mem=34581/46068MB temp=67C
[GPU 15:48:13] util=100% mem=34581/46068MB temp=68C
[GPU 15:53:13] util=100% mem=34581/46068MB temp=68C
[GPU 15:58:13] util=100% mem=34581/46068MB temp=68C
[GPU 16:03:13] util=100% mem=34581/46068MB temp=67C
[GPU 16:08:13] util=100% mem=34581/46068MB temp=67C
[GPU 16:13:13] util=100% mem=34581/46068MB temp=68C
[GPU 16:18:13] util=100% mem=34581/46068MB temp=68C
[GPU 16:23:13] util=100% mem=34581/46068MB temp=67C
[GPU 16:28:13] util=100% mem=34581/46068MB temp=68C
[GPU 16:33:13] util=100% mem=34581/46068MB temp=68C
[GPU 16:38:13] util=100% mem=34581/46068MB temp=68C
[GPU 16:43:13] util=100% mem=34581/46068MB temp=68C
[GPU 16:48:13] util=100% mem=34581/46068MB temp=68C
[GPU 16:53:13] util=100% mem=34581/46068MB temp=68C
[GPU 16:58:13] util=100% mem=34581/46068MB temp=66C
[GPU 17:03:13] util=100% mem=34581/46068MB temp=67C
[GPU 17:08:13] util=100% mem=34581/46068MB temp=68C
[GPU 17:13:13] util=100% mem=34581/46068MB temp=67C
[GPU 17:18:13] util=100% mem=34581/46068MB temp=67C
[GPU 17:23:13] util=100% mem=34581/46068MB temp=66C
[GPU 17:28:13] util=100% mem=34581/46068MB temp=67C
[GPU 17:33:13] util=100% mem=34581/46068MB temp=65C
[GPU 17:38:13] util=100% mem=34581/46068MB temp=67C
[GPU 17:43:13] util=100% mem=34581/46068MB temp=67C
[GPU 17:48:13] util=100% mem=34581/46068MB temp=67C
[GPU 17:53:13] util=100% mem=34581/46068MB temp=67C
[GPU 17:58:13] util=100% mem=34581/46068MB temp=66C
[GPU 18:03:13] util=100% mem=34581/46068MB temp=66C
[GPU 18:08:13] util=100% mem=34581/46068MB temp=66C
[GPU 18:13:13] util=100% mem=34581/46068MB temp=66C
[GPU 18:18:13] util=100% mem=34581/46068MB temp=66C
[GPU 18:23:13] util=100% mem=34581/46068MB temp=67C
[GPU 18:28:13] util=100% mem=34581/46068MB temp=65C
[GPU 18:33:13] util=100% mem=34581/46068MB temp=66C
