============================================================
RLWM GPU-Accelerated MLE Fitting - M3 SLURM Job
============================================================
Job ID: 54788345
Node: m3g111
Partition: gpu
GPU(s): 0
Project: /fs04/fc37/adam/projects/rlwm_trauma_analysis/rlwm_trauma_analysis
Start time: Mon Apr 13 01:16:39 AM AEST 2026
============================================================
Activated rlwm_gpu by name

Verifying GPU access...
JAX devices: [CudaDevice(id=0)]
GPU(s) available: [CudaDevice(id=0)]

JAX cache: /scratch/fc37/aman0087/.jax_cache_gpu

Cleaning up stale checkpoints...


============================================================
Fitting model: wmrl (GPU-accelerated)
Started: Mon Apr 13 01:16:40 AM AEST 2026
============================================================
[GPU 01:16:40] util=3% mem=0/46068MB temp=55C
GPU detected: [CudaDevice(id=0)]

============================================================
MLE Fitting: WMRL
============================================================
Data: output/task_trials_long.csv
Random starts: 50
Seed: 42
Output: output/mle/
Include practice: False
Parallel workers: 1
GPU acceleration: enabled
Hessian diagnostics: enabled (adds 5-30s per participant)
============================================================

Loading data...
  Total participants in data: 157
  Excluded participants: 3 (insufficient data/duplicates)
  Final sample: 154
  Total trials: 111943

[MEMORY] START: 548.5MB (psutil)

============================================================
MLE Fitting: WMRL
============================================================
Start time: 2026-04-13 01:16:42
Participants: 154
Random starts per participant: 50
Parallel workers: 1
============================================================

Preparing participant data...
  Prepared 10/154 participants...
  Prepared 20/154 participants...
  Prepared 30/154 participants...
  Prepared 40/154 participants...
  Prepared 50/154 participants...
  Prepared 60/154 participants...
  Prepared 70/154 participants...
  Prepared 80/154 participants...
  Prepared 90/154 participants...
  Prepared 100/154 participants...
  Prepared 110/154 participants...
  Prepared 120/154 participants...
  Prepared 130/154 participants...
  Prepared 140/154 participants...
  Prepared 150/154 participants...
  Data preparation complete (12.5s)

GPU detected (cuda:0). Using vectorized GPU fitting path.


============================================================
GPU-Vectorized MLE Fitting: WMRL
============================================================
Start time: 2026-04-13 01:16:55
Participants: 154
Random starts per participant: 50
Method: jaxopt.LBFGS + jax.vmap (fully vectorized)
============================================================

Stage 1: Preparing and stacking participant data...
  Stacked data shape: (154, 17, 100) (5.2s)
Stage 2: Generating unconstrained starting points...
  Starting points: (50, 6)
Stage 3: Building vmapped optimizer...
Stage 4: Running GPU-vectorized fitting (JIT compiling + executing)...
[MEMORY] PRE-GPU-FIT: 2296.4MB (psutil)
[GPU 01:21:40] util=100% mem=34567/46068MB temp=64C
[GPU 01:26:40] util=100% mem=34567/46068MB temp=63C
[GPU 01:31:40] util=100% mem=34567/46068MB temp=64C
[GPU 01:36:40] util=100% mem=34567/46068MB temp=66C
[GPU 01:41:40] util=100% mem=34567/46068MB temp=65C
[GPU 01:46:40] util=100% mem=34567/46068MB temp=63C
[GPU 01:51:40] util=100% mem=34567/46068MB temp=63C
[GPU 01:56:40] util=100% mem=34567/46068MB temp=63C
[GPU 02:01:40] util=100% mem=34567/46068MB temp=62C
[GPU 02:06:40] util=100% mem=34567/46068MB temp=61C
[GPU 02:11:41] util=100% mem=34567/46068MB temp=63C
[GPU 02:16:41] util=100% mem=34567/46068MB temp=64C
[GPU 02:21:41] util=100% mem=34567/46068MB temp=65C
[GPU 02:26:41] util=100% mem=34567/46068MB temp=65C
[GPU 02:31:41] util=100% mem=34567/46068MB temp=63C
[GPU 02:36:41] util=100% mem=34567/46068MB temp=64C
[GPU 02:41:41] util=100% mem=34567/46068MB temp=64C
[GPU 02:46:41] util=100% mem=34567/46068MB temp=64C
[GPU 02:51:41] util=100% mem=34567/46068MB temp=60C
[GPU 02:56:41] util=100% mem=34567/46068MB temp=62C
[GPU 03:01:41] util=100% mem=34567/46068MB temp=65C
[GPU 03:06:41] util=100% mem=34567/46068MB temp=65C
[GPU 03:11:41] util=100% mem=34567/46068MB temp=65C
[GPU 03:16:41] util=100% mem=34567/46068MB temp=63C
[GPU 03:21:41] util=100% mem=34567/46068MB temp=63C
[GPU 03:26:41] util=100% mem=34567/46068MB temp=63C
[GPU 03:31:41] util=100% mem=34567/46068MB temp=62C
[GPU 03:36:41] util=100% mem=34567/46068MB temp=64C
[GPU 03:41:41] util=100% mem=34567/46068MB temp=64C
[GPU 03:46:41] util=100% mem=34567/46068MB temp=64C
[GPU 03:51:41] util=100% mem=34567/46068MB temp=64C
[GPU 03:56:41] util=100% mem=34567/46068MB temp=59C
[GPU 04:01:42] util=100% mem=34567/46068MB temp=63C
[GPU 04:06:42] util=100% mem=34567/46068MB temp=63C
[GPU 04:11:42] util=100% mem=34567/46068MB temp=62C
[GPU 04:16:42] util=100% mem=34567/46068MB temp=62C
[GPU 04:21:42] util=100% mem=34567/46068MB temp=63C
[GPU 04:26:42] util=100% mem=34567/46068MB temp=63C
[GPU 04:31:42] util=100% mem=34567/46068MB temp=64C
[GPU 04:36:42] util=100% mem=34567/46068MB temp=63C
[GPU 04:41:42] util=100% mem=34567/46068MB temp=64C
[GPU 04:46:42] util=100% mem=34567/46068MB temp=61C
[GPU 04:51:42] util=100% mem=34567/46068MB temp=62C
[GPU 04:56:42] util=100% mem=34567/46068MB temp=62C
[GPU 05:01:42] util=100% mem=34567/46068MB temp=62C
[GPU 05:06:42] util=100% mem=34567/46068MB temp=63C
[GPU 05:11:42] util=100% mem=34567/46068MB temp=64C
[GPU 05:16:42] util=100% mem=34567/46068MB temp=65C
[GPU 05:21:42] util=100% mem=34567/46068MB temp=61C
[GPU 05:26:42] util=100% mem=34567/46068MB temp=62C
[GPU 05:31:42] util=100% mem=34567/46068MB temp=62C
[GPU 05:36:42] util=100% mem=34567/46068MB temp=61C
[GPU 05:41:42] util=100% mem=34567/46068MB temp=62C
[GPU 05:46:42] util=100% mem=34567/46068MB temp=61C
[GPU 05:51:42] util=100% mem=34567/46068MB temp=64C
[MEMORY] POST-GPU-FIT: 2367.3MB (psutil)
  GPU fitting complete: 16537.7s
  Output shapes: params=(154, 50, 6), nlls=(154, 50)
Stage 5: Selecting best results and transforming parameters...
Stage 6: Building result dictionaries...
Stage 7: Computing Hessian diagnostics (sequential)...
    Hessian: 10/154 done
    Hessian: 20/154 done
    Hessian: 30/154 done
    Hessian: 40/154 done
    Hessian: 50/154 done
    Hessian: 60/154 done
    Hessian: 70/154 done
    Hessian: 80/154 done
    Hessian: 90/154 done
    Hessian: 100/154 done
    Hessian: 110/154 done
[GPU 05:56:42] util=0% mem=34567/46068MB temp=48C
    Hessian: 120/154 done
    Hessian: 130/154 done
    Hessian: 140/154 done
    Hessian: 150/154 done
  Hessian diagnostics complete: 146/154 successful (336.4s)

============================================================
GPU FITTING COMPLETE
============================================================
Total duration: 16882.8s (281.4min)
  GPU optimization: 16537.7s
Participants: 154 | Converged: 103 (67%)
Peak memory: 2.31GB
============================================================


============================================================
RESULTS
============================================================

Convergence: 103/154 (66.9%)

Group Statistics (n=103):
--------------------------------------------------
  alpha_pos   : 0.029 +/- 0.009  (SD=0.089)
  alpha_neg   : 0.014 +/- 0.010  (SD=0.100)
  phi         : 0.264 +/- 0.020  (SD=0.204)
  rho         : 0.808 +/- 0.022  (SD=0.228)
  capacity    : 3.150 +/- 0.140  (SD=1.418)
  epsilon     : 0.087 +/- 0.011  (SD=0.112)

Model Fit:
--------------------------------------------------
  NLL         : 472.38 +/- 12.17
  AIC         : 956.77 +/- 24.35
  BIC         : 984.26 +/- 24.35
  PSEUDO-R²   : 0.406 +/- 0.153

Hessian Diagnostics:
--------------------------------------------------
  Successfully computed: 146/154
  Median condition number: 629917984.0
  Warning: 152 participants with condition > 1000 (identifiability issues)

Warning: Parameters hitting bounds:
  alpha_pos: 69 participants
  alpha_neg: 150 participants
  phi: 20 participants
  rho: 35 participants
  epsilon: 49 participants
  capacity: 5 participants

============================================================
Results saved to:
  Individual fits:     output/mle/wmrl_individual_fits.csv
  Group summary:       output/mle/wmrl_group_summary.csv
  Timing log:          output/mle/wmrl_timing_log.csv
  Performance summary: output/mle/wmrl_performance_summary.json
============================================================

============================================================
STATUS: COMPLETE - 154 participants fit (103 converged, 51 did not converge)
============================================================

Completed: Mon Apr 13 05:58:24 AM AEST 2026 (exit code: 0)

============================================================
All models complete!
End time: Mon Apr 13 05:58:24 AM AEST 2026
============================================================

Results saved to:
  output/mle/*_individual_fits.csv
  output/mle/*_group_summary.csv
============================================================

============================================================
JOB RESOURCE REPORT
============================================================
Job ID: 54788345
Node: m3g111

GPU Info:
  Model:       NVIDIA L40S
  VRAM Total:   46068 MiB
  VRAM Used:    0 MiB
  VRAM Free:    45468 MiB
  Utilization:  0 %
  Temperature:  45

SLURM Accounting:
            54788345   04:41:49                              64G          4      RUNNING 
      54788345.batch   04:41:49                                           4      RUNNING 
     54788345.extern   04:41:49                                           4      RUNNING 

For detailed stats after completion:
  jobstats 54788345
============================================================
