============================================================
RLWM GPU-Accelerated MLE Fitting - M3 SLURM Job
============================================================
Job ID: 50996814
Node: m3t100
Partition: gpu
GPU(s): 0
Project: /fs04/fc37/adam/projects/rlwm_trauma_analysis/rlwm_trauma_analysis
Start time: Thu Feb  5 12:02:16 AM AEDT 2026
============================================================

Verifying GPU access...
JAX devices: [CudaDevice(id=0)]
GPU(s) available: [CudaDevice(id=0)]

JAX cache: /scratch/fc37/aman0087/.jax_cache_gpu


============================================================
Fitting model: qlearning (GPU-accelerated)
Started: Thu Feb  5 12:02:26 AM AEDT 2026
============================================================
GPU detected: [CudaDevice(id=0)]

============================================================
MLE Fitting: QLEARNING
============================================================
Data: output/task_trials_long.csv
Random starts: 20
Seed: 42
Output: output/mle/
Include practice: False
Parallel workers: 1
GPU acceleration: enabled
============================================================

Loading data...
  Total participants in data: 47
  Excluded participants: 2 (insufficient data/duplicates)
  Final sample: 45
  Total trials: 34806

[MEMORY] START: 488.9MB (psutil)

============================================================
Starting MLE fitting: QLEARNING
============================================================
Participants: 45
Random starts per participant: 20
Parallel workers: 1
============================================================

Preparing participant data...
[  1/45] Fitting participant 10000 (988 trials)... 