============================================================
RLWM GPU-Accelerated MLE Fitting - M3 SLURM Job
============================================================
Job ID: 51017487
Node: m3g108
Partition: gpu
GPU(s): 0
Project: /fs04/fc37/adam/projects/rlwm_trauma_analysis/rlwm_trauma_analysis
Start time: Thu Feb  5 08:28:18 PM AEDT 2026
============================================================
Activated rlwm_gpu by name

Verifying GPU access...
JAX devices: [CudaDevice(id=0)]
GPU(s) available: [CudaDevice(id=0)]

JAX cache: /scratch/fc37/aman0087/.jax_cache_gpu


============================================================
Fitting model: qlearning (GPU-accelerated)
Started: Thu Feb  5 08:28:27 PM AEDT 2026
============================================================
GPU detected: [CudaDevice(id=0)]

============================================================
MLE Fitting: QLEARNING
============================================================
Data: output/task_trials_long.csv
Random starts: 20
Seed: 42
Output: output/mle/
Include practice: False
Parallel workers: 1
GPU acceleration: enabled
Hessian diagnostics: disabled
Limit: 3 participants (testing mode)
============================================================

Loading data...
  Total participants in data: 47
  Excluded participants: 2 (insufficient data/duplicates)
  Final sample: 45
  Total trials: 34806
  Limited to first 3 participants (testing mode)

[MEMORY] START: 513.4MB (psutil)

============================================================
MLE Fitting: QLEARNING
============================================================
Start time: 2026-02-05 20:28:31
Participants: 3
Random starts per participant: 20
Parallel workers: 1
============================================================

Preparing participant data...
  Data preparation complete (2.2s)

Resuming from checkpoint: 1 participants already completed
[  1/3] Skipping participant 10000 (already in checkpoint)

[20:28:33] [  2/3] ( 33.3%) Fitting 9187 (990 trials)
      [1/5] Counting trials... done (0.00s)
      [2/5] Preparing JAX arrays... done (0.02s)
      [3/5] Creating objective functions... done (0.18s)
      [4/5] Creating L-BFGS-B solver... done (0.01s)
      [5/5] Running 20 optimizations (L-BFGS-B)...
            Start 1/20 (JIT compiling)... done (2.45s, NLL=888.7)
            Starts 2-20... done (total: 23.93s)
            Successful: 20/20, Best NLL: 824.6, NLL range: 64.2
      Result: [!!] NLL=824.6, R2=0.24, total=24.1s

[20:28:57] [  3/3] ( 66.7%) Fitting 10002 (986 trials) | ETA: 24s
      [1/5] Counting trials... done (0.00s)
      [2/5] Preparing JAX arrays... done (0.00s)
      [3/5] Creating objective functions... done (0.01s)
      [4/5] Creating L-BFGS-B solver... done (0.00s)
      [5/5] Running 20 optimizations (L-BFGS-B)...
            Start 1/20 (JIT compiling)... done (2.10s, NLL=480.0)
            Starts 2-20... done (total: 19.01s)
            Successful: 20/20, Best NLL: 478.1, NLL range: 22.8
      Result: [!!] NLL=478.1, R2=0.56, total=19.0s
[MEMORY] FINAL: 1939.3MB (psutil)

============================================================
FITTING COMPLETE
============================================================
End time: 2026-02-05 20:29:16
Total duration: 0.8 min (45s)
Participants: 3 | Converged: 1 (33%)
JIT compilation: 24.1s | Avg steady-state: 19.0s/participant
Peak memory: 1.89GB
============================================================


============================================================
TIMING ANALYSIS & EXTRAPOLATION
============================================================
JIT compilation (1st participant): 24.1s
Steady-state per participant: 19.0s ± 0.0s

Extrapolated time for 45 participants: 14.4 min

Peak memory usage: 1939 MB
============================================================

============================================================
RESULTS
============================================================

Convergence: 1/3 (33.3%)

Group Statistics (n=1):
--------------------------------------------------
  alpha_pos   : 0.025 +/- nan  (SD=nan)
  alpha_neg   : 0.001 +/- nan  (SD=nan)
  epsilon     : 0.165 +/- nan  (SD=nan)

Model Fit:
--------------------------------------------------
  NLL         : 763.23 +/- nan
  AIC         : 1532.46 +/- nan
  BIC         : 1547.15 +/- nan
  PSEUDO-R²   : 0.366 +/- 0.169

Warning: Parameters hitting bounds:
  alpha_neg: 1 participants

============================================================
Results saved to:
  Individual fits:     output/mle/qlearning_individual_fits.csv
  Group summary:       output/mle/qlearning_group_summary.csv
  Timing log:          output/mle/qlearning_timing_log.csv
  Performance summary: output/mle/qlearning_performance_summary.json
============================================================

============================================================
STATUS: COMPLETE - 3 participants fit (1 converged, 2 did not converge)
============================================================

Completed: Thu Feb  5 08:29:17 PM AEDT 2026

============================================================
All models complete!
End time: Thu Feb  5 08:29:17 PM AEDT 2026
============================================================

Results saved to:
  output/mle/*_individual_fits.csv
  output/mle/*_group_summary.csv
============================================================
