============================================================
RLWM GPU-Accelerated MLE Fitting - M3 SLURM Job
============================================================
Job ID: 50998573
Node: m3t100
Partition: gpu
GPU(s): 0
Project: /fs04/fc37/adam/projects/rlwm_trauma_analysis/rlwm_trauma_analysis
Start time: Thu Feb  5 02:18:26 AM AEDT 2026
============================================================
Activated rlwm_gpu by name

Verifying GPU access...
JAX devices: [CudaDevice(id=0)]
GPU(s) available: [CudaDevice(id=0)]

JAX cache: /scratch/fc37/aman0087/.jax_cache_gpu


============================================================
Fitting model: wmrl_m3 (GPU-accelerated)
Started: Thu Feb  5 02:18:52 AM AEDT 2026
============================================================
GPU detected: [CudaDevice(id=0)]

============================================================
MLE Fitting: WMRL_M3
============================================================
Data: output/task_trials_long.csv
Random starts: 20
Seed: 42
Output: output/mle/
Include practice: False
Parallel workers: 1
GPU acceleration: enabled
============================================================

Loading data...
  Total participants in data: 47
  Excluded participants: 2 (insufficient data/duplicates)
  Final sample: 45
  Total trials: 34806

[MEMORY] START: 403.9MB (psutil)

============================================================
MLE Fitting: WMRL_M3
============================================================
Start time: 2026-02-05 02:19:02
Participants: 45
Random starts per participant: 20
Parallel workers: 1
============================================================

Preparing participant data...
Resuming from checkpoint: 2 participants already completed
[  1/45] Skipping participant 10000 (already in checkpoint)
[02:19:19] [  2/45] (  2.2%) Fitting 9187 (990 trials)... 