============================================================
RLWM MLE Fitting - Single Model (M3)
============================================================
Job ID: 50992555
Node: m3j002
Partition: comp
Model: qlearning
Limit: 0
Start time: Wed Feb  4 09:14:20 PM AEDT 2026
============================================================
Python binary: /scratch/fc37/aman0087/conda/envs/rlwm/bin/python
Thread settings: OMP/MKL/OPENBLAS/NUMEXPR = 4 threads each
XLA settings: single-threaded LLVM compilation + single-threaded Eigen
JAX cache: /scratch/fc37/aman0087/.jax_cache
Debug flags: DISABLED (uncomment in script for debugging)

Validating environment...
Environment OK: all packages available

Running: python scripts/fitting/fit_mle.py --model qlearning --data output/task_trials_long.csv --output output/mle/ --n-starts 20 --seed 42 --limit 0

=== PRE-FIT MEMORY STATE ===
[21:14:23] MEMORY (PRE-FIT): Mem:           376Gi        20Gi       291Gi       362Mi        67Gi       356Gi
               total        used        free      shared  buff/cache   available
Mem:          385041       20490      298343         362       69133      364551
Swap:              0           0           0

Phase 1: JIT warmup with limited CPUs (prevents LLVM memory exhaustion)...
============================================================
JAX JIT Warmup for MLE Fitting
============================================================
JAX devices: [CpuDevice(id=0)]
JAX compilation cache: Not set (using default)
Data shape: 17 blocks x 100 trials

Warming up qlearning... done (2.1s)

============================================================
JIT warmup complete. Compiled kernels cached to disk.
============================================================
Warmup completed in 4 seconds (exit code: 0)

Phase 2: Main fitting with full CPU allocation...

============================================================
MLE Fitting: QLEARNING
============================================================
Data: output/task_trials_long.csv
Random starts: 20
Seed: 42
Output: output/mle/
Include practice: False
Parallel workers: 1
============================================================

Loading data...
  Total participants in data: 47
  Final sample: 47
  Total trials: 35058
  Limited to first 0 participants (testing mode)

[MEMORY] START: 183.0MB (psutil)

============================================================
Starting MLE fitting: QLEARNING
============================================================
Participants: 0
Random starts per participant: 20
Parallel workers: 1
============================================================

Preparing participant data...
Resuming from checkpoint: 3 participants already completed
[MEMORY] FINAL: 183.3MB (psutil)

============================================================
Fitting Complete!
============================================================
Total time: 0.0 minutes (0.0 seconds)

=== POST-FIT MEMORY STATE ===
[21:14:29] MEMORY (POST-FIT): Mem:           376Gi        20Gi       291Gi       362Mi        67Gi       355Gi
               total        used        free      shared  buff/cache   available
Mem:          385041       20667      298124         362       69175      364373
Swap:              0           0           0

============================================================
JOB RESOURCE METRICS
============================================================
Command run: sbatch cluster/run_mle_single.slurm
Model: qlearning
Limit: 0
Thread settings: OMP=4, MKL=4

========================================
SLURM JOB METRICS REPORT (Single Model)
========================================
Job ID: 50992555
Job Name: rlwm_mle_single
Node: m3j002
Partition: comp

REQUESTED RESOURCES:
  CPUs: 16
  Memory: 65536
  Time Limit: 

CONFIGURATION:
  Model: qlearning
  Limit: 0
  OMP_NUM_THREADS: 4
  MKL_NUM_THREADS: 4

TIMING:
  Start: Wed Feb  4 09:14:20 PM AEDT 2026
  End: Wed Feb  4 09:14:29 PM AEDT 2026

ACTUAL RESOURCE USAGE (sacct):
JobID           Elapsed     MaxRSS  MaxVMSize     ReqMem  AllocCPUS   TotalCPU      State 
------------ ---------- ---------- ---------- ---------- ---------- ---------- ---------- 
50992555       00:00:10                              64G         16   00:00:00    RUNNING 
50992555.ba+   00:00:10                                          16   00:00:00    RUNNING 
50992555.ex+   00:00:10                                          16   00:00:00    RUNNING 
50992555.0     00:00:04    155940K          0                     2   00:00:00  COMPLETED 

========================================

Metrics saved to: output/mle/job_metrics_single_50992555.txt
============================================================
Complete!
End time: Wed Feb  4 09:14:29 PM AEDT 2026
============================================================
