============================================================
RLWM MLE Fitting - Single Model (M3)
============================================================
Job ID: 50971964
Node: m3j007
Partition: comp
Model: qlearning
Limit: 5
Start time: Wed Feb  4 02:27:54 AM AEDT 2026
============================================================
Thread settings: OMP/MKL/OPENBLAS/NUMEXPR = 4 threads each
Block padding enabled: consistent shapes eliminate JAX recompilation

Validating environment...
Environment OK: all packages available

Running: python scripts/fitting/fit_mle.py --model qlearning --data output/task_trials_long.csv --output output/mle/ --n-starts 20 --seed 42 --limit 5


============================================================
MLE Fitting: QLEARNING
============================================================
Data: output/task_trials_long.csv
Random starts: 20
Seed: 42
Output: output/mle/
Include practice: False
Parallel workers: 1
Limit: 5 participants (testing mode)
============================================================

Loading data...
  Total participants in data: 47
  Final sample: 47
  Total trials: 35058
  Limited to first 5 participants (testing mode)

Initial memory usage: 0.18 GB

============================================================
Starting MLE fitting: QLEARNING
============================================================
Participants: 5
Random starts per participant: 20
Parallel workers: 1
============================================================

Preparing participant data...
[  1/5] Fitting participant 10000 (988 trials)... 
============================================================
JOB RESOURCE METRICS
============================================================
Command run: sbatch cluster/run_mle_single.slurm
Model: qlearning
Limit: 5
Thread settings: OMP=4, MKL=4

========================================
SLURM JOB METRICS REPORT (Single Model)
========================================
Job ID: 50971964
Job Name: rlwm_mle_single
Node: m3j007
Partition: comp

REQUESTED RESOURCES:
  CPUs: 16
  Memory: 65536
  Time Limit: 

CONFIGURATION:
  Model: qlearning
  Limit: 5
  OMP_NUM_THREADS: 4
  MKL_NUM_THREADS: 4

TIMING:
  Start: Wed Feb  4 02:27:54 AM AEDT 2026
  End: Wed Feb  4 02:46:59 AM AEDT 2026

ACTUAL RESOURCE USAGE (sacct):
JobID           Elapsed     MaxRSS  MaxVMSize     ReqMem  AllocCPUS   TotalCPU      State 
------------ ---------- ---------- ---------- ---------- ---------- ---------- ---------- 
50971964       00:19:06                              64G         16   00:00:00    RUNNING 
50971964.ba+   00:19:06                                          16   00:00:00    RUNNING 
50971964.ex+   00:19:06                                          16   00:00:00    RUNNING 

========================================

Metrics saved to: output/mle/job_metrics_single_50971964.txt
============================================================
Complete!
End time: Wed Feb  4 02:46:59 AM AEDT 2026
============================================================
