============================================================
RLWM Parallel MLE Fitting - M3 SLURM Job
============================================================
Job ID: 50936919
Node: m3s100
Partition: comp
CPUs requested: 8
Parallel workers: 8
Project: /fs04/fc37/adam/projects/rlwm_trauma_analysis/rlwm_trauma_analysis
Start time: Sun Feb  1 08:56:28 AM AEDT 2026
============================================================
JAX cache: /scratch/fc37/aman0087/.jax_cache

============================================================
Fitting model: qlearning (parallel with 8 workers)
Started: Sun Feb  1 08:56:28 AM AEDT 2026
============================================================

============================================================
MLE Fitting: QLEARNING
============================================================
Data: output/task_trials_long.csv
Random starts: 20
Seed: 42
Output: output/mle/
Include practice: False
Parallel workers: 8
============================================================

Loading data...
  Total participants in data: 47
  Final sample: 47
  Total trials: 35058


============================================================
Starting MLE fitting: QLEARNING
============================================================
Participants: 47
Random starts per participant: 20
Parallel workers: 8
============================================================

Preparing participant data...
Warming up JAX compilation for qlearning...
  JAX compilation cached for qlearning

Running parallel fitting with 8 workers...

============================================================
ERROR: Worker processes killed (likely out of memory)
============================================================
The parallel workers were terminated by the OS (SIGKILL).
This typically means JAX + joblib exceeded available memory.

Suggested fixes:
  1. Reduce --n-jobs (try 8 or 4 instead of 16)
  2. Request more memory in SLURM (--mem=64G)
  3. Use sequential fitting (--n-jobs 1)
============================================================

Completed: Sun Feb  1 09:05:14 AM AEDT 2026

============================================================
All models complete!
End time: Sun Feb  1 09:05:14 AM AEDT 2026
============================================================

Results saved to:
  output/mle/*_individual_fits.csv
  output/mle/*_group_summary.csv
============================================================
