============================================================
RLWM MLE Fitting - M3 SLURM Job
============================================================
Job ID: 50937007
Node: m3s116
Partition: comp
CPUs requested: 4
Memory requested: 32768
Parallel workers: 1
Project: /fs04/fc37/adam/projects/rlwm_trauma_analysis/rlwm_trauma_analysis
Start time: Sun Feb  1 09:32:21 AM AEDT 2026
============================================================
JAX cache: /scratch/fc37/aman0087/.jax_cache

============================================================
Fitting model: wmrl (workers: 1)
Started: Sun Feb  1 09:32:22 AM AEDT 2026
============================================================

============================================================
MLE Fitting: WMRL
============================================================
Data: output/task_trials_long.csv
Random starts: 20
Seed: 42
Output: output/mle/
Include practice: False
Parallel workers: 1
============================================================

Loading data...
  Total participants in data: 47
  Final sample: 47
  Total trials: 35058

Initial memory usage: 0.12 GB

============================================================
Starting MLE fitting: WMRL
============================================================
Participants: 47
Random starts per participant: 20
Parallel workers: 1
============================================================

Preparing participant data...
[  1/47] Fitting participant 10000 (988 trials)... WARNING: Model wmrl exited with code 134
Completed: Sun Feb  1 09:40:55 AM AEDT 2026

============================================================
All models complete!
End time: Sun Feb  1 09:40:55 AM AEDT 2026
============================================================

Results saved to:
  output/mle/*_individual_fits.csv
  output/mle/*_group_summary.csv
============================================================

============================================================
JOB RESOURCE UTILIZATION
============================================================
JobID                JobName    Elapsed     MaxRSS  MaxVMSize     ReqMem  AllocCPUS   TotalCPU      State 
------------ --------------- ---------- ---------- ---------- ---------- ---------- ---------- ---------- 
50937007            rlwm_mle   00:08:35                              32G          4   00:00:00    RUNNING 
50937007.ba+           batch   00:08:35                                           4   00:00:00    RUNNING 
50937007.ex+          extern   00:08:35                                           4   00:00:00    RUNNING 
============================================================

FINAL STATUS: ONE OR MORE MODELS FAILED
