============================================================
RLWM GPU-Accelerated MLE Fitting - M3 SLURM Job
============================================================
Job ID: 54605096
Node: m3g114
Partition: gpu
GPU(s): 0
Project: /fs04/fc37/adam/projects/rlwm_trauma_analysis/rlwm_trauma_analysis
Start time: Wed Apr  8 06:49:44 AM AEST 2026
============================================================
Activated rlwm_gpu by name

Verifying GPU access...
JAX devices: [CudaDevice(id=0)]
GPU(s) available: [CudaDevice(id=0)]

JAX cache: /scratch/fc37/aman0087/.jax_cache_gpu

Cleaning up stale checkpoints...


============================================================
Fitting model: qlearning (GPU-accelerated)
Started: Wed Apr  8 06:49:55 AM AEST 2026
============================================================
[GPU 06:49:55] util=0% mem=0/46068MB temp=30C
GPU detected: [CudaDevice(id=0)]

============================================================
MLE Fitting: QLEARNING
============================================================
Data: output/task_trials_long.csv
Random starts: 50
Seed: 42
Output: output/mle/
Include practice: False
Parallel workers: 1
GPU acceleration: enabled
Hessian diagnostics: enabled (adds 5-30s per participant)
============================================================

Loading data...
  Total participants in data: 157
  Excluded participants: 3 (insufficient data/duplicates)
  Final sample: 154
  Total trials: 111943

[MEMORY] START: 547.3MB (psutil)

============================================================
MLE Fitting: QLEARNING
============================================================
Start time: 2026-04-08 06:50:20
Participants: 154
Random starts per participant: 50
Parallel workers: 1
============================================================

Preparing participant data...
  Prepared 10/154 participants...
  Prepared 20/154 participants...
  Prepared 30/154 participants...
  Prepared 40/154 participants...
  Prepared 50/154 participants...
  Prepared 60/154 participants...
  Prepared 70/154 participants...
  Prepared 80/154 participants...
  Prepared 90/154 participants...
  Prepared 100/154 participants...
  Prepared 110/154 participants...
  Prepared 120/154 participants...
  Prepared 130/154 participants...
  Prepared 140/154 participants...
  Prepared 150/154 participants...
  Data preparation complete (11.2s)

GPU detected (cuda:0). Using vectorized GPU fitting path.


============================================================
GPU-Vectorized MLE Fitting: QLEARNING
============================================================
Start time: 2026-04-08 06:50:31
Participants: 154
Random starts per participant: 50
Method: jaxopt.LBFGS + jax.vmap (fully vectorized)
============================================================

Stage 1: Preparing and stacking participant data...
  Stacked data shape: (154, 17, 100) (4.5s)
Stage 2: Generating unconstrained starting points...
  Starting points: (50, 3)
Stage 3: Building vmapped optimizer...
Stage 4: Running GPU-vectorized fitting (JIT compiling + executing)...
[MEMORY] PRE-GPU-FIT: 2287.6MB (psutil)
[GPU 06:54:55] util=100% mem=34557/46068MB temp=47C
[GPU 06:59:55] util=100% mem=34557/46068MB temp=48C
[GPU 07:04:55] util=100% mem=34557/46068MB temp=48C
[GPU 07:09:55] util=100% mem=34557/46068MB temp=47C
[GPU 07:14:55] util=100% mem=34557/46068MB temp=48C
[GPU 07:19:55] util=100% mem=34557/46068MB temp=48C
[GPU 07:24:55] util=100% mem=34557/46068MB temp=49C
[GPU 07:29:55] util=100% mem=34557/46068MB temp=47C
[GPU 07:34:55] util=100% mem=34557/46068MB temp=49C
[GPU 07:39:55] util=100% mem=34557/46068MB temp=47C
[GPU 07:44:55] util=100% mem=34557/46068MB temp=48C
[GPU 07:49:55] util=100% mem=34557/46068MB temp=48C
[GPU 07:54:55] util=100% mem=34557/46068MB temp=48C
[GPU 07:59:55] util=100% mem=34557/46068MB temp=49C
[GPU 08:04:55] util=100% mem=34557/46068MB temp=49C
[GPU 08:09:55] util=100% mem=34557/46068MB temp=48C
[GPU 08:14:55] util=100% mem=34557/46068MB temp=48C
[GPU 08:19:55] util=100% mem=34557/46068MB temp=48C
[GPU 08:24:55] util=100% mem=34557/46068MB temp=48C
[GPU 08:29:55] util=100% mem=34557/46068MB temp=49C
[GPU 08:34:55] util=100% mem=34557/46068MB temp=48C
[GPU 08:39:55] util=100% mem=34557/46068MB temp=48C
[GPU 08:44:55] util=100% mem=34557/46068MB temp=48C
[GPU 08:49:55] util=100% mem=34557/46068MB temp=48C
[GPU 08:54:55] util=100% mem=34557/46068MB temp=48C
[GPU 08:59:55] util=100% mem=34557/46068MB temp=49C
[MEMORY] POST-GPU-FIT: 2269.3MB (psutil)
  GPU fitting complete: 7784.8s
  Output shapes: params=(154, 50, 3), nlls=(154, 50)
Stage 5: Selecting best results and transforming parameters...
Stage 6: Building result dictionaries...
Stage 7: Computing Hessian diagnostics (sequential)...
    Hessian: 10/154 done
    Hessian: 20/154 done
    Hessian: 30/154 done
    Hessian: 40/154 done
    Hessian: 50/154 done
    Hessian: 60/154 done
    Hessian: 70/154 done
    Hessian: 80/154 done
    Hessian: 90/154 done
    Hessian: 100/154 done
    Hessian: 110/154 done
    Hessian: 120/154 done
    Hessian: 130/154 done
    Hessian: 140/154 done
[GPU 09:04:55] util=0% mem=34557/46068MB temp=39C
    Hessian: 150/154 done
  Hessian diagnostics complete: 154/154 successful (295.6s)

============================================================
GPU FITTING COMPLETE
============================================================
Total duration: 8088.1s (134.8min)
  GPU optimization: 7784.8s
Participants: 154 | Converged: 145 (94%)
Peak memory: 2.23GB
============================================================


============================================================
RESULTS
============================================================

Convergence: 145/154 (94.2%)

Group Statistics (n=145):
--------------------------------------------------
  alpha_pos   : 0.162 +/- 0.024  (SD=0.283)
  alpha_neg   : 0.102 +/- 0.020  (SD=0.242)
  epsilon     : 0.191 +/- 0.010  (SD=0.121)

Model Fit:
--------------------------------------------------
  NLL         : 487.66 +/- 10.48
  AIC         : 981.31 +/- 20.95
  BIC         : 995.06 +/- 20.96
  PSEUDO-R²   : 0.383 +/- 0.152

Hessian Diagnostics:
--------------------------------------------------
  Successfully computed: 154/154
  Median condition number: 5117419.2
  Warning: 110 participants with condition > 1000 (identifiability issues)

Warning: Parameters hitting bounds:
  alpha_neg: 100 participants
  alpha_pos: 16 participants
  epsilon: 5 participants

============================================================
Results saved to:
  Individual fits:     output/mle/qlearning_individual_fits.csv
  Group summary:       output/mle/qlearning_group_summary.csv
  Timing log:          output/mle/qlearning_timing_log.csv
  Performance summary: output/mle/qlearning_performance_summary.json
============================================================

============================================================
STATUS: COMPLETE - 154 participants fit (145 converged, 9 did not converge)
============================================================

Completed: Wed Apr  8 09:05:25 AM AEST 2026 (exit code: 0)

============================================================
All models complete!
End time: Wed Apr  8 09:05:25 AM AEST 2026
============================================================

Results saved to:
  output/mle/*_individual_fits.csv
  output/mle/*_group_summary.csv
============================================================

============================================================
JOB RESOURCE REPORT
============================================================
Job ID: 54605096
Node: m3g114

GPU Info:
  Model:       NVIDIA L40S
  VRAM Total:   46068 MiB
  VRAM Used:    0 MiB
  VRAM Free:    45468 MiB
  Utilization:  0 %
  Temperature:  39

SLURM Accounting:
            54605096   02:15:43                              64G          4      RUNNING 
      54605096.batch   02:15:43                                           4      RUNNING 
     54605096.extern   02:15:43                                           4      RUNNING 

For detailed stats after completion:
  jobstats 54605096
============================================================
