============================================================
RLWM MLE Fitting - Single Model (M3)
============================================================
Job ID: 50993879
Node: m3e100
Partition: comp
Model: wmrl_m3
Limit: 3
Start time: Wed Feb  4 09:55:18 PM AEDT 2026
============================================================
Python binary: /scratch/fc37/aman0087/conda/envs/rlwm/bin/python
Thread settings: OMP/MKL/OPENBLAS/NUMEXPR = 4 threads each
XLA settings: single-threaded LLVM compilation + single-threaded Eigen
JAX cache: /scratch/fc37/aman0087/.jax_cache/m3e100
Debug flags: DISABLED (uncomment in script for debugging)

Validating environment...
Environment OK: all packages available

Running: python scripts/fitting/fit_mle.py --model wmrl_m3 --data output/task_trials_long.csv --output output/mle/ --n-starts 20 --seed 42 --limit 3

=== PRE-FIT MEMORY STATE ===
[21:55:24] MEMORY (PRE-FIT): Mem:           1.5Ti        97Gi       1.2Ti       670Mi       211Gi       1.4Ti
               total        used        free      shared  buff/cache   available
Mem:         1547327      100153     1240209         670      216604     1447173
Swap:              0           0           0

Phase 1: JIT warmup with limited CPUs (prevents LLVM memory exhaustion)...
============================================================
JAX JIT Warmup for MLE Fitting
============================================================
JAX devices: [CpuDevice(id=0)]
JAX compilation cache: /scratch/fc37/aman0087/.jax_cache/m3e100
Data shape: 17 blocks x 100 trials

Warming up wmrl_m3... done (3.3s)

============================================================
JIT warmup complete. Compiled kernels cached to disk.
============================================================
Warmup completed in 5 seconds (exit code: 0)

Phase 2: Main fitting with full CPU allocation...

============================================================
MLE Fitting: WMRL_M3
============================================================
Data: output/task_trials_long.csv
Random starts: 20
Seed: 42
Output: output/mle/
Include practice: False
Parallel workers: 1
Limit: 3 participants (testing mode)
============================================================

Loading data...
  Total participants in data: 47
  Excluded participants: 2 (insufficient data/duplicates)
  Final sample: 45
  Total trials: 34806
  Limited to first 3 participants (testing mode)

[MEMORY] START: 183.4MB (psutil)

============================================================
Starting MLE fitting: WMRL_M3
============================================================
Participants: 3
Random starts per participant: 20
Parallel workers: 1
============================================================

Preparing participant data...
[  1/3] Fitting participant 10000 (988 trials)... [MEMORY] POST-JIT (compilation complete): 8525.7MB (psutil)
NLL=724.6, R²=0.33, NOT converged, 495.4s
[  2/3] Fitting participant 9187 (990 trials)... NLL=NaN, , NOT converged, 5.2s
[  3/3] Fitting participant 10002 (986 trials)... NLL=NaN, , NOT converged, 5.8s
[MEMORY] FINAL: 8533.7MB (psutil)

============================================================
Fitting Complete!
============================================================
Total time: 8.5 minutes (507.1 seconds)
First participant (includes JIT): 495.4 seconds
Steady-state avg per participant: 5.49 seconds
Converged: 0/3
Initial memory: 0.18 GB
Peak memory: 8.33 GB
Memory increase: 8.15 GB
Hessian diagnostics computed: 0/3
============================================================

Warning: No converged fits!

============================================================
TIMING ANALYSIS & EXTRAPOLATION
============================================================
JIT compilation (1st participant): 495.4s
Steady-state per participant: 5.5s ± 0.3s

Extrapolated time for 45 participants: 12.3 min

Peak memory usage: 8534 MB
============================================================

============================================================
RESULTS
============================================================

Convergence: 0/3 (0.0%)

Group Statistics (n=0):
--------------------------------------------------
  alpha_pos   : nan +/- nan  (SD=nan)
  alpha_neg   : nan +/- nan  (SD=nan)
  phi         : nan +/- nan  (SD=nan)
  rho         : nan +/- nan  (SD=nan)
  capacity    : nan +/- nan  (SD=nan)
  kappa       : nan +/- nan  (SD=nan)
  epsilon     : nan +/- nan  (SD=nan)

Model Fit:
--------------------------------------------------
  NLL         : 724.55 +/- nan
  AIC         : 1463.11 +/- nan
  BIC         : 1497.38 +/- nan
  PSEUDO-R²   : 0.332 +/- nan

Hessian Diagnostics:
--------------------------------------------------
  Successfully computed: 0/3

Warning: Parameters hitting bounds:
  alpha_neg: 1 participants
  kappa: 1 participants

============================================================
Results saved to:
  Individual fits:     output/mle/wmrl_m3_individual_fits.csv
  Group summary:       output/mle/wmrl_m3_group_summary.csv
  Timing log:          output/mle/wmrl_m3_timing_log.csv
  Performance summary: output/mle/wmrl_m3_performance_summary.json
============================================================

============================================================
STATUS: PARTIAL - 1/3 participants fit, 2 FAILED
  Failed participants: [9187, 10002]
============================================================


=== POST-FIT MEMORY STATE ===
[22:04:05] MEMORY (POST-FIT): Mem:           1.5Ti        89Gi       1.2Ti       651Mi       214Gi       1.4Ti
               total        used        free      shared  buff/cache   available
Mem:         1547327       91682     1245533         651      219732     1455644
Swap:              0           0           0

============================================================
JOB RESOURCE METRICS
============================================================
Command run: sbatch cluster/run_mle_single.slurm
Model: wmrl_m3
Limit: 3
Thread settings: OMP=4, MKL=4

========================================
SLURM JOB METRICS REPORT (Single Model)
========================================
Job ID: 50993879
Job Name: rlwm_mle_single
Node: m3e100
Partition: comp

REQUESTED RESOURCES:
  CPUs: 16
  Memory: 65536
  Time Limit: 

CONFIGURATION:
  Model: wmrl_m3
  Limit: 3
  OMP_NUM_THREADS: 4
  MKL_NUM_THREADS: 4

TIMING:
  Start: Wed Feb  4 09:55:18 PM AEDT 2026
  End: Wed Feb  4 10:04:05 PM AEDT 2026

ACTUAL RESOURCE USAGE (sacct):
JobID           Elapsed     MaxRSS  MaxVMSize     ReqMem  AllocCPUS   TotalCPU      State 
------------ ---------- ---------- ---------- ---------- ---------- ---------- ---------- 
50993879       00:08:49                              64G         16   00:00:00    RUNNING 
50993879.ba+   00:08:49                                          16   00:00:00    RUNNING 
50993879.ex+   00:08:49                                          16   00:00:00    RUNNING 
50993879.0     00:00:05    202596K          0                     2   00:00:00  COMPLETED 

========================================

Metrics saved to: output/mle/job_metrics_single_50993879.txt
============================================================
Complete!
End time: Wed Feb  4 10:04:05 PM AEDT 2026
============================================================
