============================================================
RLWM GPU-Accelerated MLE Fitting - M3 SLURM Job
============================================================
Job ID: 54788349
Node: m3g111
Partition: gpu
GPU(s): 0
Project: /fs04/fc37/adam/projects/rlwm_trauma_analysis/rlwm_trauma_analysis
Start time: Mon Apr 13 05:58:44 AM AEST 2026
============================================================
Activated rlwm_gpu by name

Verifying GPU access...
JAX devices: [CudaDevice(id=0)]
GPU(s) available: [CudaDevice(id=0)]

JAX cache: /scratch/fc37/aman0087/.jax_cache_gpu

Cleaning up stale checkpoints...


============================================================
Fitting model: wmrl_m6b (GPU-accelerated)
Started: Mon Apr 13 05:58:53 AM AEST 2026
============================================================
[GPU 05:58:53] util=0% mem=0/46068MB temp=42C
GPU detected: [CudaDevice(id=0)]

============================================================
MLE Fitting: WMRL_M6B
============================================================
Data: output/task_trials_long.csv
Random starts: 50
Seed: 42
Output: output/mle/
Include practice: False
Parallel workers: 1
GPU acceleration: enabled
Hessian diagnostics: enabled (adds 5-30s per participant)
============================================================

Loading data...
  Total participants in data: 157
  Excluded participants: 3 (insufficient data/duplicates)
  Final sample: 154
  Total trials: 111943

[MEMORY] START: 552.0MB (psutil)

============================================================
MLE Fitting: WMRL_M6B
============================================================
Start time: 2026-04-13 05:59:15
Participants: 154
Random starts per participant: 50
Parallel workers: 1
============================================================

Preparing participant data...
  Prepared 10/154 participants...
  Prepared 20/154 participants...
  Prepared 30/154 participants...
  Prepared 40/154 participants...
  Prepared 50/154 participants...
  Prepared 60/154 participants...
  Prepared 70/154 participants...
  Prepared 80/154 participants...
  Prepared 90/154 participants...
  Prepared 100/154 participants...
  Prepared 110/154 participants...
  Prepared 120/154 participants...
  Prepared 130/154 participants...
  Prepared 140/154 participants...
  Prepared 150/154 participants...
  Data preparation complete (11.0s)

GPU detected (cuda:0). Using vectorized GPU fitting path.


============================================================
GPU-Vectorized MLE Fitting: WMRL_M6B
============================================================
Start time: 2026-04-13 05:59:26
Participants: 154
Random starts per participant: 50
Method: jaxopt.LBFGS + jax.vmap (fully vectorized)
============================================================

Stage 1: Preparing and stacking participant data...
  Stacked data shape: (154, 17, 100) (5.2s)
Stage 2: Generating unconstrained starting points...
  Starting points: (50, 8)
Stage 3: Building vmapped optimizer...
Stage 4: Running GPU-vectorized fitting (JIT compiling + executing)...
[MEMORY] PRE-GPU-FIT: 2301.2MB (psutil)
[GPU 06:03:53] util=100% mem=34571/46068MB temp=58C
[GPU 06:08:53] util=100% mem=34571/46068MB temp=61C
[GPU 06:13:53] util=100% mem=34571/46068MB temp=61C
[GPU 06:18:53] util=100% mem=34571/46068MB temp=62C
[GPU 06:23:53] util=100% mem=34571/46068MB temp=61C
[GPU 06:28:53] util=100% mem=34571/46068MB temp=62C
[GPU 06:33:53] util=100% mem=34571/46068MB temp=64C
[GPU 06:38:53] util=100% mem=34571/46068MB temp=63C
[GPU 06:43:53] util=100% mem=34571/46068MB temp=63C
[GPU 06:48:53] util=100% mem=34571/46068MB temp=63C
[GPU 06:53:53] util=100% mem=34571/46068MB temp=61C
[GPU 06:58:53] util=100% mem=34571/46068MB temp=62C
[GPU 07:03:54] util=100% mem=34571/46068MB temp=62C
[GPU 07:08:54] util=100% mem=34571/46068MB temp=63C
[GPU 07:13:54] util=100% mem=34571/46068MB temp=64C
[GPU 07:18:54] util=100% mem=34571/46068MB temp=63C
[GPU 07:23:54] util=100% mem=34571/46068MB temp=61C
[GPU 07:28:54] util=100% mem=34571/46068MB temp=61C
[GPU 07:33:54] util=100% mem=34571/46068MB temp=61C
[GPU 07:38:54] util=100% mem=34571/46068MB temp=61C
[GPU 07:43:54] util=100% mem=34571/46068MB temp=62C
[GPU 07:48:54] util=100% mem=34571/46068MB temp=63C
[GPU 07:53:54] util=100% mem=34571/46068MB temp=64C
[GPU 07:58:54] util=100% mem=34571/46068MB temp=62C
[GPU 08:03:54] util=100% mem=34571/46068MB temp=61C
[GPU 08:08:54] util=100% mem=34571/46068MB temp=62C
[GPU 08:13:54] util=100% mem=34571/46068MB temp=61C
[GPU 08:18:54] util=100% mem=34571/46068MB temp=60C
[GPU 08:23:54] util=100% mem=34571/46068MB temp=62C
[GPU 08:28:54] util=100% mem=34571/46068MB temp=64C
[GPU 08:33:54] util=100% mem=34571/46068MB temp=62C
[GPU 08:38:54] util=100% mem=34571/46068MB temp=61C
[GPU 08:43:55] util=100% mem=34571/46068MB temp=60C
[GPU 08:48:55] util=100% mem=34571/46068MB temp=57C
[GPU 08:53:55] util=100% mem=34571/46068MB temp=62C
[GPU 08:58:55] util=100% mem=34571/46068MB temp=63C
[GPU 09:03:55] util=100% mem=34571/46068MB temp=61C
[GPU 09:08:55] util=100% mem=34571/46068MB temp=65C
[GPU 09:13:55] util=100% mem=34571/46068MB temp=63C
[GPU 09:18:55] util=100% mem=34571/46068MB temp=62C
[GPU 09:23:55] util=100% mem=34571/46068MB temp=60C
[GPU 09:28:55] util=100% mem=34571/46068MB temp=61C
[GPU 09:33:55] util=100% mem=34571/46068MB temp=62C
[GPU 09:38:55] util=100% mem=34571/46068MB temp=62C
[GPU 09:43:55] util=100% mem=34571/46068MB temp=61C
[GPU 09:48:55] util=100% mem=34571/46068MB temp=65C
[GPU 09:53:55] util=100% mem=34571/46068MB temp=65C
[GPU 09:58:55] util=100% mem=34571/46068MB temp=64C
[GPU 10:03:55] util=100% mem=34571/46068MB temp=63C
[GPU 10:08:55] util=100% mem=34571/46068MB temp=61C
[GPU 10:13:55] util=100% mem=34571/46068MB temp=61C
[GPU 10:18:55] util=100% mem=34571/46068MB temp=61C
[GPU 10:23:56] util=100% mem=34571/46068MB temp=62C
[GPU 10:28:56] util=100% mem=34571/46068MB temp=65C
[GPU 10:33:56] util=100% mem=34571/46068MB temp=62C
[GPU 10:38:56] util=100% mem=34571/46068MB temp=64C
[GPU 10:43:56] util=100% mem=34571/46068MB temp=61C
[GPU 10:48:56] util=100% mem=34571/46068MB temp=62C
[GPU 10:53:56] util=100% mem=34571/46068MB temp=64C
[GPU 10:58:56] util=100% mem=34571/46068MB temp=62C
[GPU 11:03:56] util=100% mem=34571/46068MB temp=62C
[GPU 11:08:56] util=100% mem=34571/46068MB temp=65C
[MEMORY] POST-GPU-FIT: 2493.9MB (psutil)
  GPU fitting complete: 18781.0s
  Output shapes: params=(154, 50, 8), nlls=(154, 50)
Stage 5: Selecting best results and transforming parameters...
Stage 6: Building result dictionaries...
Stage 7: Computing Hessian diagnostics (sequential)...
    Hessian: 10/154 done
[GPU 11:13:56] util=1% mem=34573/46068MB temp=54C
    Hessian: 20/154 done
    Hessian: 30/154 done
    Hessian: 40/154 done
    Hessian: 50/154 done
    Hessian: 60/154 done
    Hessian: 70/154 done
[GPU 11:18:56] util=42% mem=34573/46068MB temp=45C
    Hessian: 80/154 done
    Hessian: 90/154 done
    Hessian: 100/154 done
    Hessian: 110/154 done
    Hessian: 120/154 done
    Hessian: 130/154 done
[GPU 11:23:56] util=0% mem=34573/46068MB temp=45C
    Hessian: 140/154 done
    Hessian: 150/154 done
  Hessian diagnostics complete: 154/154 successful (800.8s)

============================================================
GPU FITTING COMPLETE
============================================================
Total duration: 19590.5s (326.5min)
  GPU optimization: 18781.0s
Participants: 154 | Converged: 118 (77%)
Peak memory: 2.44GB
============================================================


============================================================
RESULTS
============================================================

Convergence: 118/154 (76.6%)

Group Statistics (n=118):
--------------------------------------------------
  alpha_pos   : 0.041 +/- 0.014  (SD=0.154)
  alpha_neg   : 0.025 +/- 0.012  (SD=0.134)
  phi         : 0.236 +/- 0.016  (SD=0.179)
  rho         : 0.839 +/- 0.019  (SD=0.203)
  capacity    : 3.325 +/- 0.102  (SD=1.105)
  kappa_total : 0.155 +/- 0.011  (SD=0.122)
  kappa_share : 0.281 +/- 0.025  (SD=0.269)
  epsilon     : 0.064 +/- 0.010  (SD=0.108)

Model Fit:
--------------------------------------------------
  NLL         : 463.33 +/- 11.24
  AIC         : 942.67 +/- 22.49
  BIC         : 979.36 +/- 22.50
  PSEUDO-R²   : 0.426 +/- 0.148

Hessian Diagnostics:
--------------------------------------------------
  Successfully computed: 154/154
  Median condition number: 993319008.0
  Warning: 152 participants with condition > 1000 (identifiability issues)

Warning: Parameters hitting bounds:
  alpha_pos: 94 participants
  alpha_neg: 142 participants
  kappa_share: 42 participants
  phi: 19 participants
  rho: 39 participants
  epsilon: 63 participants
  capacity: 24 participants
  kappa_total: 2 participants

============================================================
Results saved to:
  Individual fits:     output/mle/wmrl_m6b_individual_fits.csv
  Group summary:       output/mle/wmrl_m6b_group_summary.csv
  Timing log:          output/mle/wmrl_m6b_timing_log.csv
  Performance summary: output/mle/wmrl_m6b_performance_summary.json
============================================================

============================================================
STATUS: COMPLETE - 154 participants fit (118 converged, 36 did not converge)
============================================================

Completed: Mon Apr 13 11:26:04 AM AEST 2026 (exit code: 0)

============================================================
All models complete!
End time: Mon Apr 13 11:26:04 AM AEST 2026
============================================================

Results saved to:
  output/mle/*_individual_fits.csv
  output/mle/*_group_summary.csv
============================================================

============================================================
JOB RESOURCE REPORT
============================================================
Job ID: 54788349
Node: m3g111

GPU Info:
  Model:       NVIDIA L40S
  VRAM Total:   46068 MiB
  VRAM Used:    0 MiB
  VRAM Free:    45468 MiB
  Utilization:  0 %
  Temperature:  45

SLURM Accounting:
            54788349   05:27:22                              64G          4      RUNNING 
      54788349.batch   05:27:22                                           4      RUNNING 
     54788349.extern   05:27:22                                           4      RUNNING 

For detailed stats after completion:
  jobstats 54788349
============================================================
