============================================================
RLWM GPU-Accelerated MLE Fitting - M3 SLURM Job
============================================================
Job ID: 54539689
Node: m3g116
Partition: gpu
GPU(s): 0
Project: /fs04/fc37/adam/projects/rlwm_trauma_analysis/rlwm_trauma_analysis
Start time: Sun Apr  5 02:18:06 AM AEST 2026
============================================================
Activated rlwm_gpu by name

Verifying GPU access...
JAX devices: [CudaDevice(id=0)]
GPU(s) available: [CudaDevice(id=0)]

JAX cache: /scratch/fc37/aman0087/.jax_cache_gpu

Cleaning up stale checkpoints...


============================================================
Fitting model: qlearning (GPU-accelerated)
Started: Sun Apr  5 02:18:16 AM AEST 2026
============================================================
GPU detected: [CudaDevice(id=0)]

============================================================
MLE Fitting: QLEARNING
============================================================
Data: output/task_trials_long.csv
Random starts: 50
Seed: 42
Output: output/mle/
Include practice: False
Parallel workers: 1
GPU acceleration: enabled
Hessian diagnostics: enabled (adds 5-30s per participant)
============================================================

Loading data...
  Total participants in data: 157
  Excluded participants: 3 (insufficient data/duplicates)
  Final sample: 154
  Total trials: 111943

[MEMORY] START: 551.5MB (psutil)

============================================================
MLE Fitting: QLEARNING
============================================================
Start time: 2026-04-05 02:18:23
Participants: 154
Random starts per participant: 50
Parallel workers: 1
============================================================

Preparing participant data...
  Prepared 10/154 participants...
  Prepared 20/154 participants...
  Prepared 30/154 participants...
  Prepared 40/154 participants...
  Prepared 50/154 participants...
  Prepared 60/154 participants...
  Prepared 70/154 participants...
  Prepared 80/154 participants...
  Prepared 90/154 participants...
  Prepared 100/154 participants...
  Prepared 110/154 participants...
  Prepared 120/154 participants...
  Prepared 130/154 participants...
  Prepared 140/154 participants...
  Prepared 150/154 participants...
  Data preparation complete (11.0s)

GPU detected (cuda:0). Using vectorized GPU fitting path.


============================================================
GPU-Vectorized MLE Fitting: QLEARNING
============================================================
Start time: 2026-04-05 02:18:33
Participants: 154
Random starts per participant: 50
Method: jaxopt.LBFGS + jax.vmap (fully vectorized)
============================================================

Stage 1: Preparing and stacking participant data...
  Stacked data shape: (154, 17, 100) (4.2s)
Stage 2: Generating unconstrained starting points...
  Starting points: (50, 3)
Stage 3: Building vmapped optimizer...
Stage 4: Running GPU-vectorized fitting (JIT compiling + executing)...
[MEMORY] PRE-GPU-FIT: 2291.4MB (psutil)
[MEMORY] POST-GPU-FIT: 2312.6MB (psutil)
  GPU fitting complete: 7829.5s
  Output shapes: params=(154, 50, 3), nlls=(154, 50)
Stage 5: Selecting best results and transforming parameters...
Stage 6: Building result dictionaries...
Stage 7: Computing Hessian diagnostics (sequential)...
    Hessian: 10/154 done
    Hessian: 20/154 done
    Hessian: 30/154 done
    Hessian: 40/154 done
    Hessian: 50/154 done
    Hessian: 60/154 done
    Hessian: 70/154 done
    Hessian: 80/154 done
    Hessian: 90/154 done
    Hessian: 100/154 done
    Hessian: 110/154 done
    Hessian: 120/154 done
    Hessian: 130/154 done
    Hessian: 140/154 done
    Hessian: 150/154 done
  Hessian diagnostics complete: 136/154 successful (296.6s)

============================================================
GPU FITTING COMPLETE
============================================================
Total duration: 8133.8s (135.6min)
  GPU optimization: 7829.5s
Participants: 154 | Converged: 138 (90%)
Peak memory: 2.26GB
============================================================


============================================================
RESULTS
============================================================

Convergence: 138/154 (89.6%)

Group Statistics (n=138):
--------------------------------------------------
  alpha_pos   : 0.167 +/- 0.025  (SD=0.290)
  alpha_neg   : 0.107 +/- 0.021  (SD=0.247)
  epsilon     : 0.191 +/- 0.011  (SD=0.124)

Model Fit:
--------------------------------------------------
  NLL         : 489.09 +/- 10.94
  AIC         : 984.19 +/- 21.87
  BIC         : 997.94 +/- 21.88
  PSEUDO-R²   : 0.381 +/- 0.155

Hessian Diagnostics:
--------------------------------------------------
  Successfully computed: 136/154
  Median condition number: 724422464.0
  Warning: 95 participants with condition > 1000 (identifiability issues)

Warning: Parameters hitting bounds:
  alpha_neg: 95 participants
  alpha_pos: 16 participants
  epsilon: 5 participants

============================================================
Results saved to:
  Individual fits:     output/mle/qlearning_individual_fits.csv
  Group summary:       output/mle/qlearning_group_summary.csv
  Timing log:          output/mle/qlearning_timing_log.csv
  Performance summary: output/mle/qlearning_performance_summary.json
============================================================

============================================================
STATUS: PARTIAL - 147/154 participants fit, 7 FAILED
  Failed participants: [10043, 10066, 10075, 10106, 10107, 10141, 10162]
============================================================

Completed: Sun Apr  5 04:34:10 AM AEST 2026 (exit code: 0)

============================================================
All models complete!
End time: Sun Apr  5 04:34:10 AM AEST 2026
============================================================

Results saved to:
  output/mle/*_individual_fits.csv
  output/mle/*_group_summary.csv
============================================================
