============================================================
RLWM MLE Fitting - Single Model (M3)
============================================================
Job ID: 50992267
Node: m3j002
Partition: comp
Model: qlearning
Limit: 0
Start time: Wed Feb  4 09:04:39 PM AEDT 2026
============================================================
Thread settings: OMP/MKL/OPENBLAS/NUMEXPR = 4 threads each
XLA settings: single-threaded LLVM compilation + single-threaded Eigen
JAX cache: /scratch/fc37/aman0087/.jax_cache
Debug flags: DISABLED (uncomment in script for debugging)

Validating environment...
Environment OK: all packages available

Running: python scripts/fitting/fit_mle.py --model qlearning --data output/task_trials_long.csv --output output/mle/ --n-starts 20 --seed 42 --limit 0

=== PRE-FIT MEMORY STATE ===
[21:04:46] MEMORY (PRE-FIT): Mem:           376Gi        20Gi       291Gi       362Mi        67Gi       355Gi
               total        used        free      shared  buff/cache   available
Mem:          385041       20518      298327         362       69121      364523
Swap:              0           0           0

Phase 1: JIT warmup with limited CPUs (prevents LLVM memory exhaustion)...
Warmup completed in 0 seconds (exit code: 2)
ERROR: Warmup failed with exit code 2
