============================================================
RLWM GPU-Accelerated MLE Fitting - M3 SLURM Job
============================================================
Job ID: 50998572
Node: m3g112
Partition: gpu
GPU(s): 0
Project: /fs04/fc37/adam/projects/rlwm_trauma_analysis/rlwm_trauma_analysis
Start time: Thu Feb  5 02:18:33 AM AEDT 2026
============================================================
Activated rlwm_gpu by name

Verifying GPU access...
JAX devices: [CudaDevice(id=0)]
GPU(s) available: [CudaDevice(id=0)]

JAX cache: /scratch/fc37/aman0087/.jax_cache_gpu


============================================================
Fitting model: wmrl (GPU-accelerated)
Started: Thu Feb  5 02:18:48 AM AEDT 2026
============================================================
GPU detected: [CudaDevice(id=0)]

============================================================
MLE Fitting: WMRL
============================================================
Data: output/task_trials_long.csv
Random starts: 20
Seed: 42
Output: output/mle/
Include practice: False
Parallel workers: 1
GPU acceleration: enabled
============================================================

Loading data...
  Total participants in data: 47
  Excluded participants: 2 (insufficient data/duplicates)
  Final sample: 45
  Total trials: 34806

[MEMORY] START: 390.1MB (psutil)

============================================================
MLE Fitting: WMRL
============================================================
Start time: 2026-02-05 02:19:02
Participants: 45
Random starts per participant: 20
Parallel workers: 1
============================================================

Preparing participant data...
[02:19:15] [  1/45] (  0.0%) Fitting 10000 (988 trials)... 