============================================================
RLWM GPU-Accelerated MLE Fitting - M3 SLURM Job
============================================================
Job ID: 54788344
Node: m3g111
Partition: gpu
GPU(s): 0
Project: /fs04/fc37/adam/projects/rlwm_trauma_analysis/rlwm_trauma_analysis
Start time: Mon Apr 13 01:09:29 AM AEST 2026
============================================================
Activated rlwm_gpu by name

Verifying GPU access...
JAX devices: [CudaDevice(id=0)]
GPU(s) available: [CudaDevice(id=0)]

JAX cache: /scratch/fc37/aman0087/.jax_cache_gpu

Cleaning up stale checkpoints...


============================================================
Fitting model: qlearning (GPU-accelerated)
Started: Mon Apr 13 01:09:30 AM AEST 2026
============================================================
[GPU 01:09:30] util=0% mem=0/46068MB temp=27C
GPU detected: [CudaDevice(id=0)]

============================================================
MLE Fitting: QLEARNING
============================================================
Data: output/task_trials_long.csv
Random starts: 50
Seed: 42
Output: output/mle/
Include practice: False
Parallel workers: 1
GPU acceleration: enabled
Hessian diagnostics: enabled (adds 5-30s per participant)
============================================================

Loading data...
  Total participants in data: 157
  Excluded participants: 3 (insufficient data/duplicates)
  Final sample: 154
  Total trials: 111943

[MEMORY] START: 551.8MB (psutil)

============================================================
MLE Fitting: QLEARNING
============================================================
Start time: 2026-04-13 01:09:58
Participants: 154
Random starts per participant: 50
Parallel workers: 1
============================================================

Preparing participant data...
  Prepared 10/154 participants...
  Prepared 20/154 participants...
  Prepared 30/154 participants...
  Prepared 40/154 participants...
  Prepared 50/154 participants...
  Prepared 60/154 participants...
  Prepared 70/154 participants...
  Prepared 80/154 participants...
  Prepared 90/154 participants...
  Prepared 100/154 participants...
  Prepared 110/154 participants...
  Prepared 120/154 participants...
  Prepared 130/154 participants...
  Prepared 140/154 participants...
  Prepared 150/154 participants...
  Data preparation complete (11.9s)

GPU detected (cuda:0). Using vectorized GPU fitting path.


============================================================
GPU-Vectorized MLE Fitting: QLEARNING
============================================================
Start time: 2026-04-13 01:10:10
Participants: 154
Random starts per participant: 50
Method: jaxopt.LBFGS + jax.vmap (fully vectorized)
============================================================

Stage 1: Preparing and stacking participant data...
  Stacked data shape: (154, 17, 100) (4.2s)
Stage 2: Generating unconstrained starting points...
  Starting points: (50, 3)
Stage 3: Building vmapped optimizer...
Stage 4: Running GPU-vectorized fitting (JIT compiling + executing)...
[MEMORY] PRE-GPU-FIT: 2290.4MB (psutil)
[GPU 01:14:30] util=100% mem=34557/46068MB temp=42C
[GPU 01:19:30] util=100% mem=34557/46068MB temp=55C
[GPU 01:24:30] util=100% mem=34557/46068MB temp=58C
[GPU 01:29:30] util=100% mem=34557/46068MB temp=57C
[GPU 01:34:30] util=100% mem=34557/46068MB temp=61C
[GPU 01:39:30] util=100% mem=34557/46068MB temp=60C
[GPU 01:44:30] util=100% mem=34557/46068MB temp=60C
[GPU 01:49:30] util=100% mem=34557/46068MB temp=58C
[GPU 01:54:30] util=100% mem=34557/46068MB temp=59C
[GPU 01:59:30] util=100% mem=34557/46068MB temp=59C
[GPU 02:04:30] util=100% mem=34557/46068MB temp=58C
[GPU 02:09:31] util=100% mem=34557/46068MB temp=57C
[GPU 02:14:31] util=100% mem=34557/46068MB temp=57C
[GPU 02:19:31] util=100% mem=34557/46068MB temp=61C
[GPU 02:24:31] util=100% mem=34557/46068MB temp=59C
[GPU 02:29:31] util=100% mem=34557/46068MB temp=59C
[GPU 02:34:31] util=100% mem=34557/46068MB temp=59C
[GPU 02:39:31] util=100% mem=34557/46068MB temp=60C
[GPU 02:44:31] util=100% mem=34557/46068MB temp=60C
[GPU 02:49:31] util=100% mem=34557/46068MB temp=58C
[GPU 02:54:31] util=100% mem=34557/46068MB temp=59C
[GPU 02:59:31] util=100% mem=34557/46068MB temp=59C
[GPU 03:04:31] util=100% mem=34557/46068MB temp=61C
[GPU 03:09:31] util=100% mem=34557/46068MB temp=60C
[GPU 03:14:31] util=100% mem=34557/46068MB temp=60C
[GPU 03:19:31] util=100% mem=34557/46068MB temp=59C
[MEMORY] POST-GPU-FIT: 2267.9MB (psutil)
  GPU fitting complete: 7757.7s
  Output shapes: params=(154, 50, 3), nlls=(154, 50)
Stage 5: Selecting best results and transforming parameters...
Stage 6: Building result dictionaries...
Stage 7: Computing Hessian diagnostics (sequential)...
    Hessian: 10/154 done
    Hessian: 20/154 done
    Hessian: 30/154 done
    Hessian: 40/154 done
    Hessian: 50/154 done
    Hessian: 60/154 done
    Hessian: 70/154 done
    Hessian: 80/154 done
    Hessian: 90/154 done
    Hessian: 100/154 done
    Hessian: 110/154 done
    Hessian: 120/154 done
    Hessian: 130/154 done
    Hessian: 140/154 done
    Hessian: 150/154 done
[GPU 03:24:31] util=0% mem=34557/46068MB temp=45C
  Hessian diagnostics complete: 154/154 successful (298.5s)

============================================================
GPU FITTING COMPLETE
============================================================
Total duration: 8063.9s (134.4min)
  GPU optimization: 7757.7s
Participants: 154 | Converged: 145 (94%)
Peak memory: 2.24GB
============================================================


============================================================
RESULTS
============================================================

Convergence: 145/154 (94.2%)

Group Statistics (n=145):
--------------------------------------------------
  alpha_pos   : 0.162 +/- 0.024  (SD=0.283)
  alpha_neg   : 0.102 +/- 0.020  (SD=0.242)
  epsilon     : 0.191 +/- 0.010  (SD=0.121)

Model Fit:
--------------------------------------------------
  NLL         : 487.66 +/- 10.48
  AIC         : 981.31 +/- 20.95
  BIC         : 995.06 +/- 20.96
  PSEUDO-R²   : 0.383 +/- 0.152

Hessian Diagnostics:
--------------------------------------------------
  Successfully computed: 154/154
  Median condition number: 5117419.2
  Warning: 110 participants with condition > 1000 (identifiability issues)

Warning: Parameters hitting bounds:
  alpha_neg: 100 participants
  alpha_pos: 16 participants
  epsilon: 5 participants

============================================================
Results saved to:
  Individual fits:     output/mle/qlearning_individual_fits.csv
  Group summary:       output/mle/qlearning_group_summary.csv
  Timing log:          output/mle/qlearning_timing_log.csv
  Performance summary: output/mle/qlearning_performance_summary.json
============================================================

============================================================
STATUS: COMPLETE - 154 participants fit (145 converged, 9 did not converge)
============================================================

Completed: Mon Apr 13 03:24:39 AM AEST 2026 (exit code: 0)

============================================================
All models complete!
End time: Mon Apr 13 03:24:39 AM AEST 2026
============================================================

Results saved to:
  output/mle/*_individual_fits.csv
  output/mle/*_group_summary.csv
============================================================

============================================================
JOB RESOURCE REPORT
============================================================
Job ID: 54788344
Node: m3g111

GPU Info:
  Model:       NVIDIA L40S
  VRAM Total:   46068 MiB
  VRAM Used:    0 MiB
  VRAM Free:    45468 MiB
  Utilization:  9 %
  Temperature:  45

SLURM Accounting:
            54788344   02:15:12                              64G          4      RUNNING 
      54788344.batch   02:15:12                                           4      RUNNING 
     54788344.extern   02:15:12                                           4      RUNNING 

For detailed stats after completion:
  jobstats 54788344
============================================================
