
EnvironmentNameNotFound: Could not find conda environment: rlwm
You can list all discoverable environments with `conda info --envs`.


[Parallel(n_jobs=8)]: Using backend LokyBackend with 8 concurrent workers.
2026-02-01 09:05:04.182802: E external/xla/xla/backends/cpu/codegen/contiguous_section_memory_manager.cc:101] allocateMappedMemory failed with error: Cannot allocate memory
E0201 09:05:04.182777 3048825 execution_engine.cc:54] LLVM compilation error: Cannot allocate memory
E0201 09:05:04.182734 3048773 execution_engine.cc:54] LLVM compilation error: Cannot allocate memory
2026-02-01 09:05:04.184415: E external/xla/xla/backends/cpu/codegen/contiguous_section_memory_manager.cc:139] Failed to satisfy suballocation request for 36
LLVM ERROR: Unable to allocate section memory!
2026-02-01 09:05:04.184552: E external/xla/xla/backends/cpu/codegen/contiguous_section_memory_manager.cc:101] allocateMappedMemory failed with error: Cannot allocate memory
2026-02-01 09:05:04.184578: E external/xla/xla/backends/cpu/codegen/contiguous_section_memory_manager.cc:139] Failed to satisfy suballocation request for 732
LLVM ERROR: Unable to allocate section memory!
2026-02-01 09:05:04.184601: E external/xla/xla/backends/cpu/codegen/contiguous_section_memory_manager.cc:101] allocateMappedMemory failed with error: Cannot allocate memory
2026-02-01 09:05:04.184621: E external/xla/xla/backends/cpu/codegen/contiguous_section_memory_manager.cc:139] Failed to satisfy suballocation request for 80
LLVM ERROR: Unable to allocate section memory!
2026-02-01 09:05:04.184641: E external/xla/xla/backends/cpu/codegen/contiguous_section_memory_manager.cc:101] allocateMappedMemory failed with error: Cannot allocate memory
2026-02-01 09:05:04.184657: E external/xla/xla/backends/cpu/codegen/contiguous_section_memory_manager.cc:139] Failed to satisfy suballocation request for 202
LLVM ERROR: Unable to allocate section memory!
E0201 09:05:04.187327 3048784 execution_engine.cc:54] LLVM compilation error: JITDylib <xla_jit_dylib_17> is defunct
E0201 09:05:04.191647 3048773 execution_engine.cc:54] LLVM compilation error: JITDylib <xla_jit_dylib_0> is defunct
E0201 09:05:04.193455 3048784 execution_engine.cc:54] LLVM compilation error: JITDylib <xla_jit_dylib_0> is defunct
Fatal Python error: Aborted

Traceback (most recent call last):
  File "/fs04/fc37/adam/projects/rlwm_trauma_analysis/rlwm_trauma_analysis/scripts/fitting/fit_mle.py", line 947, in <module>
    main()
  File "/fs04/fc37/adam/projects/rlwm_trauma_analysis/rlwm_trauma_analysis/scripts/fitting/fit_mle.py", line 824, in main
    fits_df, timing_info = fit_all_participants(
  File "/fs04/fc37/adam/projects/rlwm_trauma_analysis/rlwm_trauma_analysis/scripts/fitting/fit_mle.py", line 557, in fit_all_participants
    results = Parallel(
  File "/scratch/fc37/aman0087/conda/envs/rlwm/lib/python3.10/site-packages/joblib/parallel.py", line 2072, in __call__
    return output if self.return_generator else list(output)
  File "/scratch/fc37/aman0087/conda/envs/rlwm/lib/python3.10/site-packages/joblib/parallel.py", line 1682, in _get_outputs
    yield from self._retrieve()
  File "/scratch/fc37/aman0087/conda/envs/rlwm/lib/python3.10/site-packages/joblib/parallel.py", line 1784, in _retrieve
    self._raise_error_fast()
  File "/scratch/fc37/aman0087/conda/envs/rlwm/lib/python3.10/site-packages/joblib/parallel.py", line 1859, in _raise_error_fast
    error_job.get_result(self.timeout)
  File "/scratch/fc37/aman0087/conda/envs/rlwm/lib/python3.10/site-packages/joblib/parallel.py", line 758, in get_result
    return self._return_or_raise()
  File "/scratch/fc37/aman0087/conda/envs/rlwm/lib/python3.10/site-packages/joblib/parallel.py", line 773, in _return_or_raise
    raise self._result
joblib.externals.loky.process_executor.TerminatedWorkerError: A worker process managed by the executor was unexpectedly terminated. This could be caused by a segmentation fault while calling the function or by an excessive memory usage causing the Operating System to kill the worker.

The exit codes of the workers are {SIGABRT(-6)}
Detailed tracebacks of the workers should have been printed to stderr in the executor process if faulthandler was not disabled.
