
EnvironmentNameNotFound: Could not find conda environment: rlwm
You can list all discoverable environments with `conda info --envs`.


[Parallel(n_jobs=16)]: Using backend LokyBackend with 16 concurrent workers.
2026-02-01 06:36:58.691296: E external/xla/xla/service/slow_operation_alarm.cc:73] 
********************************
[Compiling module jit_while] Very slow compile? If you want to file a bug, run with envvar XLA_FLAGS=--xla_dump_to=/tmp/foo and attach the results.
********************************
2026-02-01 06:37:01.581691: E external/xla/xla/service/slow_operation_alarm.cc:73] 
********************************
[Compiling module jit_while] Very slow compile? If you want to file a bug, run with envvar XLA_FLAGS=--xla_dump_to=/tmp/foo and attach the results.
********************************
2026-02-01 06:37:02.248145: E external/xla/xla/service/slow_operation_alarm.cc:73] 
********************************
[Compiling module jit_while] Very slow compile? If you want to file a bug, run with envvar XLA_FLAGS=--xla_dump_to=/tmp/foo and attach the results.
********************************
2026-02-01 06:37:03.769963: E external/xla/xla/service/slow_operation_alarm.cc:73] 
********************************
[Compiling module jit_scan] Very slow compile? If you want to file a bug, run with envvar XLA_FLAGS=--xla_dump_to=/tmp/foo and attach the results.
********************************
2026-02-01 06:40:18.372469: E external/xla/xla/service/slow_operation_alarm.cc:140] The operation took 5m14.461394407s

********************************
[Compiling module jit_scan] Very slow compile? If you want to file a bug, run with envvar XLA_FLAGS=--xla_dump_to=/tmp/foo and attach the results.
********************************
Traceback (most recent call last):
  File "/fs04/fc37/adam/projects/rlwm_trauma_analysis/rlwm_trauma_analysis/scripts/fitting/fit_mle.py", line 852, in <module>
    main()
  File "/fs04/fc37/adam/projects/rlwm_trauma_analysis/rlwm_trauma_analysis/scripts/fitting/fit_mle.py", line 744, in main
    fits_df, timing_info = fit_all_participants(
  File "/fs04/fc37/adam/projects/rlwm_trauma_analysis/rlwm_trauma_analysis/scripts/fitting/fit_mle.py", line 491, in fit_all_participants
    results = Parallel(
  File "/scratch/fc37/aman0087/conda/envs/rlwm/lib/python3.10/site-packages/joblib/parallel.py", line 2072, in __call__
    return output if self.return_generator else list(output)
  File "/scratch/fc37/aman0087/conda/envs/rlwm/lib/python3.10/site-packages/joblib/parallel.py", line 1682, in _get_outputs
    yield from self._retrieve()
  File "/scratch/fc37/aman0087/conda/envs/rlwm/lib/python3.10/site-packages/joblib/parallel.py", line 1784, in _retrieve
    self._raise_error_fast()
  File "/scratch/fc37/aman0087/conda/envs/rlwm/lib/python3.10/site-packages/joblib/parallel.py", line 1859, in _raise_error_fast
    error_job.get_result(self.timeout)
  File "/scratch/fc37/aman0087/conda/envs/rlwm/lib/python3.10/site-packages/joblib/parallel.py", line 758, in get_result
    return self._return_or_raise()
  File "/scratch/fc37/aman0087/conda/envs/rlwm/lib/python3.10/site-packages/joblib/parallel.py", line 773, in _return_or_raise
    raise self._result
joblib.externals.loky.process_executor.TerminatedWorkerError: A worker process managed by the executor was unexpectedly terminated. This could be caused by a segmentation fault while calling the function or by an excessive memory usage causing the Operating System to kill the worker.

The exit codes of the workers are {SIGKILL(-9)}
Detailed tracebacks of the workers should have been printed to stderr in the executor process if faulthandler was not disabled.
[Parallel(n_jobs=16)]: Using backend LokyBackend with 16 concurrent workers.
2026-02-01 06:47:05.893957: E external/xla/xla/service/slow_operation_alarm.cc:73] 
********************************
[Compiling module jit_while] Very slow compile? If you want to file a bug, run with envvar XLA_FLAGS=--xla_dump_to=/tmp/foo and attach the results.
********************************
2026-02-01 06:47:12.073965: E external/xla/xla/service/slow_operation_alarm.cc:73] 
********************************
[Compiling module jit_while] Very slow compile? If you want to file a bug, run with envvar XLA_FLAGS=--xla_dump_to=/tmp/foo and attach the results.
********************************
2026-02-01 06:48:02.668545: E external/xla/xla/service/slow_operation_alarm.cc:140] The operation took 2m56.790739629s

********************************
[Compiling module jit_while] Very slow compile? If you want to file a bug, run with envvar XLA_FLAGS=--xla_dump_to=/tmp/foo and attach the results.
********************************
Traceback (most recent call last):
  File "/fs04/fc37/adam/projects/rlwm_trauma_analysis/rlwm_trauma_analysis/scripts/fitting/fit_mle.py", line 852, in <module>
    main()
  File "/fs04/fc37/adam/projects/rlwm_trauma_analysis/rlwm_trauma_analysis/scripts/fitting/fit_mle.py", line 744, in main
    fits_df, timing_info = fit_all_participants(
  File "/fs04/fc37/adam/projects/rlwm_trauma_analysis/rlwm_trauma_analysis/scripts/fitting/fit_mle.py", line 491, in fit_all_participants
    results = Parallel(
  File "/scratch/fc37/aman0087/conda/envs/rlwm/lib/python3.10/site-packages/joblib/parallel.py", line 2072, in __call__
    return output if self.return_generator else list(output)
  File "/scratch/fc37/aman0087/conda/envs/rlwm/lib/python3.10/site-packages/joblib/parallel.py", line 1682, in _get_outputs
    yield from self._retrieve()
  File "/scratch/fc37/aman0087/conda/envs/rlwm/lib/python3.10/site-packages/joblib/parallel.py", line 1784, in _retrieve
    self._raise_error_fast()
  File "/scratch/fc37/aman0087/conda/envs/rlwm/lib/python3.10/site-packages/joblib/parallel.py", line 1859, in _raise_error_fast
    error_job.get_result(self.timeout)
  File "/scratch/fc37/aman0087/conda/envs/rlwm/lib/python3.10/site-packages/joblib/parallel.py", line 758, in get_result
    return self._return_or_raise()
  File "/scratch/fc37/aman0087/conda/envs/rlwm/lib/python3.10/site-packages/joblib/parallel.py", line 773, in _return_or_raise
    raise self._result
joblib.externals.loky.process_executor.TerminatedWorkerError: A worker process managed by the executor was unexpectedly terminated. This could be caused by a segmentation fault while calling the function or by an excessive memory usage causing the Operating System to kill the worker.

The exit codes of the workers are {SIGKILL(-9)}
Detailed tracebacks of the workers should have been printed to stderr in the executor process if faulthandler was not disabled.
[Parallel(n_jobs=16)]: Using backend LokyBackend with 16 concurrent workers.
Traceback (most recent call last):
  File "/fs04/fc37/adam/projects/rlwm_trauma_analysis/rlwm_trauma_analysis/scripts/fitting/fit_mle.py", line 852, in <module>
    main()
  File "/fs04/fc37/adam/projects/rlwm_trauma_analysis/rlwm_trauma_analysis/scripts/fitting/fit_mle.py", line 744, in main
    fits_df, timing_info = fit_all_participants(
  File "/fs04/fc37/adam/projects/rlwm_trauma_analysis/rlwm_trauma_analysis/scripts/fitting/fit_mle.py", line 491, in fit_all_participants
    results = Parallel(
  File "/scratch/fc37/aman0087/conda/envs/rlwm/lib/python3.10/site-packages/joblib/parallel.py", line 2072, in __call__
    return output if self.return_generator else list(output)
  File "/scratch/fc37/aman0087/conda/envs/rlwm/lib/python3.10/site-packages/joblib/parallel.py", line 1682, in _get_outputs
    yield from self._retrieve()
  File "/scratch/fc37/aman0087/conda/envs/rlwm/lib/python3.10/site-packages/joblib/parallel.py", line 1784, in _retrieve
    self._raise_error_fast()
  File "/scratch/fc37/aman0087/conda/envs/rlwm/lib/python3.10/site-packages/joblib/parallel.py", line 1859, in _raise_error_fast
    error_job.get_result(self.timeout)
  File "/scratch/fc37/aman0087/conda/envs/rlwm/lib/python3.10/site-packages/joblib/parallel.py", line 758, in get_result
    return self._return_or_raise()
  File "/scratch/fc37/aman0087/conda/envs/rlwm/lib/python3.10/site-packages/joblib/parallel.py", line 773, in _return_or_raise
    raise self._result
joblib.externals.loky.process_executor.TerminatedWorkerError: A worker process managed by the executor was unexpectedly terminated. This could be caused by a segmentation fault while calling the function or by an excessive memory usage causing the Operating System to kill the worker.

The exit codes of the workers are {SIGKILL(-9)}
Detailed tracebacks of the workers should have been printed to stderr in the executor process if faulthandler was not disabled.
[2026-02-01T06:51:42.629] error: Detected 3 oom_kill events in StepId=50936489.batch. Some of the step tasks have been OOM Killed.
