============================================================
RLWM GPU-Accelerated MLE Fitting - M3 SLURM Job
============================================================
Job ID: 54788346
Node: m3g115
Partition: gpu
GPU(s): 0
Project: /fs04/fc37/adam/projects/rlwm_trauma_analysis/rlwm_trauma_analysis
Start time: Mon Apr 13 01:33:17 AM AEST 2026
============================================================
Activated rlwm_gpu by name

Verifying GPU access...
JAX devices: [CudaDevice(id=0)]
GPU(s) available: [CudaDevice(id=0)]

JAX cache: /scratch/fc37/aman0087/.jax_cache_gpu

Cleaning up stale checkpoints...


============================================================
Fitting model: wmrl_m3 (GPU-accelerated)
Started: Mon Apr 13 01:33:29 AM AEST 2026
============================================================
[GPU 01:33:29] util=0% mem=0/46068MB temp=40C
GPU detected: [CudaDevice(id=0)]

============================================================
MLE Fitting: WMRL_M3
============================================================
Data: output/task_trials_long.csv
Random starts: 50
Seed: 42
Output: output/mle/
Include practice: False
Parallel workers: 1
GPU acceleration: enabled
Hessian diagnostics: enabled (adds 5-30s per participant)
============================================================

Loading data...
  Total participants in data: 157
  Excluded participants: 3 (insufficient data/duplicates)
  Final sample: 154
  Total trials: 111943

[MEMORY] START: 550.2MB (psutil)

============================================================
MLE Fitting: WMRL_M3
============================================================
Start time: 2026-04-13 01:33:51
Participants: 154
Random starts per participant: 50
Parallel workers: 1
============================================================

Preparing participant data...
  Prepared 10/154 participants...
  Prepared 20/154 participants...
  Prepared 30/154 participants...
  Prepared 40/154 participants...
  Prepared 50/154 participants...
  Prepared 60/154 participants...
  Prepared 70/154 participants...
  Prepared 80/154 participants...
  Prepared 90/154 participants...
  Prepared 100/154 participants...
  Prepared 110/154 participants...
  Prepared 120/154 participants...
  Prepared 130/154 participants...
  Prepared 140/154 participants...
  Prepared 150/154 participants...
  Data preparation complete (11.7s)

GPU detected (cuda:0). Using vectorized GPU fitting path.


============================================================
GPU-Vectorized MLE Fitting: WMRL_M3
============================================================
Start time: 2026-04-13 01:34:02
Participants: 154
Random starts per participant: 50
Method: jaxopt.LBFGS + jax.vmap (fully vectorized)
============================================================

Stage 1: Preparing and stacking participant data...
  Stacked data shape: (154, 17, 100) (4.9s)
Stage 2: Generating unconstrained starting points...
  Starting points: (50, 7)
Stage 3: Building vmapped optimizer...
Stage 4: Running GPU-vectorized fitting (JIT compiling + executing)...
[MEMORY] PRE-GPU-FIT: 2297.8MB (psutil)
[GPU 01:38:29] util=100% mem=34571/46068MB temp=53C
[GPU 01:43:29] util=100% mem=34571/46068MB temp=54C
[GPU 01:48:29] util=100% mem=34571/46068MB temp=55C
[GPU 01:53:29] util=100% mem=34571/46068MB temp=55C
[GPU 01:58:29] util=100% mem=34571/46068MB temp=56C
[GPU 02:03:29] util=100% mem=34571/46068MB temp=56C
[GPU 02:08:29] util=100% mem=34571/46068MB temp=55C
[GPU 02:13:29] util=100% mem=34571/46068MB temp=56C
[GPU 02:18:29] util=100% mem=34571/46068MB temp=55C
[GPU 02:23:29] util=100% mem=34571/46068MB temp=55C
[GPU 02:28:29] util=100% mem=34571/46068MB temp=55C
[GPU 02:33:29] util=100% mem=34571/46068MB temp=55C
[GPU 02:38:29] util=100% mem=34571/46068MB temp=55C
[GPU 02:43:29] util=100% mem=34571/46068MB temp=55C
[GPU 02:48:29] util=100% mem=34571/46068MB temp=55C
[GPU 02:53:29] util=100% mem=34571/46068MB temp=56C
[GPU 02:58:29] util=100% mem=34571/46068MB temp=56C
[GPU 03:03:29] util=100% mem=34571/46068MB temp=56C
[GPU 03:08:29] util=100% mem=34571/46068MB temp=55C
[GPU 03:13:29] util=100% mem=34571/46068MB temp=55C
[GPU 03:18:29] util=100% mem=34571/46068MB temp=55C
[GPU 03:23:29] util=100% mem=34571/46068MB temp=56C
[GPU 03:28:29] util=100% mem=34571/46068MB temp=56C
[GPU 03:33:29] util=100% mem=34571/46068MB temp=56C
[GPU 03:38:29] util=100% mem=34571/46068MB temp=56C
[GPU 03:43:29] util=100% mem=34571/46068MB temp=56C
[GPU 03:48:29] util=100% mem=34571/46068MB temp=55C
[GPU 03:53:29] util=100% mem=34571/46068MB temp=54C
[GPU 03:58:29] util=100% mem=34571/46068MB temp=55C
[GPU 04:03:29] util=100% mem=34571/46068MB temp=55C
[GPU 04:08:29] util=100% mem=34571/46068MB temp=56C
[GPU 04:13:29] util=100% mem=34571/46068MB temp=56C
[GPU 04:18:29] util=100% mem=34571/46068MB temp=55C
[GPU 04:23:29] util=100% mem=34571/46068MB temp=55C
[GPU 04:28:29] util=100% mem=34571/46068MB temp=55C
[GPU 04:33:29] util=100% mem=34571/46068MB temp=56C
[GPU 04:38:29] util=100% mem=34571/46068MB temp=56C
[GPU 04:43:29] util=100% mem=34571/46068MB temp=56C
[GPU 04:48:29] util=100% mem=34571/46068MB temp=56C
[GPU 04:53:29] util=100% mem=34571/46068MB temp=55C
[GPU 04:58:29] util=100% mem=34571/46068MB temp=55C
[GPU 05:03:29] util=100% mem=34571/46068MB temp=55C
[GPU 05:08:30] util=100% mem=34571/46068MB temp=54C
[GPU 05:13:30] util=100% mem=34571/46068MB temp=55C
[GPU 05:18:30] util=100% mem=34571/46068MB temp=55C
[GPU 05:23:30] util=100% mem=34571/46068MB temp=55C
[GPU 05:28:30] util=100% mem=34571/46068MB temp=55C
[GPU 05:33:30] util=100% mem=34571/46068MB temp=55C
[GPU 05:38:30] util=100% mem=34571/46068MB temp=56C
[GPU 05:43:30] util=100% mem=34571/46068MB temp=55C
[GPU 05:48:30] util=100% mem=34571/46068MB temp=56C
[GPU 05:53:30] util=100% mem=34571/46068MB temp=55C
[GPU 05:58:30] util=100% mem=34571/46068MB temp=55C
[GPU 06:03:30] util=100% mem=34571/46068MB temp=55C
[GPU 06:08:30] util=100% mem=34571/46068MB temp=55C
[GPU 06:13:30] util=100% mem=34571/46068MB temp=55C
[GPU 06:18:30] util=100% mem=34571/46068MB temp=56C
[GPU 06:23:30] util=100% mem=34571/46068MB temp=56C
[GPU 06:28:30] util=100% mem=34571/46068MB temp=54C
[MEMORY] POST-GPU-FIT: 2398.8MB (psutil)
  GPU fitting complete: 17693.7s
  Output shapes: params=(154, 50, 7), nlls=(154, 50)
Stage 5: Selecting best results and transforming parameters...
Stage 6: Building result dictionaries...
Stage 7: Computing Hessian diagnostics (sequential)...
    Hessian: 10/154 done
    Hessian: 20/154 done
    Hessian: 30/154 done
    Hessian: 40/154 done
    Hessian: 50/154 done
    Hessian: 60/154 done
    Hessian: 70/154 done
    Hessian: 80/154 done
    Hessian: 90/154 done
    Hessian: 100/154 done
    Hessian: 110/154 done
    Hessian: 120/154 done
    Hessian: 130/154 done
    Hessian: 140/154 done
    Hessian: 150/154 done
  Hessian diagnostics complete: 150/154 successful (213.0s)

============================================================
GPU FITTING COMPLETE
============================================================
Total duration: 17914.8s (298.6min)
  GPU optimization: 17693.7s
Participants: 154 | Converged: 117 (76%)
Peak memory: 2.34GB
============================================================


============================================================
RESULTS
============================================================

Convergence: 117/154 (76.0%)

Group Statistics (n=117):
--------------------------------------------------
  alpha_pos   : 0.044 +/- 0.014  (SD=0.152)
  alpha_neg   : 0.018 +/- 0.011  (SD=0.122)
  phi         : 0.243 +/- 0.017  (SD=0.179)
  rho         : 0.857 +/- 0.017  (SD=0.189)
  capacity    : 2.928 +/- 0.116  (SD=1.257)
  kappa       : 0.060 +/- 0.010  (SD=0.106)
  epsilon     : 0.064 +/- 0.008  (SD=0.090)

Model Fit:
--------------------------------------------------
  NLL         : 465.76 +/- 11.18
  AIC         : 945.52 +/- 22.36
  BIC         : 977.61 +/- 22.37
  PSEUDO-R²   : 0.418 +/- 0.149

Hessian Diagnostics:
--------------------------------------------------
  Successfully computed: 150/154
  Median condition number: 786817856.0
  Warning: 151 participants with condition > 1000 (identifiability issues)

Warning: Parameters hitting bounds:
  alpha_pos: 68 participants
  alpha_neg: 150 participants
  kappa: 51 participants
  phi: 20 participants
  epsilon: 61 participants
  rho: 43 participants
  capacity: 6 participants

============================================================
Results saved to:
  Individual fits:     output/mle/wmrl_m3_individual_fits.csv
  Group summary:       output/mle/wmrl_m3_group_summary.csv
  Timing log:          output/mle/wmrl_m3_timing_log.csv
  Performance summary: output/mle/wmrl_m3_performance_summary.json
============================================================

============================================================
STATUS: COMPLETE - 154 participants fit (117 converged, 37 did not converge)
============================================================

Completed: Mon Apr 13 06:32:42 AM AEST 2026 (exit code: 0)

============================================================
All models complete!
End time: Mon Apr 13 06:32:42 AM AEST 2026
============================================================

Results saved to:
  output/mle/*_individual_fits.csv
  output/mle/*_group_summary.csv
============================================================

============================================================
JOB RESOURCE REPORT
============================================================
Job ID: 54788346
Node: m3g115

GPU Info:
  Model:       NVIDIA L40S
  VRAM Total:   46068 MiB
  VRAM Used:    0 MiB
  VRAM Free:    45468 MiB
  Utilization:  0 %
  Temperature:  42

SLURM Accounting:
            54788346   04:59:27                              64G          4      RUNNING 
      54788346.batch   04:59:27                                           4      RUNNING 
     54788346.extern   04:59:27                                           4      RUNNING 

For detailed stats after completion:
  jobstats 54788346
============================================================
