============================================================
RLWM GPU-Accelerated MLE Fitting - M3 SLURM Job
============================================================
Job ID: 51020066
Node: m3g108
Partition: gpu
GPU(s): 0
Project: /fs04/fc37/adam/projects/rlwm_trauma_analysis/rlwm_trauma_analysis
Start time: Thu Feb  5 11:13:41 PM AEDT 2026
============================================================
Activated rlwm_gpu by name

Verifying GPU access...
JAX devices: [CudaDevice(id=0)]
GPU(s) available: [CudaDevice(id=0)]

JAX cache: /scratch/fc37/aman0087/.jax_cache_gpu

Cleaning up stale checkpoints...


============================================================
Fitting model: qlearning (GPU-accelerated)
Started: Thu Feb  5 11:13:49 PM AEDT 2026
============================================================
GPU detected: [CudaDevice(id=0)]

============================================================
MLE Fitting: QLEARNING
============================================================
Data: output/task_trials_long.csv
Random starts: 50
Seed: 42
Output: output/mle/
Include practice: False
Parallel workers: 1
GPU acceleration: enabled
Hessian diagnostics: disabled
============================================================

Loading data...
  Total participants in data: 47
  Excluded participants: 2 (insufficient data/duplicates)
  Final sample: 45
  Total trials: 34806

[MEMORY] START: 521.7MB (psutil)

============================================================
MLE Fitting: QLEARNING
============================================================
Start time: 2026-02-05 23:13:53
Participants: 45
Random starts per participant: 50
Parallel workers: 1
============================================================

Preparing participant data...
  Prepared 10/45 participants...
  Prepared 20/45 participants...
  Prepared 30/45 participants...
  Prepared 40/45 participants...
  Data preparation complete (5.4s)


[23:13:59] [  1/45] (  0.0%) Fitting 10000 (988 trials)
      [1/5] Counting trials... done (0.00s)
      [2/5] Preparing JAX arrays... done (0.02s)
      [3/5] Creating objective functions... done (0.19s)
      [4/5] Creating L-BFGS-B solver... done (0.01s)
      [5/5] Running 50 optimizations (L-BFGS-B)...
            Start 1/50 (JIT compiling)... done (1.87s, NLL=819.9)
            Starts 2-50... done (total: 48.1s)
            Optimizer: 49/50 scipy-converged, 1 hit maxiter
            NLLs: best=763.2 | 3 within 1.0 | 3 within 5.0 | range=56.7
[MEMORY] POST-JIT (compilation complete): 2099.2MB (psutil)
      Result: [OK] NLL=763.2, R²=0.30, near_best=3, total=48.3s

[23:14:47] [  2/45] (  2.2%) Fitting 9187 (990 trials) | ETA: 35.4min
      [5/5] Running 50 optimizations (L-BFGS-B)...
            Start 1/50 (JIT compiling)... done (1.86s, NLL=850.7)
            Starts 2-50... done (total: 45.3s)
            Optimizer: 50/50 scipy-converged, 0 hit maxiter
            NLLs: best=824.6 | 4 within 1.0 | 4 within 5.0 | range=64.2
      Result: [OK] NLL=824.6, R²=0.24, near_best=4, total=45.4s

[23:15:32] [  3/45] (  4.4%) Fitting 10002 (986 trials) | ETA: 32.5min
      [5/5] Running 50 optimizations (L-BFGS-B)...
            Start 1/50 (JIT compiling)... done (1.92s, NLL=500.9)
            Starts 2-50... done (total: 63.8s)
            Optimizer: 49/50 scipy-converged, 1 hit maxiter
            NLLs: best=478.1 | 5 within 1.0 | 26 within 5.0 | range=22.8
      Result: [OK] NLL=478.1, R²=0.56, near_best=5, total=63.8s

[23:16:36] [  4/45] (  6.7%) Fitting 10003 (973 trials) | ETA: 38.2min
      [5/5] Running 50 optimizations (L-BFGS-B)...
            Start 1/50 (JIT compiling)... done (1.03s, NLL=719.4)
            Starts 2-50... done (total: 39.0s)
            Optimizer: 50/50 scipy-converged, 0 hit maxiter
            NLLs: best=679.2 | 1 within 1.0 | 1 within 5.0 | range=40.2
      Result: [OK] NLL=679.2, R²=0.36, near_best=1, total=39.0s

[23:17:15] [  5/45] (  8.9%) Fitting 10004 (990 trials) | ETA: 33.8min
      [5/5] Running 50 optimizations (L-BFGS-B)...
            Start 1/50 (JIT compiling)... done (1.43s, NLL=414.2)
            Starts 2-50... done (total: 50.4s)
            Optimizer: 48/50 scipy-converged, 2 hit maxiter
            NLLs: best=407.0 | 8 within 1.0 | 8 within 5.0 | range=7.2
      Result: [OK] NLL=407.0, R²=0.63, near_best=8, total=50.4s

[23:18:06] [  6/45] ( 11.1%) Fitting 10005 (985 trials) | ETA: 33.1min
      [5/5] Running 50 optimizations (L-BFGS-B)...
            Start 1/50 (JIT compiling)... done (1.80s, NLL=466.8)
            Starts 2-50... done (total: 49.9s)
            Optimizer: 49/50 scipy-converged, 1 hit maxiter
            NLLs: best=447.6 | 2 within 1.0 | 2 within 5.0 | range=25.2
      Result: [OK] NLL=447.6, R²=0.59, near_best=2, total=49.9s

[23:18:55] [  7/45] ( 13.3%) Fitting 10006 (987 trials) | ETA: 32.3min
      [5/5] Running 50 optimizations (L-BFGS-B)...
            Start 1/50 (JIT compiling)... done (1.44s, NLL=403.5)
            Starts 2-50... done (total: 62.1s)
            Optimizer: 50/50 scipy-converged, 0 hit maxiter
            NLLs: best=389.7 | 1 within 1.0 | 1 within 5.0 | range=15.9
      Result: [OK] NLL=389.7, R²=0.64, near_best=1, total=62.1s

[23:19:58] [  8/45] ( 15.6%) Fitting 10007 (987 trials) | ETA: 32.8min
      [5/5] Running 50 optimizations (L-BFGS-B)...
            Start 1/50 (JIT compiling)... done (1.05s, NLL=979.8)
            Starts 2-50... done (total: 43.8s)
            Optimizer: 50/50 scipy-converged, 0 hit maxiter
            NLLs: best=907.7 | 6 within 1.0 | 6 within 5.0 | range=72.5
      Result: [OK] NLL=907.7, R²=0.16, near_best=6, total=43.8s

[23:20:41] [  9/45] ( 17.8%) Fitting 10016 (987 trials) | ETA: 31.2min
      [5/5] Running 50 optimizations (L-BFGS-B)...
            Start 1/50 (JIT compiling)... done (1.48s, NLL=451.6)
            Starts 2-50... done (total: 52.8s)
            Optimizer: 49/50 scipy-converged, 1 hit maxiter
            NLLs: best=444.2 | 18 within 1.0 | 22 within 5.0 | range=7.4
      Result: [OK] NLL=444.2, R²=0.59, near_best=18, total=52.8s

[23:21:34] [ 10/45] ( 20.0%) Fitting 10017 (986 trials) | ETA: 30.5min
      [5/5] Running 50 optimizations (L-BFGS-B)...
            Start 1/50 (JIT compiling)... done (2.11s, NLL=411.6)
            Starts 2-50... done (total: 54.8s)
            Optimizer: 49/50 scipy-converged, 1 hit maxiter
            NLLs: best=411.6 | 40 within 1.0 | 47 within 5.0 | range=19.2
      Result: [OK] NLL=411.6, R²=0.62, near_best=40, total=54.8s

    +----------------------------------------------------------
    | PROGRESS: 10/45 (22%)
    | Elapsed: 8.6min | Remaining: ~30.0min
    | Converged: 10/10 (100%) | Avg: 51.4s/participant
    | Memory: 2.11GB
    +----------------------------------------------------------


[23:22:29] [ 11/45] ( 22.2%) Fitting 10018 (986 trials) | ETA: 30.0min
      [5/5] Running 50 optimizations (L-BFGS-B)...
            Start 1/50 (JIT compiling)... done (1.69s, NLL=651.6)
            Starts 2-50... done (total: 50.9s)
            Optimizer: 48/50 scipy-converged, 2 hit maxiter
            NLLs: best=590.0 | 5 within 1.0 | 5 within 5.0 | range=64.0
      Result: [OK] NLL=590.0, R²=0.46, near_best=5, total=51.0s

[23:23:20] [ 12/45] ( 24.4%) Fitting 10024 (718 trials) | ETA: 29.1min
      [5/5] Running 50 optimizations (L-BFGS-B)...
            Start 1/50 (JIT compiling)... done (1.51s, NLL=323.1)
            Starts 2-50... done (total: 56.8s)
            Optimizer: 48/50 scipy-converged, 2 hit maxiter
            NLLs: best=312.2 | 1 within 1.0 | 1 within 5.0 | range=26.5
      Result: [OK] NLL=312.2, R²=0.60, near_best=1, total=56.8s

[23:24:17] [ 13/45] ( 26.7%) Fitting 10025 (414 trials) | ETA: 28.5min
      [5/5] Running 50 optimizations (L-BFGS-B)...
            Start 1/50 (JIT compiling)... done (1.25s, NLL=304.6)
            Starts 2-50... done (total: 40.3s)
            Optimizer: 49/50 scipy-converged, 1 hit maxiter
            NLLs: best=259.9 | 2 within 1.0 | 14 within 5.0 | range=44.7
      Result: [OK] NLL=259.9, R²=0.43, near_best=2, total=40.3s

[23:24:57] [ 14/45] ( 28.9%) Fitting 10027 (718 trials) | ETA: 27.1min
      [5/5] Running 50 optimizations (L-BFGS-B)...
            Start 1/50 (JIT compiling)... done (1.17s, NLL=350.6)
            Starts 2-50... done (total: 54.7s)
            Optimizer: 46/50 scipy-converged, 4 hit maxiter
            NLLs: best=299.3 | 4 within 1.0 | 4 within 5.0 | range=51.3
      Result: [OK] NLL=299.3, R²=0.62, near_best=4, total=54.7s

[23:25:52] [ 15/45] ( 31.1%) Fitting 10028 (699 trials) | ETA: 26.4min
      [5/5] Running 50 optimizations (L-BFGS-B)...
            Start 1/50 (JIT compiling)... done (0.93s, NLL=734.1)
            Starts 2-50... done (total: 39.1s)
            Optimizer: 50/50 scipy-converged, 0 hit maxiter
            NLLs: best=709.6 | 7 within 1.0 | 7 within 5.0 | range=24.5
      Result: [OK] NLL=709.6, R²=0.08, near_best=7, total=39.1s

[23:26:31] [ 16/45] ( 33.3%) Fitting 10029 (720 trials) | ETA: 25.1min
      [5/5] Running 50 optimizations (L-BFGS-B)...
            Start 1/50 (JIT compiling)... done (1.19s, NLL=319.0)
            Starts 2-50... done (total: 53.6s)
            Optimizer: 50/50 scipy-converged, 0 hit maxiter
            NLLs: best=293.3 | 17 within 1.0 | 17 within 5.0 | range=32.7
      Result: [OK] NLL=293.3, R²=0.63, near_best=17, total=53.6s

[23:27:25] [ 17/45] ( 35.6%) Fitting 10030 (716 trials) | ETA: 24.4min
      [5/5] Running 50 optimizations (L-BFGS-B)...
            Start 1/50 (JIT compiling)... done (1.42s, NLL=274.1)
            Starts 2-50... done (total: 52.1s)
            Optimizer: 49/50 scipy-converged, 1 hit maxiter
            NLLs: best=267.8 | 12 within 1.0 | 14 within 5.0 | range=9.9
      Result: [OK] NLL=267.8, R²=0.66, near_best=12, total=52.1s

[23:28:17] [ 18/45] ( 37.8%) Fitting 10031 (719 trials) | ETA: 23.6min
      [5/5] Running 50 optimizations (L-BFGS-B)...
            Start 1/50 (JIT compiling)... done (1.99s, NLL=406.8)
            Starts 2-50... done (total: 50.6s)
            Optimizer: 49/50 scipy-converged, 1 hit maxiter
            NLLs: best=380.5 | 3 within 1.0 | 14 within 5.0 | range=26.3
      Result: [OK] NLL=380.5, R²=0.52, near_best=3, total=50.6s

[23:29:07] [ 19/45] ( 40.0%) Fitting 10035 (717 trials) | ETA: 22.8min
      [5/5] Running 50 optimizations (L-BFGS-B)...
            Start 1/50 (JIT compiling)... done (1.69s, NLL=377.8)
            Starts 2-50... done (total: 52.9s)
            Optimizer: 50/50 scipy-converged, 0 hit maxiter
            NLLs: best=356.0 | 2 within 1.0 | 2 within 5.0 | range=32.9
      Result: [OK] NLL=356.0, R²=0.55, near_best=2, total=52.9s

[23:30:00] [ 20/45] ( 42.2%) Fitting 10036 (713 trials) | ETA: 22.0min
      [5/5] Running 50 optimizations (L-BFGS-B)...
            Start 1/50 (JIT compiling)... done (1.04s, NLL=601.6)
            Starts 2-50... done (total: 46.8s)
            Optimizer: 50/50 scipy-converged, 0 hit maxiter
            NLLs: best=571.8 | 32 within 1.0 | 32 within 5.0 | range=29.8
      Result: [OK] NLL=571.8, R²=0.27, near_best=32, total=46.9s

    +----------------------------------------------------------
    | PROGRESS: 20/45 (44%)
    | Elapsed: 16.9min | Remaining: ~21.1min
    | Converged: 20/20 (100%) | Avg: 50.5s/participant
    | Memory: 2.12GB
    +----------------------------------------------------------


[23:30:47] [ 21/45] ( 44.4%) Fitting 10039 (711 trials) | ETA: 21.1min
      [5/5] Running 50 optimizations (L-BFGS-B)...
            Start 1/50 (JIT compiling)... done (2.89s, NLL=402.7)
            Starts 2-50... done (total: 47.1s)
            Optimizer: 50/50 scipy-converged, 0 hit maxiter
            NLLs: best=393.6 | 1 within 1.0 | 5 within 5.0 | range=9.6
      Result: [OK] NLL=393.6, R²=0.50, near_best=1, total=47.1s

[23:31:34] [ 22/45] ( 46.7%) Fitting 10041 (696 trials) | ETA: 20.1min
      [5/5] Running 50 optimizations (L-BFGS-B)...
            Start 1/50 (JIT compiling)... done (1.67s, NLL=680.9)
            Starts 2-50... done (total: 36.9s)
            Optimizer: 50/50 scipy-converged, 0 hit maxiter
            NLLs: best=657.2 | 3 within 1.0 | 3 within 5.0 | range=43.9
      Result: [OK] NLL=657.2, R²=0.14, near_best=3, total=37.0s

[23:32:11] [ 23/45] ( 48.9%) Fitting 10043 (716 trials) | ETA: 19.1min
      [5/5] Running 50 optimizations (L-BFGS-B)...
            Start 1/50 (JIT compiling)... done (1.44s, NLL=554.2)
            Starts 2-50... done (total: 45.0s)
            Optimizer: 50/50 scipy-converged, 0 hit maxiter
            NLLs: best=541.3 | 3 within 1.0 | 3 within 5.0 | range=14.1
      Result: [OK] NLL=541.3, R²=0.31, near_best=3, total=45.0s

[23:32:56] [ 24/45] ( 51.1%) Fitting 10047 (717 trials) | ETA: 18.2min
      [5/5] Running 50 optimizations (L-BFGS-B)...
            Start 1/50 (JIT compiling)... done (1.12s, NLL=530.3)
            Starts 2-50... done (total: 49.7s)
            Optimizer: 49/50 scipy-converged, 1 hit maxiter
            NLLs: best=473.5 | 1 within 1.0 | 1 within 5.0 | range=56.8
      Result: [OK] NLL=473.5, R²=0.40, near_best=1, total=49.7s

[23:33:46] [ 25/45] ( 53.3%) Fitting 10048 (702 trials) | ETA: 17.3min
      [5/5] Running 50 optimizations (L-BFGS-B)...
            Start 1/50 (JIT compiling)... done (2.64s, NLL=584.7)
            Starts 2-50... done (total: 33.5s)
            Optimizer: 50/50 scipy-converged, 0 hit maxiter
            NLLs: best=539.9 | 2 within 1.0 | 2 within 5.0 | range=140.8
      Result: [OK] NLL=539.9, R²=0.30, near_best=2, total=33.5s

[23:34:19] [ 26/45] ( 55.6%) Fitting 10050 (717 trials) | ETA: 16.3min
      [5/5] Running 50 optimizations (L-BFGS-B)...
            Start 1/50 (JIT compiling)... done (1.32s, NLL=483.8)
            Starts 2-50... done (total: 42.0s)
            Optimizer: 50/50 scipy-converged, 0 hit maxiter
            NLLs: best=445.7 | 4 within 1.0 | 4 within 5.0 | range=66.3
      Result: [OK] NLL=445.7, R²=0.43, near_best=4, total=42.1s

[23:35:01] [ 27/45] ( 57.8%) Fitting 10051 (709 trials) | ETA: 15.4min
      [5/5] Running 50 optimizations (L-BFGS-B)...
            Start 1/50 (JIT compiling)... done (2.02s, NLL=371.5)
            Starts 2-50... done (total: 59.6s)
            Optimizer: 45/50 scipy-converged, 5 hit maxiter
            NLLs: best=371.5 | 7 within 1.0 | 7 within 5.0 | range=15.0
      Result: [OK] NLL=371.5, R²=0.52, near_best=7, total=59.6s

[23:36:01] [ 28/45] ( 60.0%) Fitting 10052 (709 trials) | ETA: 14.7min
      [5/5] Running 50 optimizations (L-BFGS-B)...
            Start 1/50 (JIT compiling)... done (2.67s, NLL=533.3)
            Starts 2-50... done (total: 46.8s)
            Optimizer: 48/50 scipy-converged, 2 hit maxiter
            NLLs: best=495.3 | 1 within 1.0 | 1 within 5.0 | range=41.4
      Result: [OK] NLL=495.3, R²=0.36, near_best=1, total=46.8s

[23:36:48] [ 29/45] ( 62.2%) Fitting 10055 (719 trials) | ETA: 13.9min
      [5/5] Running 50 optimizations (L-BFGS-B)...
            Start 1/50 (JIT compiling)... done (1.59s, NLL=369.3)
            Starts 2-50... done (total: 54.7s)
            Optimizer: 48/50 scipy-converged, 2 hit maxiter
            NLLs: best=361.3 | 8 within 1.0 | 12 within 5.0 | range=8.0
      Result: [OK] NLL=361.3, R²=0.54, near_best=8, total=54.7s

[23:37:43] [ 30/45] ( 64.4%) Fitting 10057 (712 trials) | ETA: 13.1min
      [5/5] Running 50 optimizations (L-BFGS-B)...
            Start 1/50 (JIT compiling)... done (1.05s, NLL=567.5)
            Starts 2-50... done (total: 34.7s)
            Optimizer: 49/50 scipy-converged, 1 hit maxiter
            NLLs: best=510.6 | 1 within 1.0 | 1 within 5.0 | range=58.8
      Result: [OK] NLL=510.6, R²=0.35, near_best=1, total=34.7s

    +----------------------------------------------------------
    | PROGRESS: 30/45 (67%)
    | Elapsed: 24.4min | Remaining: ~12.2min
    | Converged: 30/30 (100%) | Avg: 48.6s/participant
    | Memory: 2.13GB
    +----------------------------------------------------------


[23:38:17] [ 31/45] ( 66.7%) Fitting 10058 (697 trials) | ETA: 12.2min
      [5/5] Running 50 optimizations (L-BFGS-B)...
            Start 1/50 (JIT compiling)... done (2.55s, NLL=510.8)
            Starts 2-50... done (total: 49.6s)
            Optimizer: 50/50 scipy-converged, 0 hit maxiter
            NLLs: best=501.3 | 4 within 1.0 | 4 within 5.0 | range=38.5
      Result: [OK] NLL=501.3, R²=0.35, near_best=4, total=49.7s

[23:39:07] [ 32/45] ( 68.9%) Fitting 10059 (718 trials) | ETA: 11.4min
      [5/5] Running 50 optimizations (L-BFGS-B)...
            Start 1/50 (JIT compiling)... done (1.41s, NLL=368.8)
            Starts 2-50... done (total: 47.9s)
            Optimizer: 50/50 scipy-converged, 0 hit maxiter
            NLLs: best=331.4 | 2 within 1.0 | 2 within 5.0 | range=38.5
      Result: [OK] NLL=331.4, R²=0.58, near_best=2, total=47.9s

[23:39:55] [ 33/45] ( 71.1%) Fitting 10062 (718 trials) | ETA: 10.5min
      [5/5] Running 50 optimizations (L-BFGS-B)...
            Start 1/50 (JIT compiling)... done (1.49s, NLL=189.1)
            Starts 2-50... done (total: 71.2s)
            Optimizer: 43/50 scipy-converged, 7 hit maxiter
            NLLs: best=187.4 | 7 within 1.0 | 39 within 5.0 | range=8.9
      Result: [OK] NLL=187.4, R²=0.76, near_best=7, total=71.3s

[23:41:06] [ 34/45] ( 73.3%) Fitting 10063 (713 trials) | ETA: 9.9min
      [5/5] Running 50 optimizations (L-BFGS-B)...
            Start 1/50 (JIT compiling)... done (1.49s, NLL=623.2)
            Starts 2-50... done (total: 46.6s)
            Optimizer: 49/50 scipy-converged, 1 hit maxiter
            NLLs: best=605.2 | 6 within 1.0 | 6 within 5.0 | range=31.7
      Result: [OK] NLL=605.2, R²=0.23, near_best=6, total=46.7s

[23:41:53] [ 35/45] ( 75.6%) Fitting 10064 (712 trials) | ETA: 9.0min
      [5/5] Running 50 optimizations (L-BFGS-B)...
            Start 1/50 (JIT compiling)... done (2.24s, NLL=488.8)
            Starts 2-50... done (total: 45.0s)
            Optimizer: 49/50 scipy-converged, 1 hit maxiter
            NLLs: best=458.1 | 3 within 1.0 | 3 within 5.0 | range=34.5
      Result: [OK] NLL=458.1, R²=0.41, near_best=3, total=45.0s

[23:42:38] [ 36/45] ( 77.8%) Fitting 10065 (719 trials) | ETA: 8.2min
      [5/5] Running 50 optimizations (L-BFGS-B)...
            Start 1/50 (JIT compiling)... done (1.36s, NLL=271.3)
            Starts 2-50... done (total: 47.1s)
            Optimizer: 49/50 scipy-converged, 1 hit maxiter
            NLLs: best=271.3 | 44 within 1.0 | 50 within 5.0 | range=3.3
      Result: [OK] NLL=271.3, R²=0.66, near_best=44, total=47.1s

[23:43:25] [ 37/45] ( 80.0%) Fitting 10066 (706 trials) | ETA: 7.4min
      [5/5] Running 50 optimizations (L-BFGS-B)...
            Start 1/50 (JIT compiling)... done (1.27s, NLL=302.2)
            Starts 2-50... done (total: 48.6s)
            Optimizer: 49/50 scipy-converged, 1 hit maxiter
            NLLs: best=298.8 | 16 within 1.0 | 50 within 5.0 | range=3.4
      Result: [OK] NLL=298.8, R²=0.61, near_best=16, total=48.6s

[23:44:14] [ 38/45] ( 82.2%) Fitting 10067 (716 trials) | ETA: 6.5min
      [5/5] Running 50 optimizations (L-BFGS-B)...
            Start 1/50 (JIT compiling)... done (1.96s, NLL=661.7)
            Starts 2-50... done (total: 49.7s)
            Optimizer: 50/50 scipy-converged, 0 hit maxiter
            NLLs: best=626.9 | 6 within 1.0 | 6 within 5.0 | range=46.5
      Result: [OK] NLL=626.9, R²=0.20, near_best=6, total=49.7s

[23:45:03] [ 39/45] ( 84.4%) Fitting 10071 (720 trials) | ETA: 5.7min
      [5/5] Running 50 optimizations (L-BFGS-B)...
            Start 1/50 (JIT compiling)... done (2.40s, NLL=339.8)
            Starts 2-50... done (total: 51.7s)
            Optimizer: 50/50 scipy-converged, 0 hit maxiter
            NLLs: best=336.0 | 5 within 1.0 | 49 within 5.0 | range=13.1
      Result: [OK] NLL=336.0, R²=0.58, near_best=5, total=51.7s

[23:45:55] [ 40/45] ( 86.7%) Fitting 10072 (718 trials) | ETA: 4.9min
      [5/5] Running 50 optimizations (L-BFGS-B)...
            Start 1/50 (JIT compiling)... done (1.69s, NLL=346.1)
            Starts 2-50... done (total: 54.4s)
            Optimizer: 50/50 scipy-converged, 0 hit maxiter
            NLLs: best=332.0 | 1 within 1.0 | 6 within 5.0 | range=20.8
      Result: [OK] NLL=332.0, R²=0.58, near_best=1, total=54.4s

    +----------------------------------------------------------
    | PROGRESS: 40/45 (89%)
    | Elapsed: 32.9min | Remaining: ~4.1min
    | Converged: 40/40 (100%) | Avg: 49.3s/participant
    | Memory: 2.13GB
    +----------------------------------------------------------


[23:46:49] [ 41/45] ( 88.9%) Fitting 10074 (717 trials) | ETA: 4.1min
      [5/5] Running 50 optimizations (L-BFGS-B)...
            Start 1/50 (JIT compiling)... done (2.66s, NLL=412.3)
            Starts 2-50... done (total: 56.9s)
            Optimizer: 50/50 scipy-converged, 0 hit maxiter
            NLLs: best=407.0 | 7 within 1.0 | 7 within 5.0 | range=11.2
      Result: [OK] NLL=407.0, R²=0.48, near_best=7, total=56.9s

[23:47:46] [ 42/45] ( 91.1%) Fitting 10075 (717 trials) | ETA: 3.3min
      [5/5] Running 50 optimizations (L-BFGS-B)...
            Start 1/50 (JIT compiling)... done (1.49s, NLL=402.6)
            Starts 2-50... done (total: 51.3s)
            Optimizer: 50/50 scipy-converged, 0 hit maxiter
            NLLs: best=398.9 | 1 within 1.0 | 28 within 5.0 | range=28.4
      Result: [OK] NLL=398.9, R²=0.49, near_best=1, total=51.3s

[23:48:38] [ 43/45] ( 93.3%) Fitting 10076 (710 trials) | ETA: 2.5min
      [5/5] Running 50 optimizations (L-BFGS-B)...
            Start 1/50 (JIT compiling)... done (1.03s, NLL=595.8)
            Starts 2-50... done (total: 34.6s)
            Optimizer: 50/50 scipy-converged, 0 hit maxiter
            NLLs: best=528.3 | 2 within 1.0 | 2 within 5.0 | range=67.6
      Result: [OK] NLL=528.3, R²=0.32, near_best=2, total=34.6s

[23:49:12] [ 44/45] ( 95.6%) Fitting 10077 (719 trials) | ETA: 1.6min
      [5/5] Running 50 optimizations (L-BFGS-B)...
            Start 1/50 (JIT compiling)... done (1.58s, NLL=346.6)
            Starts 2-50... done (total: 49.5s)
            Optimizer: 49/50 scipy-converged, 1 hit maxiter
            NLLs: best=343.8 | 7 within 1.0 | 27 within 5.0 | range=6.9
      Result: [OK] NLL=343.8, R²=0.56, near_best=7, total=49.5s

[23:50:02] [ 45/45] ( 97.8%) Fitting 10078 (719 trials) | ETA: 49s
      [5/5] Running 50 optimizations (L-BFGS-B)...
            Start 1/50 (JIT compiling)... done (2.33s, NLL=387.5)
            Starts 2-50... done (total: 53.5s)
            Optimizer: 47/50 scipy-converged, 3 hit maxiter
            NLLs: best=387.5 | 5 within 1.0 | 12 within 5.0 | range=9.8
      Result: [OK] NLL=387.5, R²=0.51, near_best=5, total=53.5s
[MEMORY] FINAL: 2180.2MB (psutil)

============================================================
FITTING COMPLETE
============================================================
End time: 2026-02-05 23:50:55
Total duration: 37.0 min (2222s)
Participants: 45 | Converged: 45 (100%)
JIT compilation: 48.3s | Avg steady-state: 49.3s/participant
Peak memory: 2.13GB
============================================================


============================================================
RESULTS
============================================================

Convergence: 45/45 (100.0%)

Group Statistics (n=45):
--------------------------------------------------
  alpha_pos   : 0.211 +/- 0.046  (SD=0.308)
  alpha_neg   : 0.102 +/- 0.037  (SD=0.245)
  epsilon     : 0.122 +/- 0.011  (SD=0.070)

Model Fit:
--------------------------------------------------
  NLL         : 457.72 +/- 23.44
  AIC         : 921.43 +/- 46.88
  BIC         : 935.34 +/- 46.92
  PSEUDO-R²   : 0.460 +/- 0.163

Warning: Parameters hitting bounds:
  alpha_neg: 28 participants
  epsilon: 3 participants
  alpha_pos: 2 participants

============================================================
Results saved to:
  Individual fits:     output/mle/qlearning_individual_fits.csv
  Group summary:       output/mle/qlearning_group_summary.csv
  Timing log:          output/mle/qlearning_timing_log.csv
  Performance summary: output/mle/qlearning_performance_summary.json
============================================================

============================================================
STATUS: SUCCESS - All 45 participants fit successfully
============================================================

Completed: Thu Feb  5 11:50:56 PM AEDT 2026

============================================================
All models complete!
End time: Thu Feb  5 11:50:56 PM AEDT 2026
============================================================

Results saved to:
  output/mle/*_individual_fits.csv
  output/mle/*_group_summary.csv
============================================================
