============================================================
RLWM Parallel MLE Fitting - M3 SLURM Job
============================================================
Job ID: 50936489
Node: m3k023
Partition: comp
CPUs requested: 16
Parallel workers: 16
Project: /fs04/fc37/adam/projects/rlwm_trauma_analysis/rlwm_trauma_analysis
Start time: Sun Feb  1 06:31:16 AM AEDT 2026
============================================================

============================================================
Fitting model: qlearning (parallel with 16 workers)
Started: Sun Feb  1 06:31:17 AM AEDT 2026
============================================================

============================================================
MLE Fitting: QLEARNING
============================================================
Data: output/task_trials_long.csv
Random starts: 20
Seed: 42
Output: output/mle/
Include practice: False
Parallel workers: 16
============================================================

Loading data...
  Total participants in data: 47
  Final sample: 47
  Total trials: 35058


============================================================
Starting MLE fitting: QLEARNING
============================================================
Participants: 47
Random starts per participant: 20
Parallel workers: 16
============================================================

Preparing participant data...
Running parallel fitting with 16 workers...
Completed: Sun Feb  1 06:41:20 AM AEDT 2026

============================================================
Fitting model: wmrl (parallel with 16 workers)
Started: Sun Feb  1 06:41:20 AM AEDT 2026
============================================================

============================================================
MLE Fitting: WMRL
============================================================
Data: output/task_trials_long.csv
Random starts: 20
Seed: 42
Output: output/mle/
Include practice: False
Parallel workers: 16
============================================================

Loading data...
  Total participants in data: 47
  Final sample: 47
  Total trials: 35058


============================================================
Starting MLE fitting: WMRL
============================================================
Participants: 47
Random starts per participant: 20
Parallel workers: 16
============================================================

Preparing participant data...
Running parallel fitting with 16 workers...
Completed: Sun Feb  1 06:48:09 AM AEDT 2026

============================================================
Fitting model: wmrl_m3 (parallel with 16 workers)
Started: Sun Feb  1 06:48:09 AM AEDT 2026
============================================================

============================================================
MLE Fitting: WMRL_M3
============================================================
Data: output/task_trials_long.csv
Random starts: 20
Seed: 42
Output: output/mle/
Include practice: False
Parallel workers: 16
============================================================

Loading data...
  Total participants in data: 47
  Final sample: 47
  Total trials: 35058


============================================================
Starting MLE fitting: WMRL_M3
============================================================
Participants: 47
Random starts per participant: 20
Parallel workers: 16
============================================================

Preparing participant data...
Running parallel fitting with 16 workers...
Completed: Sun Feb  1 06:51:42 AM AEDT 2026

============================================================
All models complete!
End time: Sun Feb  1 06:51:42 AM AEDT 2026
============================================================

Results saved to:
  output/mle/*_individual_fits.csv
  output/mle/*_group_summary.csv
============================================================
