============================= test session starts ==============================
platform linux -- Python 3.11.15, pytest-9.0.3, pluggy-1.6.0 -- /scratch/fc37/aman0087/conda/envs/rlwm_gpu/bin/python3.11
cachedir: .pytest_cache
rootdir: /fs04/fc37/adam/projects/rlwm_trauma_analysis/rlwm_trauma_analysis
configfile: pytest.ini (WARNING: ignoring pytest config in pyproject.toml!)
collecting ... collected 10 items / 1 deselected / 9 selected

tests/integration/test_numpyro_models_2cov.py::test_model_accepts_covariate_iesr[wmrl_m3_hierarchical_model-kappa] PASSED [ 11%]
tests/integration/test_numpyro_models_2cov.py::test_model_accepts_covariate_iesr[wmrl_m5_hierarchical_model-kappa] PASSED [ 22%]
tests/integration/test_numpyro_models_2cov.py::test_model_accepts_covariate_iesr[wmrl_m6a_hierarchical_model-kappa_s] PASSED [ 33%]
tests/integration/test_numpyro_models_2cov.py::test_m3_single_cov_unchanged[wmrl_m3_hierarchical_model-kappa] PASSED [ 44%]
tests/integration/test_numpyro_models_2cov.py::test_m3_single_cov_unchanged[wmrl_m5_hierarchical_model-kappa] PASSED [ 55%]
tests/integration/test_numpyro_models_2cov.py::test_m3_single_cov_unchanged[wmrl_m6a_hierarchical_model-kappa_s] PASSED [ 66%]
tests/integration/test_numpyro_models_2cov.py::test_guard_raises_iesr_without_lec[wmrl_m3_hierarchical_model] PASSED [ 77%]
tests/integration/test_numpyro_models_2cov.py::test_guard_raises_iesr_without_lec[wmrl_m5_hierarchical_model] PASSED [ 88%]
tests/integration/test_numpyro_models_2cov.py::test_guard_raises_iesr_without_lec[wmrl_m6a_hierarchical_model] PASSED [100%]

=============================== warnings summary ===============================
../../../../../../scratch/fc37/aman0087/conda/envs/rlwm_gpu/lib/python3.11/site-packages/jaxlib/plugin_support.py:71
  /scratch/fc37/aman0087/conda/envs/rlwm_gpu/lib/python3.11/site-packages/jaxlib/plugin_support.py:71: RuntimeWarning: JAX plugin jax_cuda12_plugin version 0.9.2 is installed, but it is not compatible with the installed jaxlib version 0.9.0, so it will not be used.
    warnings.warn(

-- Docs: https://docs.pytest.org/en/stable/how-to/capture-warnings.html
============================= slowest 10 durations =============================
9.03s call     tests/integration/test_numpyro_models_2cov.py::test_model_accepts_covariate_iesr[wmrl_m3_hierarchical_model-kappa]
0.34s call     tests/integration/test_numpyro_models_2cov.py::test_model_accepts_covariate_iesr[wmrl_m6a_hierarchical_model-kappa_s]
0.32s call     tests/integration/test_numpyro_models_2cov.py::test_m3_single_cov_unchanged[wmrl_m5_hierarchical_model-kappa]
0.28s call     tests/integration/test_numpyro_models_2cov.py::test_m3_single_cov_unchanged[wmrl_m6a_hierarchical_model-kappa_s]
0.26s call     tests/integration/test_numpyro_models_2cov.py::test_model_accepts_covariate_iesr[wmrl_m5_hierarchical_model-kappa]
0.25s call     tests/integration/test_numpyro_models_2cov.py::test_m3_single_cov_unchanged[wmrl_m3_hierarchical_model-kappa]
0.14s call     tests/integration/test_numpyro_models_2cov.py::test_guard_raises_iesr_without_lec[wmrl_m3_hierarchical_model]
0.01s call     tests/integration/test_numpyro_models_2cov.py::test_guard_raises_iesr_without_lec[wmrl_m5_hierarchical_model]
0.01s call     tests/integration/test_numpyro_models_2cov.py::test_guard_raises_iesr_without_lec[wmrl_m6a_hierarchical_model]
0.00s teardown tests/integration/test_numpyro_models_2cov.py::test_model_accepts_covariate_iesr[wmrl_m3_hierarchical_model-kappa]
================= 9 passed, 1 deselected, 1 warning in 10.73s ==================
