============================================================
Stage 03 (GPU) — Model Prefitting: STEP=prior_predictive MODEL=wmrl_m6a
============================================================
Job ID:     54957197
Node:       m3g111
GPU(s):     0
Project:    /fs04/fc37/adam/projects/rlwm_trauma_analysis/rlwm_trauma_analysis
Start time: Sun Apr 26 05:42:34 AM AEST 2026
============================================================
Activated rlwm_gpu by name
JAX devices: [CudaDevice(id=0)]
GPU count: 1
JAX cache: /scratch/fc37/aman0087/.jax_cache_03_prefit_gpu_prior_predictive_wmrl_m6a

[Sun Apr 26 05:42:36 AM AEST 2026] Running: python scripts/03_model_prefitting/04_run_prior_predictive.py --model wmrl_m6a --data data/processed/task_trials_long.csv --num-draws 500 --seed 42 --output-dir models/bayesian/21_prior_predictive/
========================================================================
Prior-predictive gate: wmrl_m6a
========================================================================
Priors in use (PARAM_PRIOR_DEFAULTS):
  alpha_neg: {'lower': 0.0, 'upper': 1.0, 'mu_prior_loc': 0.0}
  alpha_pos: {'lower': 0.0, 'upper': 1.0, 'mu_prior_loc': 0.0}
  capacity: {'lower': 2.0, 'upper': 6.0, 'mu_prior_loc': 0.0}
  epsilon: {'lower': 0.0, 'upper': 1.0, 'mu_prior_loc': -2.0}
  kappa: {'lower': 0.0, 'upper': 1.0, 'mu_prior_loc': 0.0}
  kappa_s: {'lower': 0.0, 'upper': 1.0, 'mu_prior_loc': 0.0}
  kappa_share: {'lower': 0.0, 'upper': 1.0, 'mu_prior_loc': 0.0}
  kappa_total: {'lower': 0.0, 'upper': 1.0, 'mu_prior_loc': 0.0}
  phi: {'lower': 0.0, 'upper': 1.0, 'mu_prior_loc': 0.0}
  phi_rl: {'lower': 0.0, 'upper': 1.0, 'mu_prior_loc': 0.0}
  rho: {'lower': 0.0, 'upper': 1.0, 'mu_prior_loc': 0.0}


>> Loading data from: data/processed/task_trials_long.csv
Analysis cohort breakdown (total observed N=157):
  Task-complete (>= 400 trials, >= 8 blocks): 154
  Overall accuracy >= 0.4: 156
  Late-block accuracy >= 0.5 (last 5): 141
  Both performance gates: 141
  Scale-complete (5 cols): 160
  Final cohort (intersection − manual exclusions): 138
  Analysis cohort (v4.0): task-complete + performance-check + scale-complete
  Loaded 100568 trials from 157 participants
  Excluded 19 participants outside cohort
  Final sample: 138 participants
  Filtered to blocks >= 3: 100568 trials remain
  Dropped NaN values in critical columns: 100568 trials remain

>> Data summary:
  Participants: 138
  Blocks: 21
  Total trials: 100568
  Trials per participant: 729
    Participant 9187: 990 trials, 17 blocks
    Participant 10000: 988 trials, 17 blocks
    Participant 10002: 986 trials, 17 blocks
    Participant 10003: 973 trials, 17 blocks
    Participant 10004: 990 trials, 17 blocks
    Participant 10005: 985 trials, 17 blocks
    Participant 10006: 987 trials, 17 blocks
    Participant 10016: 987 trials, 17 blocks
    Participant 10017: 986 trials, 17 blocks
    Participant 10018: 986 trials, 17 blocks
    Participant 10024: 718 trials, 12 blocks
    Participant 10025: 414 trials, 8 blocks
    Participant 10027: 718 trials, 12 blocks
    Participant 10029: 720 trials, 12 blocks
    Participant 10030: 716 trials, 12 blocks
    Participant 10031: 719 trials, 12 blocks
    Participant 10035: 717 trials, 12 blocks
    Participant 10036: 713 trials, 12 blocks
    Participant 10039: 711 trials, 12 blocks
    Participant 10041: 696 trials, 12 blocks
    Participant 10043: 716 trials, 12 blocks
    Participant 10047: 717 trials, 12 blocks
    Participant 10050: 717 trials, 12 blocks
    Participant 10051: 709 trials, 12 blocks
    Participant 10052: 709 trials, 12 blocks
    Participant 10055: 719 trials, 12 blocks
    Participant 10057: 712 trials, 12 blocks
    Participant 10058: 697 trials, 12 blocks
    Participant 10059: 718 trials, 12 blocks
    Participant 10062: 718 trials, 12 blocks
    Participant 10063: 713 trials, 12 blocks
    Participant 10064: 712 trials, 12 blocks
    Participant 10065: 719 trials, 12 blocks
    Participant 10066: 706 trials, 12 blocks
    Participant 10067: 716 trials, 12 blocks
    Participant 10071: 720 trials, 12 blocks
    Participant 10072: 718 trials, 12 blocks
    Participant 10074: 717 trials, 12 blocks
    Participant 10075: 717 trials, 12 blocks
    Participant 10076: 710 trials, 12 blocks
    Participant 10077: 719 trials, 12 blocks
    Participant 10078: 719 trials, 12 blocks
    Participant 10079: 719 trials, 12 blocks
    Participant 10081: 716 trials, 12 blocks
    Participant 10083: 703 trials, 12 blocks
    Participant 10084: 717 trials, 12 blocks
    Participant 10086: 630 trials, 12 blocks
    Participant 10087: 714 trials, 12 blocks
    Participant 10088: 720 trials, 12 blocks
    Participant 10089: 716 trials, 12 blocks
    Participant 10092: 714 trials, 12 blocks
    Participant 10093: 712 trials, 12 blocks
    Participant 10094: 709 trials, 12 blocks
    Participant 10095: 712 trials, 12 blocks
    Participant 10097: 717 trials, 12 blocks
    Participant 10098: 712 trials, 12 blocks
    Participant 10099: 714 trials, 12 blocks
    Participant 10101: 715 trials, 12 blocks
    Participant 10102: 716 trials, 12 blocks
    Participant 10103: 719 trials, 12 blocks
    Participant 10104: 715 trials, 12 blocks
    Participant 10106: 719 trials, 12 blocks
    Participant 10107: 714 trials, 12 blocks
    Participant 10109: 719 trials, 12 blocks
    Participant 10110: 719 trials, 12 blocks
    Participant 10111: 713 trials, 12 blocks
    Participant 10112: 707 trials, 12 blocks
    Participant 10114: 709 trials, 12 blocks
    Participant 10115: 711 trials, 12 blocks
    Participant 10116: 718 trials, 12 blocks
    Participant 10117: 715 trials, 12 blocks
    Participant 10120: 715 trials, 12 blocks
    Participant 10121: 711 trials, 12 blocks
    Participant 10125: 717 trials, 12 blocks
    Participant 10126: 719 trials, 12 blocks
    Participant 10128: 705 trials, 12 blocks
    Participant 10130: 713 trials, 12 blocks
    Participant 10135: 704 trials, 12 blocks
    Participant 10137: 718 trials, 12 blocks
    Participant 10140: 715 trials, 12 blocks
    Participant 10141: 716 trials, 12 blocks
    Participant 10142: 719 trials, 12 blocks
    Participant 10143: 719 trials, 12 blocks
    Participant 10145: 713 trials, 12 blocks
    Participant 10147: 716 trials, 12 blocks
    Participant 10148: 705 trials, 12 blocks
    Participant 10149: 713 trials, 12 blocks
    Participant 10150: 715 trials, 12 blocks
    Participant 10151: 717 trials, 12 blocks
    Participant 10152: 719 trials, 12 blocks
    Participant 10154: 717 trials, 12 blocks
    Participant 10155: 713 trials, 12 blocks
    Participant 10156: 712 trials, 12 blocks
    Participant 10157: 719 trials, 12 blocks
    Participant 10158: 716 trials, 12 blocks
    Participant 10159: 716 trials, 12 blocks
    Participant 10160: 717 trials, 12 blocks
    Participant 10162: 714 trials, 12 blocks
    Participant 10163: 719 trials, 12 blocks
    Participant 10164: 719 trials, 12 blocks
    Participant 10165: 713 trials, 12 blocks
    Participant 10166: 714 trials, 12 blocks
    Participant 10168: 718 trials, 12 blocks
    Participant 10169: 713 trials, 12 blocks
    Participant 10170: 718 trials, 12 blocks
    Participant 10171: 718 trials, 12 blocks
    Participant 10172: 719 trials, 12 blocks
    Participant 10174: 714 trials, 12 blocks
    Participant 10175: 717 trials, 12 blocks
    Participant 10177: 715 trials, 12 blocks
    Participant 10178: 718 trials, 12 blocks
    Participant 10179: 716 trials, 12 blocks
    Participant 10180: 708 trials, 12 blocks
    Participant 10181: 719 trials, 12 blocks
    Participant 10182: 696 trials, 12 blocks
    Participant 10183: 719 trials, 12 blocks
    Participant 10185: 710 trials, 12 blocks
    Participant 10186: 718 trials, 12 blocks
    Participant 10190: 600 trials, 12 blocks
    Participant 10191: 708 trials, 12 blocks
    Participant 10192: 709 trials, 12 blocks
    Participant 10196: 718 trials, 12 blocks
    Participant 10197: 716 trials, 12 blocks
    Participant 10198: 479 trials, 11 blocks
    Participant 10199: 710 trials, 12 blocks
    Participant 10200: 719 trials, 12 blocks
    Participant 10201: 719 trials, 12 blocks
    Participant 10202: 718 trials, 12 blocks
    Participant 10203: 716 trials, 12 blocks
    Participant 10204: 718 trials, 12 blocks
    Participant 10208: 694 trials, 12 blocks
    Participant 10209: 715 trials, 12 blocks
    Participant 10212: 716 trials, 12 blocks
    Participant 10215: 719 trials, 12 blocks
    Participant 10216: 717 trials, 12 blocks
    Participant 10217: 719 trials, 12 blocks
    Participant 10218: 694 trials, 12 blocks
    Participant 10220: 718 trials, 12 blocks

>> Stacked arrays built: N=138 participants

>> Drawing 500 samples from the prior...
   Prior sample keys: ['alpha_neg', 'alpha_neg_mu_pr', 'alpha_neg_sigma_pr', 'alpha_neg_z', 'alpha_pos', 'alpha_pos_mu_pr', 'alpha_pos_sigma_pr', 'alpha_pos_z']...

>> Building trial-sequence template per participant...
>> Simulating 500 (draw x participant) pairs...
   50/500 draws, running median acc = 0.745
   100/500 draws, running median acc = 0.728
   150/500 draws, running median acc = 0.718
   200/500 draws, running median acc = 0.723
   250/500 draws, running median acc = 0.709
   300/500 draws, running median acc = 0.699
   350/500 draws, running median acc = 0.698
   400/500 draws, running median acc = 0.691
   450/500 draws, running median acc = 0.694
   500/500 draws, running median acc = 0.697

>> Gate metrics:
   median: 0.6969138383865356
   frac_below_chance: 0.014
   frac_at_ceiling: 0.0
   n_draws: 500
>> Verdict: PASS

>> Wrote:
   models/bayesian/21_prior_predictive/wmrl_m6a_prior_sim.nc
   models/bayesian/21_prior_predictive/wmrl_m6a_prior_accuracy.csv
   models/bayesian/21_prior_predictive/wmrl_m6a_gate.md
>> Total wall-clock: 26.8s

[Sun Apr 26 05:43:06 AM AEST 2026] Stage 03 (GPU) STEP=prior_predictive MODEL=wmrl_m6a finished (exit code: 0)

============================================================
AUTO-PUSH: Committing and pushing results
============================================================
[main c24a7db] p29_03_prefit_gpu job 54957197 results
 2 files changed, 531 insertions(+)
 create mode 100644 models/bayesian/21_prior_predictive/wmrl_m6a_gate.md
 create mode 100644 models/bayesian/21_prior_predictive/wmrl_m6a_prior_accuracy.csv
To github.com:adammanoogian/rlwm_trauma_analysis
   45e8d40..c24a7db  main -> main
  Auto-push complete
