============================================================
Stage 03 (GPU) — Model Prefitting: STEP=bayesian_recovery MODEL=wmrl
============================================================
Job ID:     55009121
Node:       m3g119
GPU(s):     0
Project:    /fs04/fc37/adam/projects/rlwm_trauma_analysis/rlwm_trauma_analysis
Start time: Tue Apr 28 10:24:20 PM AEST 2026
============================================================
Activated rlwm_gpu by name
JAX devices: [CudaDevice(id=0)]
GPU count: 1
JAX cache: /scratch/fc37/aman0087/.jax_cache_03_prefit_gpu_bayesian_recovery_wmrl

[Tue Apr 28 10:24:22 PM AEST 2026] Running: python scripts/03_model_prefitting/05_run_bayesian_recovery.py --mode single-subject --model wmrl --subject-idx 1 --seed 42 --output-dir models/bayesian/21_recovery/
================================================================================
STEP 21.2 SINGLE-SUBJECT RECOVERY: model=wmrl, subject=1
================================================================================
  Seed: 42
  MCMC budget: warmup=500, samples=1000, chains=2, max_tree_depth=8
  Synthetic task: n_blocks=17, n_trials_per_block=100

>> Sampling true parameters from prior...
  alpha_neg      = 0.5394
  alpha_pos      = 0.4175
  capacity       = 4.0159
  epsilon        = 0.0056
  phi            = 0.4897
  rho            = 0.6571

>> Generating synthetic trial data...
  Generated 909 trials across 17 blocks
  Mean reward (proxy accuracy): 0.527

>> Fitting synthetic data via hierarchical MCMC...

>> Preparing stacked participant data...
  Prepared 1 participants (sorted by ID)
  Skipping LEC covariate: model 'wmrl' does not support Level-2 regression (no natural L2 target parameter).

>> Running MCMC inference (NUTS + convergence auto-bump)...
>> Starting MCMC sampling with convergence auto-bump...
   Chains: 2
   Host devices: 1
   Warmup: 500
   Samples: 1000
   Max tree depth: 8
   Total iterations per chain: 1500
   Acceptance probability schedule: (0.8, 0.95, 0.99)

============================================================
>> JAX / NumPyro configuration
   backend            : gpu
   devices            : [CudaDevice(id=0)]
   local_device_count : 1
   x64 enabled        : False
   chain_method       : vectorized
   num_chains         : 2
   NUMPYRO_HOST_DEVICE_COUNT        = <unset>
   XLA_PYTHON_CLIENT_PREALLOCATE    = <unset>
   XLA_PYTHON_CLIENT_MEM_FRACTION   = <unset>
   JAX_COMPILATION_CACHE_DIR        = /scratch/fc37/aman0087/.jax_cache_03_prefit_gpu_bayesian_recovery_wmrl
   JAX_PERSISTENT_CACHE_MIN_ENTRY_SIZE_BYTES = 0
   CUDA_VISIBLE_DEVICES             = 0
============================================================

   Backend: gpu | chain_method: vectorized
[timing] target_accept_prob=0.80 wall=529.8s
[convergence-gate] target_accept_prob=0.80 divergences=1
[convergence-gate] 1 divergences remain — bumping target_accept_prob.
   Backend: gpu | chain_method: vectorized
[timing] target_accept_prob=0.95 wall=619.1s
[convergence-gate] target_accept_prob=0.95 divergences=0
[convergence-gate] Zero divergences — accepting this run.

================================================================================
WMRL POSTERIOR ESTIMATES — GROUP LEVEL
================================================================================
  alpha_neg_mu_pr: 0.281 +/- 0.239
  alpha_pos_mu_pr: 0.158 +/- 0.275
  capacity_mu_pr: 0.456 +/- 0.581
  epsilon_mu_pr: -2.561 +/- 0.390
  phi_mu_pr: 0.071 +/- 0.191
  rho_mu_pr: 0.233 +/- 0.228

>> Extracting posterior summaries and HDIs...

  Wrote: models/bayesian/21_recovery/wmrl_subject_001.json
  Elapsed: 1162.4 s
================================================================================

[Tue Apr 28 10:44:03 PM AEST 2026] Stage 03 (GPU) STEP=bayesian_recovery MODEL=wmrl finished (exit code: 0)

============================================================
AUTO-PUSH: Committing and pushing results
============================================================
[main dde84e0] p29_03_prefit_gpu job 55009121 results
 10 files changed, 328 insertions(+), 2 deletions(-)
 create mode 100644 logs/03_prefitting_gpu_55009129.err
 create mode 100644 logs/03_prefitting_gpu_55009129.out
 create mode 100644 models/bayesian/21_recovery/wmrl_subject_001.json
To github.com:adammanoogian/rlwm_trauma_analysis
   add886c..dde84e0  main -> main
  Auto-push complete
