============================================================
Stage 03 (GPU) — Model Prefitting: STEP=bayesian_recovery MODEL=qlearning
============================================================
Job ID:     55009117
Node:       m3g117
GPU(s):     0
Project:    /fs04/fc37/adam/projects/rlwm_trauma_analysis/rlwm_trauma_analysis
Start time: Tue Apr 28 10:24:20 PM AEST 2026
============================================================
Activated rlwm_gpu by name
JAX devices: [CudaDevice(id=0)]
GPU count: 1
JAX cache: /scratch/fc37/aman0087/.jax_cache_03_prefit_gpu_bayesian_recovery_qlearning

[Tue Apr 28 10:24:22 PM AEST 2026] Running: python scripts/03_model_prefitting/05_run_bayesian_recovery.py --mode single-subject --model qlearning --subject-idx 1 --seed 42 --output-dir models/bayesian/21_recovery/
================================================================================
STEP 21.2 SINGLE-SUBJECT RECOVERY: model=qlearning, subject=1
================================================================================
  Seed: 42
  MCMC budget: warmup=500, samples=1000, chains=2, max_tree_depth=8
  Synthetic task: n_blocks=17, n_trials_per_block=100

>> Sampling true parameters from prior...
  alpha_neg      = 0.5394
  alpha_pos      = 0.4175
  epsilon        = 0.0214

>> Generating synthetic trial data...
  Generated 909 trials across 17 blocks
  Mean reward (proxy accuracy): 0.575

>> Fitting synthetic data via hierarchical MCMC...

>> Preparing stacked participant data...
  Prepared 1 participants (sorted by ID)
  Skipping LEC covariate: model 'qlearning' does not support Level-2 regression (no natural L2 target parameter).

>> Running MCMC inference (NUTS + convergence auto-bump)...
>> Starting MCMC sampling with convergence auto-bump...
   Chains: 2
   Host devices: 1
   Warmup: 500
   Samples: 1000
   Max tree depth: 8
   Total iterations per chain: 1500
   Acceptance probability schedule: (0.8, 0.95, 0.99)

============================================================
>> JAX / NumPyro configuration
   backend            : gpu
   devices            : [CudaDevice(id=0)]
   local_device_count : 1
   x64 enabled        : False
   chain_method       : vectorized
   num_chains         : 2
   NUMPYRO_HOST_DEVICE_COUNT        = <unset>
   XLA_PYTHON_CLIENT_PREALLOCATE    = <unset>
   XLA_PYTHON_CLIENT_MEM_FRACTION   = <unset>
   JAX_COMPILATION_CACHE_DIR        = /scratch/fc37/aman0087/.jax_cache_03_prefit_gpu_bayesian_recovery_qlearning
   JAX_PERSISTENT_CACHE_MIN_ENTRY_SIZE_BYTES = 0
   CUDA_VISIBLE_DEVICES             = 0
============================================================

   Backend: gpu | chain_method: vectorized
[timing] target_accept_prob=0.80 wall=272.1s
[convergence-gate] target_accept_prob=0.80 divergences=33
[convergence-gate] 33 divergences remain — bumping target_accept_prob.
   Backend: gpu | chain_method: vectorized
[timing] target_accept_prob=0.95 wall=451.3s
[convergence-gate] target_accept_prob=0.95 divergences=3
[convergence-gate] 3 divergences remain — bumping target_accept_prob.
   Backend: gpu | chain_method: vectorized
[timing] target_accept_prob=0.99 wall=662.0s
[convergence-gate] target_accept_prob=0.99 divergences=0
[convergence-gate] Zero divergences — accepting this run.

================================================================================
QLEARNING POSTERIOR ESTIMATES — GROUP LEVEL
================================================================================
  alpha_neg_mu_pr: 0.122 +/- 0.223
  alpha_pos_mu_pr: -0.222 +/- 0.205
  epsilon_mu_pr: -2.022 +/- 0.222

>> Extracting posterior summaries and HDIs...

  Wrote: models/bayesian/21_recovery/qlearning_subject_001.json
  Elapsed: 1397.4 s
================================================================================

[Tue Apr 28 10:47:59 PM AEST 2026] Stage 03 (GPU) STEP=bayesian_recovery MODEL=qlearning finished (exit code: 0)

============================================================
AUTO-PUSH: Committing and pushing results
============================================================
[main f027afd] p29_03_prefit_gpu job 55009117 results
 4 files changed, 78 insertions(+), 1 deletion(-)
 create mode 100644 models/bayesian/21_recovery/qlearning_subject_001.json
To github.com:adammanoogian/rlwm_trauma_analysis
   dde84e0..f027afd  main -> main
  Auto-push complete
