============================================================
Stage 04b (GPU, Template C) — Hierarchical Bayesian Fit
============================================================
Job ID:         55009131
Node:           m3t100
Partition:      gpu
GPU(s):         0,1,2,3
Project:        /fs04/fc37/adam/projects/rlwm_trauma_analysis/rlwm_trauma_analysis
Model:          wmrl
Chains:         4
Warmup:         1000
Samples:        2000
Seed:           42
Max tree depth: 8
Subscale:       0
Limit:          <all participants>
Start time:     Wed Apr 29 12:54:16 AM AEST 2026
============================================================
Activated rlwm_gpu by name
JAX 0.9.0 devices: [CudaDevice(id=0), CudaDevice(id=1), CudaDevice(id=2), CudaDevice(id=3)]
GPU count: 4

JAX cache: /scratch/fc37/aman0087/.jax_cache_04b_bayesian_gpu_wmrl

[Wed Apr 29 12:54:29 AM AEST 2026] Clearing stale wmrl artefacts from models/bayesian/21_baseline/
============================================================
Fitting Bayesian model: wmrl (Template C, 4 GPUs + pmap)
Started: Wed Apr 29 12:54:29 AM AEST 2026
============================================================
[Wed Apr 29 12:54:29 AM AEST 2026] Starting wmrl hierarchical Bayesian fit (subscale=0)
  Command: python scripts/04_model_fitting/b_bayesian/fit_baseline.py --model wmrl --data data/processed/task_trials_long.csv --chains 4 --warmup 1000 --samples 2000 --seed 42 --max-tree-depth 8

[GPU 00:54:29] util=0% mem=0/15360MB temp=31Cutil=2% mem=0/15360MB temp=32Cutil=2% mem=0/15360MB temp=30Cutil=2% mem=0/15360MB temp=32C
================================================================================
STEP 21.3 — BASELINE HIERARCHICAL FIT (NO L2)
================================================================================
  Model: wmrl
  Data: data/processed/task_trials_long.csv
  Chains: 4
  Warmup: 1000
  Samples: 2000
  Seed: 42
  Max tree depth: 8
  Output: /fs04/fc37/adam/projects/rlwm_trauma_analysis/rlwm_trauma_analysis/models
  Output subdir: bayesian/21_baseline/ (forced)
================================================================================
================================================================================
BAYESIAN WMRL FIT WITH JAX/NUMPYRO
================================================================================

Settings:
  Model: wmrl
  Data: data/processed/task_trials_long.csv
  Min block: 3 (excludes practice)
  Chains: 4
  Warmup: 1000
  Samples: 2000
  Max tree depth: 8
  Output: /fs04/fc37/adam/projects/rlwm_trauma_analysis/rlwm_trauma_analysis/models
  Seed: 42
  Output subdir: bayesian/21_baseline/ (Phase 21 layout)
  JAX devices: 4

>> Loading data from: data/processed/task_trials_long.csv
Analysis cohort breakdown (total observed N=178):
  Task-complete (>= 400 trials, >= 8 blocks): 178
  Overall accuracy >= 0.4: 176
  Late-block accuracy >= 0.5 (last 5): 158
  Both performance gates: 158
  Scale-complete (5 cols): 186
  Final cohort (intersection − manual exclusions): 158
  Analysis cohort (v4.0): task-complete + performance-check + scale-complete
  Loaded 114872 trials from 178 participants
  Excluded 20 participants outside cohort
  Final sample: 158 participants
  Filtered to blocks >= 3: 114872 trials remain
  Dropped NaN values in critical columns: 114872 trials remain

>> Data summary:
  Participants: 158
  Blocks: 21
  Total trials: 114872
  Trials per participant: 727
    Participant 9187: 990 trials, 17 blocks
    Participant 10000: 988 trials, 17 blocks
    Participant 10002: 986 trials, 17 blocks
    Participant 10003: 973 trials, 17 blocks
    Participant 10004: 990 trials, 17 blocks
    Participant 10005: 985 trials, 17 blocks
    Participant 10006: 987 trials, 17 blocks
    Participant 10016: 987 trials, 17 blocks
    Participant 10017: 986 trials, 17 blocks
    Participant 10018: 986 trials, 17 blocks
    Participant 10024: 718 trials, 12 blocks
    Participant 10025: 414 trials, 8 blocks
    Participant 10027: 718 trials, 12 blocks
    Participant 10029: 720 trials, 12 blocks
    Participant 10030: 716 trials, 12 blocks
    Participant 10031: 719 trials, 12 blocks
    Participant 10035: 717 trials, 12 blocks
    Participant 10036: 713 trials, 12 blocks
    Participant 10039: 711 trials, 12 blocks
    Participant 10041: 696 trials, 12 blocks
    Participant 10043: 716 trials, 12 blocks
    Participant 10044: 716 trials, 12 blocks
    Participant 10047: 717 trials, 12 blocks
    Participant 10050: 717 trials, 12 blocks
    Participant 10051: 709 trials, 12 blocks
    Participant 10052: 709 trials, 12 blocks
    Participant 10055: 719 trials, 12 blocks
    Participant 10057: 712 trials, 12 blocks
    Participant 10058: 697 trials, 12 blocks
    Participant 10059: 718 trials, 12 blocks
    Participant 10062: 718 trials, 12 blocks
    Participant 10063: 713 trials, 12 blocks
    Participant 10064: 712 trials, 12 blocks
    Participant 10065: 719 trials, 12 blocks
    Participant 10066: 706 trials, 12 blocks
    Participant 10067: 716 trials, 12 blocks
    Participant 10071: 720 trials, 12 blocks
    Participant 10072: 718 trials, 12 blocks
    Participant 10073: 718 trials, 12 blocks
    Participant 10074: 717 trials, 12 blocks
    Participant 10075: 717 trials, 12 blocks
    Participant 10076: 710 trials, 12 blocks
    Participant 10077: 719 trials, 12 blocks
    Participant 10078: 719 trials, 12 blocks
    Participant 10079: 719 trials, 12 blocks
    Participant 10081: 716 trials, 12 blocks
    Participant 10083: 703 trials, 12 blocks
    Participant 10084: 717 trials, 12 blocks
    Participant 10086: 630 trials, 12 blocks
    Participant 10087: 714 trials, 12 blocks
    Participant 10088: 720 trials, 12 blocks
    Participant 10089: 716 trials, 12 blocks
    Participant 10092: 714 trials, 12 blocks
    Participant 10093: 712 trials, 12 blocks
    Participant 10094: 709 trials, 12 blocks
    Participant 10095: 712 trials, 12 blocks
    Participant 10097: 717 trials, 12 blocks
    Participant 10098: 712 trials, 12 blocks
    Participant 10099: 714 trials, 12 blocks
    Participant 10101: 715 trials, 12 blocks
    Participant 10102: 716 trials, 12 blocks
    Participant 10103: 719 trials, 12 blocks
    Participant 10104: 715 trials, 12 blocks
    Participant 10106: 719 trials, 12 blocks
    Participant 10107: 714 trials, 12 blocks
    Participant 10109: 719 trials, 12 blocks
    Participant 10110: 719 trials, 12 blocks
    Participant 10111: 713 trials, 12 blocks
    Participant 10112: 707 trials, 12 blocks
    Participant 10114: 709 trials, 12 blocks
    Participant 10115: 711 trials, 12 blocks
    Participant 10116: 718 trials, 12 blocks
    Participant 10117: 715 trials, 12 blocks
    Participant 10120: 715 trials, 12 blocks
    Participant 10121: 711 trials, 12 blocks
    Participant 10125: 717 trials, 12 blocks
    Participant 10126: 719 trials, 12 blocks
    Participant 10128: 705 trials, 12 blocks
    Participant 10130: 713 trials, 12 blocks
    Participant 10135: 704 trials, 12 blocks
    Participant 10137: 718 trials, 12 blocks
    Participant 10140: 715 trials, 12 blocks
    Participant 10141: 716 trials, 12 blocks
    Participant 10142: 719 trials, 12 blocks
    Participant 10143: 719 trials, 12 blocks
    Participant 10145: 713 trials, 12 blocks
    Participant 10147: 716 trials, 12 blocks
    Participant 10148: 705 trials, 12 blocks
    Participant 10149: 713 trials, 12 blocks
    Participant 10150: 715 trials, 12 blocks
    Participant 10151: 717 trials, 12 blocks
    Participant 10152: 719 trials, 12 blocks
    Participant 10154: 717 trials, 12 blocks
    Participant 10155: 713 trials, 12 blocks
    Participant 10156: 712 trials, 12 blocks
    Participant 10157: 719 trials, 12 blocks
    Participant 10158: 716 trials, 12 blocks
    Participant 10159: 716 trials, 12 blocks
    Participant 10160: 717 trials, 12 blocks
    Participant 10162: 714 trials, 12 blocks
    Participant 10163: 719 trials, 12 blocks
    Participant 10164: 719 trials, 12 blocks
    Participant 10165: 713 trials, 12 blocks
    Participant 10166: 714 trials, 12 blocks
    Participant 10168: 718 trials, 12 blocks
    Participant 10169: 713 trials, 12 blocks
    Participant 10170: 718 trials, 12 blocks
    Participant 10171: 718 trials, 12 blocks
    Participant 10172: 719 trials, 12 blocks
    Participant 10174: 714 trials, 12 blocks
    Participant 10175: 717 trials, 12 blocks
    Participant 10177: 715 trials, 12 blocks
    Participant 10178: 718 trials, 12 blocks
    Participant 10179: 716 trials, 12 blocks
    Participant 10180: 708 trials, 12 blocks
    Participant 10181: 719 trials, 12 blocks
    Participant 10182: 696 trials, 12 blocks
    Participant 10183: 719 trials, 12 blocks
    Participant 10185: 710 trials, 12 blocks
    Participant 10186: 718 trials, 12 blocks
    Participant 10190: 600 trials, 12 blocks
    Participant 10191: 708 trials, 12 blocks
    Participant 10192: 709 trials, 12 blocks
    Participant 10196: 718 trials, 12 blocks
    Participant 10197: 716 trials, 12 blocks
    Participant 10198: 479 trials, 11 blocks
    Participant 10199: 710 trials, 12 blocks
    Participant 10200: 719 trials, 12 blocks
    Participant 10201: 719 trials, 12 blocks
    Participant 10202: 718 trials, 12 blocks
    Participant 10203: 716 trials, 12 blocks
    Participant 10204: 718 trials, 12 blocks
    Participant 10208: 694 trials, 12 blocks
    Participant 10209: 715 trials, 12 blocks
    Participant 10212: 716 trials, 12 blocks
    Participant 10215: 719 trials, 12 blocks
    Participant 10216: 717 trials, 12 blocks
    Participant 10217: 719 trials, 12 blocks
    Participant 10218: 694 trials, 12 blocks
    Participant 10220: 718 trials, 12 blocks
    Participant 10221: 707 trials, 12 blocks
    Participant 10222: 710 trials, 12 blocks
    Participant 10225: 713 trials, 12 blocks
    Participant 10226: 718 trials, 12 blocks
    Participant 10227: 717 trials, 12 blocks
    Participant 10228: 712 trials, 12 blocks
    Participant 10229: 707 trials, 12 blocks
    Participant 10234: 708 trials, 12 blocks
    Participant 10235: 720 trials, 12 blocks
    Participant 10236: 718 trials, 12 blocks
    Participant 10239: 718 trials, 12 blocks
    Participant 10240: 720 trials, 12 blocks
    Participant 10241: 720 trials, 12 blocks
    Participant 10242: 719 trials, 12 blocks
    Participant 10243: 711 trials, 12 blocks
    Participant 10245: 719 trials, 12 blocks
    Participant 10246: 715 trials, 12 blocks
    Participant 10248: 718 trials, 12 blocks

================================================================================
FITTING WMRL HIERARCHICAL MODEL
================================================================================

>> Preparing stacked participant data...
  Prepared 158 participants (sorted by ID)
  Skipping LEC covariate: model 'wmrl' does not support Level-2 regression (no natural L2 target parameter).

>> Running MCMC inference (NUTS + convergence auto-bump)...
>> Starting MCMC sampling with convergence auto-bump...
   Chains: 4
   Host devices: 4
   Warmup: 1000
   Samples: 2000
   Max tree depth: 8
   Total iterations per chain: 3000
   Acceptance probability schedule: (0.8, 0.95, 0.99)

============================================================
>> JAX / NumPyro configuration
   backend            : gpu
   devices            : [CudaDevice(id=0), CudaDevice(id=1), CudaDevice(id=2), CudaDevice(id=3)]
   local_device_count : 4
   x64 enabled        : False
   chain_method       : parallel
   num_chains         : 4
   NUMPYRO_HOST_DEVICE_COUNT        = 4
   XLA_PYTHON_CLIENT_PREALLOCATE    = <unset>
   XLA_PYTHON_CLIENT_MEM_FRACTION   = <unset>
   JAX_COMPILATION_CACHE_DIR        = /scratch/fc37/aman0087/.jax_cache_04b_bayesian_gpu_wmrl
   JAX_PERSISTENT_CACHE_MIN_ENTRY_SIZE_BYTES = 0
   CUDA_VISIBLE_DEVICES             = 0,1,2,3
============================================================

   Backend: gpu | chain_method: parallel
[GPU 00:59:29] util=99% mem=11343/15360MB temp=40Cutil=99% mem=11337/15360MB temp=41Cutil=99% mem=11337/15360MB temp=40Cutil=99% mem=11337/15360MB temp=41C
[GPU 01:04:29] util=99% mem=11343/15360MB temp=40Cutil=99% mem=11337/15360MB temp=41Cutil=99% mem=11337/15360MB temp=40Cutil=99% mem=11337/15360MB temp=41C
[GPU 01:09:29] util=99% mem=11343/15360MB temp=40Cutil=99% mem=11337/15360MB temp=41Cutil=99% mem=11337/15360MB temp=40Cutil=99% mem=11337/15360MB temp=42C
[GPU 01:14:29] util=99% mem=11343/15360MB temp=40Cutil=99% mem=11337/15360MB temp=41Cutil=99% mem=11337/15360MB temp=40Cutil=99% mem=11337/15360MB temp=41C
[GPU 01:19:29] util=99% mem=11343/15360MB temp=40Cutil=99% mem=11337/15360MB temp=41Cutil=99% mem=11337/15360MB temp=40Cutil=99% mem=11337/15360MB temp=41C
[GPU 01:24:29] util=99% mem=11343/15360MB temp=40Cutil=99% mem=11337/15360MB temp=41Cutil=99% mem=11337/15360MB temp=40Cutil=99% mem=11337/15360MB temp=41C
[GPU 01:29:29] util=99% mem=11343/15360MB temp=40Cutil=99% mem=11337/15360MB temp=41Cutil=99% mem=11337/15360MB temp=40Cutil=99% mem=11337/15360MB temp=41C
[GPU 01:34:29] util=99% mem=11343/15360MB temp=40Cutil=99% mem=11337/15360MB temp=41Cutil=99% mem=11337/15360MB temp=40Cutil=99% mem=11337/15360MB temp=42C
[GPU 01:39:30] util=0% mem=11343/15360MB temp=32Cutil=99% mem=11337/15360MB temp=41Cutil=0% mem=11337/15360MB temp=31Cutil=99% mem=11337/15360MB temp=41C
[GPU 01:44:30] util=0% mem=11343/15360MB temp=32Cutil=99% mem=11337/15360MB temp=41Cutil=0% mem=11337/15360MB temp=31Cutil=99% mem=11337/15360MB temp=41C
[GPU 01:49:30] util=0% mem=11343/15360MB temp=32Cutil=99% mem=11337/15360MB temp=41Cutil=0% mem=11337/15360MB temp=31Cutil=99% mem=11337/15360MB temp=41C
[GPU 01:54:30] util=0% mem=11343/15360MB temp=32Cutil=99% mem=11337/15360MB temp=41Cutil=0% mem=11337/15360MB temp=31Cutil=99% mem=11337/15360MB temp=41C
[GPU 01:59:30] util=0% mem=11343/15360MB temp=32Cutil=99% mem=11337/15360MB temp=41Cutil=0% mem=11337/15360MB temp=31Cutil=99% mem=11337/15360MB temp=41C
[GPU 02:04:30] util=0% mem=11343/15360MB temp=32Cutil=99% mem=11337/15360MB temp=41Cutil=0% mem=11337/15360MB temp=31Cutil=99% mem=11337/15360MB temp=41C
[GPU 02:09:30] util=0% mem=11343/15360MB temp=32Cutil=99% mem=11337/15360MB temp=41Cutil=0% mem=11337/15360MB temp=31Cutil=99% mem=11337/15360MB temp=41C
[GPU 02:14:30] util=0% mem=11343/15360MB temp=32Cutil=99% mem=11337/15360MB temp=41Cutil=0% mem=11337/15360MB temp=31Cutil=99% mem=11337/15360MB temp=42C
[GPU 02:19:30] util=0% mem=11343/15360MB temp=32Cutil=99% mem=11337/15360MB temp=41Cutil=0% mem=11337/15360MB temp=31Cutil=99% mem=11337/15360MB temp=42C
[GPU 02:24:30] util=0% mem=11343/15360MB temp=32Cutil=99% mem=11337/15360MB temp=41Cutil=0% mem=11337/15360MB temp=31Cutil=99% mem=11337/15360MB temp=41C
[GPU 02:29:30] util=0% mem=11343/15360MB temp=32Cutil=99% mem=11337/15360MB temp=41Cutil=0% mem=11337/15360MB temp=31Cutil=99% mem=11337/15360MB temp=41C
[GPU 02:34:30] util=0% mem=11343/15360MB temp=32Cutil=99% mem=11337/15360MB temp=41Cutil=0% mem=11337/15360MB temp=31Cutil=99% mem=11337/15360MB temp=41C
[GPU 02:39:31] util=0% mem=11343/15360MB temp=32Cutil=99% mem=11337/15360MB temp=41Cutil=0% mem=11337/15360MB temp=31Cutil=99% mem=11337/15360MB temp=42C
[GPU 02:44:31] util=0% mem=11343/15360MB temp=32Cutil=99% mem=11337/15360MB temp=41Cutil=0% mem=11337/15360MB temp=31Cutil=99% mem=11337/15360MB temp=42C
[GPU 02:49:31] util=0% mem=11343/15360MB temp=32Cutil=99% mem=11337/15360MB temp=41Cutil=0% mem=11337/15360MB temp=31Cutil=99% mem=11337/15360MB temp=41C
[GPU 02:54:31] util=0% mem=11343/15360MB temp=32Cutil=99% mem=11337/15360MB temp=41Cutil=0% mem=11337/15360MB temp=31Cutil=99% mem=11337/15360MB temp=42C
[GPU 02:59:31] util=0% mem=11343/15360MB temp=32Cutil=99% mem=11337/15360MB temp=41Cutil=0% mem=11337/15360MB temp=31Cutil=99% mem=11337/15360MB temp=42C
[GPU 03:04:31] util=0% mem=11343/15360MB temp=32Cutil=99% mem=11337/15360MB temp=41Cutil=0% mem=11337/15360MB temp=31Cutil=0% mem=11337/15360MB temp=32C
[GPU 03:09:31] util=0% mem=11343/15360MB temp=32Cutil=99% mem=11337/15360MB temp=41Cutil=0% mem=11337/15360MB temp=31Cutil=0% mem=11337/15360MB temp=32C
[timing] target_accept_prob=0.80 wall=8218.0s
[convergence-gate] target_accept_prob=0.80 divergences=0
[convergence-gate] Zero divergences — accepting this run.

================================================================================
WMRL POSTERIOR ESTIMATES — GROUP LEVEL
================================================================================
  alpha_neg_mu_pr: -4.512 +/- 0.269
  alpha_pos_mu_pr: -1.935 +/- 0.023
  capacity_mu_pr: -1.044 +/- 0.100
  epsilon_mu_pr: -1.573 +/- 0.026
  phi_mu_pr: -0.776 +/- 0.030
  rho_mu_pr: 0.944 +/- 0.075

================================================================================
SAVING RESULTS
================================================================================

>> Computing pointwise log-likelihoods...
  Pointwise log-lik shape: (4, 2000, 158, 1700)
  Padding positions set to NaN for WAIC/LOO.

>> Building ArviZ InferenceData...
[GPU 03:14:31] util=100% mem=11423/15360MB temp=36Cutil=100% mem=11417/15360MB temp=36Cutil=100% mem=11417/15360MB temp=36Cutil=100% mem=11417/15360MB temp=37C

>> Checking convergence gate...

[CONVERGENCE GATE FAILED] max_rhat=1.1200, min_ess_bulk=23, divergences=0
Refusing to write output files. Fix convergence issues and re-run.

================================================================================
FITTING COMPLETE!
================================================================================

[Wed Apr 29 03:15:10 AM AEST 2026] wmrl hierarchical fit finished (exit code: 1)
*** ERROR: Model wmrl FAILED with exit code 1 ***
*** Check stderr log: logs/04b_bayesian_gpu_55009131.err ***

============================================================
JOB RESOURCE REPORT
============================================================
Job ID: 55009131
Node: m3t100
GPU Info:
  Model:       Tesla T4
  VRAM Total:   15360 MiB
  VRAM Used:    0 MiB
  VRAM Free:    14912 MiB
  Utilization:  0 %
  Temperature:  35
  Model:       Tesla T4
  VRAM Total:   15360 MiB
  VRAM Used:    0 MiB
  VRAM Free:    14912 MiB
  Utilization:  39 %
  Temperature:  35
  Model:       Tesla T4
  VRAM Total:   15360 MiB
  VRAM Used:    0 MiB
  VRAM Free:    14912 MiB
  Utilization:  37 %
  Temperature:  34
  Model:       Tesla T4
  VRAM Total:   15360 MiB
  VRAM Used:    0 MiB
  VRAM Free:    14912 MiB
  Utilization:  13 %
  Temperature:  35
SLURM Accounting:
            55009131   02:20:55                              64G          8      RUNNING 
      55009131.batch   02:20:55                                           8      RUNNING 
     55009131.extern   02:20:55                                           8      RUNNING 
============================================================

============================================================
AUTO-PUSH: Committing and pushing results
============================================================
