============================================================
RLWM GPU-Accelerated MLE Fitting - M3 SLURM Job
============================================================
Job ID: 54555934
Node: m3g117
Partition: gpu
GPU(s): 0
Project: /fs04/fc37/adam/projects/rlwm_trauma_analysis/rlwm_trauma_analysis
Start time: Sun Apr  5 11:14:20 PM AEST 2026
============================================================
Activated rlwm_gpu by name

Verifying GPU access...
JAX devices: [CudaDevice(id=0)]
GPU(s) available: [CudaDevice(id=0)]

JAX cache: /scratch/fc37/aman0087/.jax_cache_gpu

Cleaning up stale checkpoints...


============================================================
Fitting model: wmrl_m3 (GPU-accelerated)
Started: Sun Apr  5 11:14:31 PM AEST 2026
============================================================
[GPU 23:14:31] util=0% mem=0/46068MB temp=47C
GPU detected: [CudaDevice(id=0)]

============================================================
MLE Fitting: WMRL_M3
============================================================
Data: output/task_trials_long.csv
Random starts: 50
Seed: 42
Output: output/mle/
Include practice: False
Parallel workers: 1
GPU acceleration: enabled
Hessian diagnostics: enabled (adds 5-30s per participant)
============================================================

Loading data...
  Total participants in data: 157
  Excluded participants: 3 (insufficient data/duplicates)
  Final sample: 154
  Total trials: 111943

[MEMORY] START: 552.3MB (psutil)

============================================================
MLE Fitting: WMRL_M3
============================================================
Start time: 2026-04-05 23:15:00
Participants: 154
Random starts per participant: 50
Parallel workers: 1
============================================================

Preparing participant data...
  Prepared 10/154 participants...
  Prepared 20/154 participants...
  Prepared 30/154 participants...
  Prepared 40/154 participants...
  Prepared 50/154 participants...
  Prepared 60/154 participants...
  Prepared 70/154 participants...
  Prepared 80/154 participants...
  Prepared 90/154 participants...
  Prepared 100/154 participants...
  Prepared 110/154 participants...
  Prepared 120/154 participants...
  Prepared 130/154 participants...
  Prepared 140/154 participants...
  Prepared 150/154 participants...
  Data preparation complete (12.0s)

GPU detected (cuda:0). Using vectorized GPU fitting path.


============================================================
GPU-Vectorized MLE Fitting: WMRL_M3
============================================================
Start time: 2026-04-05 23:15:12
Participants: 154
Random starts per participant: 50
Method: jaxopt.LBFGS + jax.vmap (fully vectorized)
============================================================

Stage 1: Preparing and stacking participant data...
  Stacked data shape: (154, 17, 100) (5.2s)
Stage 2: Generating unconstrained starting points...
  Starting points: (50, 7)
Stage 3: Building vmapped optimizer...
Stage 4: Running GPU-vectorized fitting (JIT compiling + executing)...
[MEMORY] PRE-GPU-FIT: 2299.5MB (psutil)
[GPU 23:19:31] util=100% mem=34571/46068MB temp=46C
[GPU 23:24:31] util=100% mem=34571/46068MB temp=46C
[GPU 23:29:31] util=100% mem=34571/46068MB temp=47C
[GPU 23:34:31] util=100% mem=34571/46068MB temp=46C
[GPU 23:39:32] util=100% mem=34571/46068MB temp=49C
[GPU 23:44:32] util=100% mem=34571/46068MB temp=51C
[GPU 23:49:32] util=100% mem=34571/46068MB temp=50C
[GPU 23:54:32] util=100% mem=34571/46068MB temp=49C
[GPU 23:59:32] util=100% mem=34571/46068MB temp=49C
[GPU 00:04:33] util=100% mem=34571/46068MB temp=52C
[GPU 00:09:33] util=100% mem=34571/46068MB temp=46C
[GPU 00:14:33] util=100% mem=34571/46068MB temp=48C
[GPU 00:19:33] util=100% mem=34571/46068MB temp=49C
[GPU 00:24:33] util=100% mem=34571/46068MB temp=49C
[GPU 00:29:33] util=100% mem=34571/46068MB temp=49C
[GPU 00:34:33] util=100% mem=34571/46068MB temp=49C
[GPU 00:39:33] util=100% mem=34571/46068MB temp=49C
[GPU 00:44:34] util=100% mem=34571/46068MB temp=49C
[GPU 00:49:34] util=100% mem=34571/46068MB temp=49C
[GPU 00:54:34] util=100% mem=34571/46068MB temp=48C
[GPU 00:59:34] util=100% mem=34571/46068MB temp=48C
[GPU 01:04:34] util=100% mem=34571/46068MB temp=49C
[GPU 01:09:34] util=100% mem=34571/46068MB temp=48C
[GPU 01:14:34] util=100% mem=34571/46068MB temp=49C
[GPU 01:19:34] util=100% mem=34571/46068MB temp=48C
[GPU 01:24:34] util=100% mem=34571/46068MB temp=49C
[GPU 01:29:34] util=100% mem=34571/46068MB temp=48C
[GPU 01:34:34] util=100% mem=34571/46068MB temp=48C
[GPU 01:39:34] util=100% mem=34571/46068MB temp=48C
[GPU 01:44:34] util=100% mem=34571/46068MB temp=49C
[GPU 01:49:34] util=100% mem=34571/46068MB temp=48C
[GPU 01:54:34] util=100% mem=34571/46068MB temp=48C
[GPU 01:59:34] util=100% mem=34571/46068MB temp=48C
[GPU 02:04:34] util=100% mem=34571/46068MB temp=49C
[GPU 02:09:35] util=100% mem=34571/46068MB temp=49C
[GPU 02:14:35] util=100% mem=34571/46068MB temp=49C
[GPU 02:19:35] util=100% mem=34571/46068MB temp=48C
[GPU 02:24:35] util=100% mem=34571/46068MB temp=48C
[GPU 02:29:35] util=100% mem=34571/46068MB temp=48C
[GPU 02:34:35] util=100% mem=34571/46068MB temp=48C
[GPU 02:39:35] util=100% mem=34571/46068MB temp=48C
[GPU 02:44:35] util=100% mem=34571/46068MB temp=48C
[GPU 02:49:35] util=100% mem=34571/46068MB temp=48C
[GPU 02:54:35] util=100% mem=34571/46068MB temp=48C
[GPU 02:59:35] util=100% mem=34571/46068MB temp=48C
[GPU 03:04:35] util=100% mem=34571/46068MB temp=48C
[GPU 03:09:36] util=100% mem=34571/46068MB temp=48C
[GPU 03:14:36] util=100% mem=34571/46068MB temp=49C
[GPU 03:19:36] util=100% mem=34571/46068MB temp=48C
[GPU 03:24:36] util=100% mem=34571/46068MB temp=48C
[GPU 03:29:36] util=100% mem=34571/46068MB temp=48C
[GPU 03:34:36] util=100% mem=34571/46068MB temp=49C
[GPU 03:39:36] util=100% mem=34571/46068MB temp=49C
[GPU 03:44:36] util=100% mem=34571/46068MB temp=48C
[GPU 03:49:36] util=100% mem=34571/46068MB temp=48C
[GPU 03:54:36] util=100% mem=34571/46068MB temp=48C
[GPU 03:59:36] util=100% mem=34571/46068MB temp=49C
[GPU 04:04:36] util=100% mem=34571/46068MB temp=49C
[GPU 04:09:36] util=100% mem=34571/46068MB temp=49C
[MEMORY] POST-GPU-FIT: 2396.0MB (psutil)
  GPU fitting complete: 17768.4s
  Output shapes: params=(154, 50, 7), nlls=(154, 50)
Stage 5: Selecting best results and transforming parameters...
Stage 6: Building result dictionaries...
Stage 7: Computing Hessian diagnostics (sequential)...
    Hessian: 10/154 done
    Hessian: 20/154 done
    Hessian: 30/154 done
    Hessian: 40/154 done
    Hessian: 50/154 done
    Hessian: 60/154 done
    Hessian: 70/154 done
    Hessian: 80/154 done
    Hessian: 90/154 done
    Hessian: 100/154 done
    Hessian: 110/154 done
[GPU 04:14:36] util=0% mem=34571/46068MB temp=39C
    Hessian: 120/154 done
    Hessian: 130/154 done
    Hessian: 140/154 done
    Hessian: 150/154 done
  Hessian diagnostics complete: 94/154 successful (312.5s)

============================================================
GPU FITTING COMPLETE
============================================================
Total duration: 18089.5s (301.5min)
  GPU optimization: 17768.4s
Participants: 154 | Converged: 75 (49%)
Peak memory: 2.34GB
============================================================


============================================================
RESULTS
============================================================

Convergence: 75/154 (48.7%)

Group Statistics (n=75):
--------------------------------------------------
  alpha_pos   : 0.043 +/- 0.018  (SD=0.153)
  alpha_neg   : 0.014 +/- 0.012  (SD=0.101)
  phi         : 0.264 +/- 0.022  (SD=0.193)
  rho         : 0.868 +/- 0.022  (SD=0.187)
  capacity    : 2.916 +/- 0.154  (SD=1.334)
  kappa       : 0.069 +/- 0.014  (SD=0.122)
  epsilon     : 0.059 +/- 0.010  (SD=0.088)

Model Fit:
--------------------------------------------------
  NLL         : 469.45 +/- 13.91
  AIC         : 952.90 +/- 27.82
  BIC         : 984.89 +/- 27.83
  PSEUDO-R²   : 0.403 +/- 0.155

Hessian Diagnostics:
--------------------------------------------------
  Successfully computed: 94/154
  Median condition number: 722282432.0
  Warning: 95 participants with condition > 1000 (identifiability issues)

Warning: Parameters hitting bounds:
  alpha_neg: 94 participants
  rho: 29 participants
  epsilon: 42 participants
  alpha_pos: 46 participants
  phi: 13 participants
  kappa: 32 participants
  capacity: 4 participants

============================================================
Results saved to:
  Individual fits:     output/mle/wmrl_m3_individual_fits.csv
  Group summary:       output/mle/wmrl_m3_group_summary.csv
  Timing log:          output/mle/wmrl_m3_timing_log.csv
  Performance summary: output/mle/wmrl_m3_performance_summary.json
============================================================

============================================================
STATUS: PARTIAL - 97/154 participants fit, 57 FAILED
  Failed participants: [10000, 10002, 10003, 10005, 10006, 10016, 10018, 10027, 10029, 10030]...
============================================================

Completed: Mon Apr  6 04:16:47 AM AEST 2026 (exit code: 0)

============================================================
All models complete!
End time: Mon Apr  6 04:16:47 AM AEST 2026
============================================================

Results saved to:
  output/mle/*_individual_fits.csv
  output/mle/*_group_summary.csv
============================================================

============================================================
JOB RESOURCE REPORT
============================================================
Job ID: 54555934
Node: m3g117

GPU Info:
  Model:       NVIDIA L40S
  VRAM Total:   46068 MiB
  VRAM Used:    0 MiB
  VRAM Free:    45468 MiB
  Utilization:  9 %
  Temperature:  38

SLURM Accounting:
            54555934   05:02:30                              64G          4      RUNNING 
      54555934.batch   05:02:30                                           4      RUNNING 
     54555934.extern   05:02:30                                           4      RUNNING 

For detailed stats after completion:
  jobstats 54555934
============================================================
