============================================================
RLWM GPU-Accelerated MLE Fitting - M3 SLURM Job
============================================================
Job ID: 54539694
Node: m3g118
Partition: gpu
GPU(s): 0
Project: /fs04/fc37/adam/projects/rlwm_trauma_analysis/rlwm_trauma_analysis
Start time: Sun Apr  5 06:57:29 AM AEST 2026
============================================================
Activated rlwm_gpu by name

Verifying GPU access...
JAX devices: [CudaDevice(id=0)]
GPU(s) available: [CudaDevice(id=0)]

JAX cache: /scratch/fc37/aman0087/.jax_cache_gpu

Cleaning up stale checkpoints...


============================================================
Fitting model: wmrl_m6b (GPU-accelerated)
Started: Sun Apr  5 06:57:38 AM AEST 2026
============================================================
GPU detected: [CudaDevice(id=0)]

============================================================
MLE Fitting: WMRL_M6B
============================================================
Data: output/task_trials_long.csv
Random starts: 50
Seed: 42
Output: output/mle/
Include practice: False
Parallel workers: 1
GPU acceleration: enabled
Hessian diagnostics: enabled (adds 5-30s per participant)
============================================================

Loading data...
  Total participants in data: 157
  Excluded participants: 3 (insufficient data/duplicates)
  Final sample: 154
  Total trials: 111943

[MEMORY] START: 551.1MB (psutil)

============================================================
MLE Fitting: WMRL_M6B
============================================================
Start time: 2026-04-05 06:57:43
Participants: 154
Random starts per participant: 50
Parallel workers: 1
============================================================

Preparing participant data...
  Prepared 10/154 participants...
  Prepared 20/154 participants...
  Prepared 30/154 participants...
  Prepared 40/154 participants...
  Prepared 50/154 participants...
  Prepared 60/154 participants...
  Prepared 70/154 participants...
  Prepared 80/154 participants...
  Prepared 90/154 participants...
  Prepared 100/154 participants...
  Prepared 110/154 participants...
  Prepared 120/154 participants...
  Prepared 130/154 participants...
  Prepared 140/154 participants...
  Prepared 150/154 participants...
  Data preparation complete (12.7s)

GPU detected (cuda:0). Using vectorized GPU fitting path.


============================================================
GPU-Vectorized MLE Fitting: WMRL_M6B
============================================================
Start time: 2026-04-05 06:57:56
Participants: 154
Random starts per participant: 50
Method: jaxopt.LBFGS + jax.vmap (fully vectorized)
============================================================

Stage 1: Preparing and stacking participant data...
  Stacked data shape: (154, 17, 100) (5.5s)
Stage 2: Generating unconstrained starting points...
  Starting points: (50, 8)
Stage 3: Building vmapped optimizer...
Stage 4: Running GPU-vectorized fitting (JIT compiling + executing)...
[MEMORY] PRE-GPU-FIT: 2299.8MB (psutil)
[MEMORY] POST-GPU-FIT: 2514.5MB (psutil)
  GPU fitting complete: 18836.8s
  Output shapes: params=(154, 50, 8), nlls=(154, 50)
Stage 5: Selecting best results and transforming parameters...
Stage 6: Building result dictionaries...
Stage 7: Computing Hessian diagnostics (sequential)...
    Hessian: 10/154 done
    Hessian: 20/154 done
    Hessian: 30/154 done
    Hessian: 40/154 done

*** GPU FITTING FAILED: float division by zero ***

*** ERROR: Model wmrl_m6b FAILED with exit code 1 ***
*** Check stderr log: cluster/logs/mle_gpu_54539694.err ***

Completed: Sun Apr  5 12:16:26 PM AEST 2026 (exit code: 1)

============================================================
All models complete!
End time: Sun Apr  5 12:16:26 PM AEST 2026
============================================================

Results saved to:
  output/mle/*_individual_fits.csv
  output/mle/*_group_summary.csv
============================================================
