============================================================
RLWM GPU-Accelerated MLE Fitting - M3 SLURM Job
============================================================
Job ID: 54555937
Node: m3g118
Partition: gpu
GPU(s): 0
Project: /fs04/fc37/adam/projects/rlwm_trauma_analysis/rlwm_trauma_analysis
Start time: Mon Apr  6 04:02:08 AM AEST 2026
============================================================
Activated rlwm_gpu by name

Verifying GPU access...
JAX devices: [CudaDevice(id=0)]
GPU(s) available: [CudaDevice(id=0)]

JAX cache: /scratch/fc37/aman0087/.jax_cache_gpu

Cleaning up stale checkpoints...


============================================================
Fitting model: wmrl_m6b (GPU-accelerated)
Started: Mon Apr  6 04:02:18 AM AEST 2026
============================================================
[GPU 04:02:18] util=0% mem=0/46068MB temp=33C
GPU detected: [CudaDevice(id=0)]

============================================================
MLE Fitting: WMRL_M6B
============================================================
Data: output/task_trials_long.csv
Random starts: 50
Seed: 42
Output: output/mle/
Include practice: False
Parallel workers: 1
GPU acceleration: enabled
Hessian diagnostics: enabled (adds 5-30s per participant)
============================================================

Loading data...
  Total participants in data: 157
  Excluded participants: 3 (insufficient data/duplicates)
  Final sample: 154
  Total trials: 111943

[MEMORY] START: 550.1MB (psutil)

============================================================
MLE Fitting: WMRL_M6B
============================================================
Start time: 2026-04-06 04:02:44
Participants: 154
Random starts per participant: 50
Parallel workers: 1
============================================================

Preparing participant data...
  Prepared 10/154 participants...
  Prepared 20/154 participants...
  Prepared 30/154 participants...
  Prepared 40/154 participants...
  Prepared 50/154 participants...
  Prepared 60/154 participants...
  Prepared 70/154 participants...
  Prepared 80/154 participants...
  Prepared 90/154 participants...
  Prepared 100/154 participants...
  Prepared 110/154 participants...
  Prepared 120/154 participants...
  Prepared 130/154 participants...
  Prepared 140/154 participants...
  Prepared 150/154 participants...
  Data preparation complete (12.1s)

GPU detected (cuda:0). Using vectorized GPU fitting path.


============================================================
GPU-Vectorized MLE Fitting: WMRL_M6B
============================================================
Start time: 2026-04-06 04:02:56
Participants: 154
Random starts per participant: 50
Method: jaxopt.LBFGS + jax.vmap (fully vectorized)
============================================================

Stage 1: Preparing and stacking participant data...
  Stacked data shape: (154, 17, 100) (5.4s)
Stage 2: Generating unconstrained starting points...
  Starting points: (50, 8)
Stage 3: Building vmapped optimizer...
Stage 4: Running GPU-vectorized fitting (JIT compiling + executing)...
[MEMORY] PRE-GPU-FIT: 2297.8MB (psutil)
[GPU 04:07:18] util=100% mem=34571/46068MB temp=46C
[GPU 04:12:18] util=100% mem=34571/46068MB temp=47C
[GPU 04:17:18] util=100% mem=34571/46068MB temp=47C
[GPU 04:22:18] util=100% mem=34571/46068MB temp=47C
[GPU 04:27:18] util=100% mem=34571/46068MB temp=47C
[GPU 04:32:18] util=100% mem=34571/46068MB temp=47C
[GPU 04:37:18] util=100% mem=34571/46068MB temp=47C
[GPU 04:42:18] util=100% mem=34571/46068MB temp=47C
[GPU 04:47:19] util=100% mem=34571/46068MB temp=47C
[GPU 04:52:19] util=100% mem=34571/46068MB temp=47C
[GPU 04:57:19] util=100% mem=34571/46068MB temp=47C
[GPU 05:02:19] util=100% mem=34571/46068MB temp=47C
[GPU 05:07:19] util=100% mem=34571/46068MB temp=47C
[GPU 05:12:19] util=100% mem=34571/46068MB temp=47C
[GPU 05:17:19] util=100% mem=34571/46068MB temp=47C
[GPU 05:22:19] util=100% mem=34571/46068MB temp=47C
[GPU 05:27:19] util=100% mem=34571/46068MB temp=47C
[GPU 05:32:19] util=100% mem=34571/46068MB temp=47C
[GPU 05:37:19] util=100% mem=34571/46068MB temp=47C
[GPU 05:42:19] util=100% mem=34571/46068MB temp=47C
[GPU 05:47:19] util=100% mem=34571/46068MB temp=47C
[GPU 05:52:19] util=100% mem=34571/46068MB temp=47C
[GPU 05:57:19] util=100% mem=34571/46068MB temp=47C
[GPU 06:02:19] util=100% mem=34571/46068MB temp=47C
[GPU 06:07:20] util=100% mem=34571/46068MB temp=47C
[GPU 06:12:20] util=100% mem=34571/46068MB temp=47C
[GPU 06:17:20] util=100% mem=34571/46068MB temp=47C
[GPU 06:22:20] util=100% mem=34571/46068MB temp=47C
[GPU 06:27:20] util=100% mem=34571/46068MB temp=47C
[GPU 06:32:20] util=100% mem=34571/46068MB temp=47C
[GPU 06:37:20] util=100% mem=34571/46068MB temp=47C
[GPU 06:42:20] util=100% mem=34571/46068MB temp=47C
[GPU 06:47:20] util=100% mem=34571/46068MB temp=47C
[GPU 06:52:20] util=100% mem=34571/46068MB temp=47C
[GPU 06:57:20] util=100% mem=34571/46068MB temp=47C
[GPU 07:02:20] util=100% mem=34571/46068MB temp=47C
[GPU 07:07:20] util=100% mem=34571/46068MB temp=47C
[GPU 07:12:20] util=100% mem=34571/46068MB temp=47C
[GPU 07:17:20] util=100% mem=34571/46068MB temp=47C
[GPU 07:22:20] util=100% mem=34571/46068MB temp=47C
[GPU 07:27:20] util=100% mem=34571/46068MB temp=47C
[GPU 07:32:20] util=100% mem=34571/46068MB temp=47C
[GPU 07:37:20] util=100% mem=34571/46068MB temp=47C
[GPU 07:42:20] util=100% mem=34571/46068MB temp=47C
[GPU 07:47:20] util=100% mem=34571/46068MB temp=47C
[GPU 07:52:21] util=100% mem=34571/46068MB temp=47C
[GPU 07:57:21] util=100% mem=34571/46068MB temp=47C
[GPU 08:02:21] util=100% mem=34571/46068MB temp=47C
[GPU 08:07:21] util=100% mem=34571/46068MB temp=47C
[GPU 08:12:21] util=100% mem=34571/46068MB temp=47C
[GPU 08:17:21] util=100% mem=34571/46068MB temp=47C
[GPU 08:22:21] util=100% mem=34571/46068MB temp=47C
[GPU 08:27:21] util=100% mem=34571/46068MB temp=47C
[GPU 08:32:21] util=100% mem=34571/46068MB temp=47C
[GPU 08:37:21] util=100% mem=34571/46068MB temp=47C
[GPU 08:42:21] util=100% mem=34571/46068MB temp=47C
[GPU 08:47:21] util=100% mem=34571/46068MB temp=47C
[GPU 08:52:21] util=100% mem=34571/46068MB temp=47C
[GPU 08:57:21] util=100% mem=34571/46068MB temp=47C
[GPU 09:02:21] util=100% mem=34571/46068MB temp=47C
[GPU 09:07:21] util=100% mem=34571/46068MB temp=47C
[GPU 09:12:21] util=100% mem=34571/46068MB temp=47C
[MEMORY] POST-GPU-FIT: 2408.2MB (psutil)
  GPU fitting complete: 18812.7s
  Output shapes: params=(154, 50, 8), nlls=(154, 50)
Stage 5: Selecting best results and transforming parameters...
Stage 6: Building result dictionaries...
Stage 7: Computing Hessian diagnostics (sequential)...
    Hessian: 10/154 done
    Hessian: 20/154 done
[GPU 09:17:21] util=0% mem=34573/46068MB temp=41C
    Hessian: 30/154 done
    Hessian: 40/154 done
    Hessian: 50/154 done
    Hessian: 60/154 done
    Hessian: 70/154 done
    Hessian: 80/154 done
    Hessian: 90/154 done
[GPU 09:22:21] util=0% mem=34573/46068MB temp=36C
    Hessian: 100/154 done
    Hessian: 110/154 done
    Hessian: 120/154 done
    Hessian: 130/154 done
    Hessian: 140/154 done
    Hessian: 150/154 done
  Hessian diagnostics complete: 72/154 successful (641.6s)

============================================================
GPU FITTING COMPLETE
============================================================
Total duration: 19462.9s (324.4min)
  GPU optimization: 18812.7s
Participants: 154 | Converged: 60 (39%)
Peak memory: 2.35GB
============================================================


============================================================
RESULTS
============================================================

Convergence: 60/154 (39.0%)

Group Statistics (n=60):
--------------------------------------------------
  alpha_pos   : 0.060 +/- 0.024  (SD=0.189)
  alpha_neg   : 0.044 +/- 0.024  (SD=0.183)
  phi         : 0.237 +/- 0.026  (SD=0.205)
  rho         : 0.879 +/- 0.021  (SD=0.162)
  capacity    : 3.405 +/- 0.169  (SD=1.306)
  kappa_total : 0.141 +/- 0.017  (SD=0.129)
  kappa_share : 0.289 +/- 0.035  (SD=0.273)
  epsilon     : 0.063 +/- 0.015  (SD=0.112)

Model Fit:
--------------------------------------------------
  NLL         : 458.35 +/- 17.23
  AIC         : 932.70 +/- 34.45
  BIC         : 969.40 +/- 34.49
  PSEUDO-R²   : 0.422 +/- 0.159

Hessian Diagnostics:
--------------------------------------------------
  Successfully computed: 72/154
  Median condition number: 1563840512.0
  Warning: 75 participants with condition > 1000 (identifiability issues)

Warning: Parameters hitting bounds:
  alpha_pos: 45 participants
  alpha_neg: 68 participants
  kappa_share: 19 participants
  phi: 12 participants
  rho: 24 participants
  epsilon: 27 participants
  capacity: 2 participants

============================================================
Results saved to:
  Individual fits:     output/mle/wmrl_m6b_individual_fits.csv
  Group summary:       output/mle/wmrl_m6b_group_summary.csv
  Timing log:          output/mle/wmrl_m6b_timing_log.csv
  Performance summary: output/mle/wmrl_m6b_performance_summary.json
============================================================

============================================================
STATUS: PARTIAL - 75/154 participants fit, 79 FAILED
  Failed participants: [10005, 10006, 10007, 10016, 10017, 10024, 10025, 10027, 10035, 10043]...
============================================================

[GPU 09:27:21] util=0% mem=467/46068MB temp=35C
Completed: Mon Apr  6 09:27:25 AM AEST 2026 (exit code: 0)

============================================================
All models complete!
End time: Mon Apr  6 09:27:25 AM AEST 2026
============================================================

Results saved to:
  output/mle/*_individual_fits.csv
  output/mle/*_group_summary.csv
============================================================

============================================================
JOB RESOURCE REPORT
============================================================
Job ID: 54555937
Node: m3g118

GPU Info:
  Model:       NVIDIA L40S
  VRAM Total:   46068 MiB
  VRAM Used:    0 MiB
  VRAM Free:    45468 MiB
  Utilization:  1 %
  Temperature:  35

SLURM Accounting:
            54555937   05:25:19                              64G          4      RUNNING 
      54555937.batch   05:25:19                                           4      RUNNING 
     54555937.extern   05:25:19                                           4      RUNNING 

For detailed stats after completion:
  jobstats 54555937
============================================================
