============================================================
PScan A/B Smoke Test — All 6 Choice-Only Models
============================================================
Job ID: 54843474
Node: m3g109
Project: /fs04/fc37/adam/projects/rlwm_trauma_analysis/rlwm_trauma_analysis
Chains: 2 | Warmup: 50 | Samples: 50
Max tree depth: 6
Models: qlearning wmrl wmrl_m3 wmrl_m5 wmrl_m6a wmrl_m6b
Start time: Wed Apr 15 11:54:42 PM AEST 2026
============================================================
Activated rlwm_gpu by name
JAX version: 0.9.2, platforms: [CudaDevice(id=0)]
GPU(s) available: [CudaDevice(id=0)]

JAX cache: /scratch/fc37/aman0087/.jax_cache_pscan_smoke


============================================================
STAGE 1: Micro-benchmark (cold + warm JIT, all 6 models)
Started: Wed Apr 15 11:54:53 PM AEST 2026
============================================================
========================================================================
SEQUENTIAL vs VECTORIZED PSCAN LIKELIHOOD BENCHMARK
(Phase 19 associative scan + Phase 20 vectorized policy)
========================================================================
Device:        NVIDIA L40S
JAX version:   0.9.2
Models:        qlearning, wmrl, wmrl_m3, wmrl_m5, wmrl_m6a, wmrl_m6b
N repeats:     3
N blocks:      17
Trials/block:  100
Timestamp:     2026-04-15T13:54:55.110587+00:00
========================================================================

Generating synthetic data...
  Shape: (17, 100) (blocks x trials_per_block)

────────────────────────────────────────────────────────────
Benchmarking: qlearning
────────────────────────────────────────────────────────────
  Compiling sequential... 920ms
  Compiling pscan... 653ms
  NLL sequential: -4097.093262
  NLL pscan:      -4097.092285
  NLL agreement:  2.38e-07 (abs diff: 9.77e-04)
  Timing sequential (3 repeats)... 168.70 +/- 2.88 ms
  Timing pscan (3 repeats)... 614.91 +/- 12.46 ms
  Speedup: 0.27x

────────────────────────────────────────────────────────────
Benchmarking: wmrl
────────────────────────────────────────────────────────────
  Compiling sequential... 289ms
  Compiling pscan... 124ms
  NLL sequential: -3100.329834
  NLL pscan:      -3100.328613
  NLL agreement:  3.94e-07 (abs diff: 1.22e-03)
  Timing sequential (3 repeats)... 241.33 +/- 0.72 ms
  Timing pscan (3 repeats)... 136.53 +/- 20.98 ms
  Speedup: 1.77x

────────────────────────────────────────────────────────────
Benchmarking: wmrl_m3
────────────────────────────────────────────────────────────
  Compiling sequential... 263ms
  Compiling pscan... 138ms
  NLL sequential: -2852.244873
  NLL pscan:      -2852.244629
  NLL agreement:  8.56e-08 (abs diff: 2.44e-04)
  Timing sequential (3 repeats)... 252.81 +/- 1.58 ms
  Timing pscan (3 repeats)... 154.36 +/- 26.29 ms
  Speedup: 1.64x

────────────────────────────────────────────────────────────
Benchmarking: wmrl_m5
────────────────────────────────────────────────────────────
  Compiling sequential... 255ms
  Compiling pscan... 138ms
  NLL sequential: -2942.468506
  NLL pscan:      -2942.468018
  NLL agreement:  1.66e-07 (abs diff: 4.88e-04)
  Timing sequential (3 repeats)... 275.23 +/- 10.49 ms
  Timing pscan (3 repeats)... 161.67 +/- 33.36 ms
  Speedup: 1.70x

────────────────────────────────────────────────────────────
Benchmarking: wmrl_m6a
────────────────────────────────────────────────────────────
  Compiling sequential... 270ms
  Compiling pscan... 139ms
  NLL sequential: -2909.187500
  NLL pscan:      -2909.187256
  NLL agreement:  8.39e-08 (abs diff: 2.44e-04)
  Timing sequential (3 repeats)... 271.38 +/- 0.57 ms
  Timing pscan (3 repeats)... 164.71 +/- 33.71 ms
  Speedup: 1.65x

────────────────────────────────────────────────────────────
Benchmarking: wmrl_m6b
────────────────────────────────────────────────────────────
  Compiling sequential... 289ms
  Compiling pscan... 160ms
  NLL sequential: -2763.764648
  NLL pscan:      -2763.764160
  NLL agreement:  1.77e-07 (abs diff: 4.88e-04)
  Timing sequential (3 repeats)... 287.98 +/- 0.57 ms
  Timing pscan (3 repeats)... 189.77 +/- 42.45 ms
  Speedup: 1.52x

========================================================================
SUMMARY
========================================================================
Model         Sequential (ms)   PScan (ms)   Speedup    NLL Agree
-----------------------------------------------------------------
qlearning          168.70       614.91       0.27x    2.38e-07
wmrl               241.33       136.53       1.77x    3.94e-07
wmrl_m3            252.81       154.36       1.64x    8.56e-08
wmrl_m5            275.23       161.67       1.70x    1.66e-07
wmrl_m6a           271.38       164.71       1.65x    8.39e-08
wmrl_m6b           287.98       189.77       1.52x    1.77e-07
========================================================================
GPU peak memory: 0.1 MB

Results saved to: /fs04/fc37/adam/projects/rlwm_trauma_analysis/rlwm_trauma_analysis/output/bayesian/pscan_benchmark_gpu.json

Stage 1 exit code: 0

============================================================
STAGE 2: Sequential MCMC smoke test
============================================================

------------------------------------------------------------
  Sequential: qlearning
  Started: Wed Apr 15 11:55:14 PM AEST 2026
------------------------------------------------------------
  Sequential qlearning: exit=1, wall=15s

------------------------------------------------------------
  Sequential: wmrl
  Started: Wed Apr 15 11:55:29 PM AEST 2026
------------------------------------------------------------
  Sequential wmrl: exit=1, wall=2s

------------------------------------------------------------
  Sequential: wmrl_m3
  Started: Wed Apr 15 11:55:31 PM AEST 2026
------------------------------------------------------------
  Sequential wmrl_m3: exit=1, wall=1s

------------------------------------------------------------
  Sequential: wmrl_m5
  Started: Wed Apr 15 11:55:32 PM AEST 2026
------------------------------------------------------------
  Sequential wmrl_m5: exit=1, wall=2s

------------------------------------------------------------
  Sequential: wmrl_m6a
  Started: Wed Apr 15 11:55:34 PM AEST 2026
------------------------------------------------------------
  Sequential wmrl_m6a: exit=1, wall=1s

------------------------------------------------------------
  Sequential: wmrl_m6b
  Started: Wed Apr 15 11:55:35 PM AEST 2026
------------------------------------------------------------
  Sequential wmrl_m6b: exit=1, wall=1s

============================================================
STAGE 3: PScan MCMC smoke test
============================================================

------------------------------------------------------------
  PScan: qlearning
  Started: Wed Apr 15 11:55:36 PM AEST 2026
------------------------------------------------------------
  PScan qlearning: exit=1, wall=2s

------------------------------------------------------------
  PScan: wmrl
  Started: Wed Apr 15 11:55:38 PM AEST 2026
------------------------------------------------------------
  PScan wmrl: exit=1, wall=1s

------------------------------------------------------------
  PScan: wmrl_m3
  Started: Wed Apr 15 11:55:39 PM AEST 2026
------------------------------------------------------------
  PScan wmrl_m3: exit=1, wall=2s

------------------------------------------------------------
  PScan: wmrl_m5
  Started: Wed Apr 15 11:55:41 PM AEST 2026
------------------------------------------------------------
  PScan wmrl_m5: exit=1, wall=1s

------------------------------------------------------------
  PScan: wmrl_m6a
  Started: Wed Apr 15 11:55:42 PM AEST 2026
------------------------------------------------------------
  PScan wmrl_m6a: exit=1, wall=1s

------------------------------------------------------------
  PScan: wmrl_m6b
  Started: Wed Apr 15 11:55:43 PM AEST 2026
------------------------------------------------------------
  PScan wmrl_m6b: exit=1, wall=1s

============================================================
SMOKE TEST SUMMARY
============================================================
Job ID: 54843474
End time: Wed Apr 15 11:55:45 PM AEST 2026

Stage 1 (micro-benchmark): exit=0

Model           Sequential                     PScan                         
-------         ----------                     -----                         
qlearning       EXIT=1 (15s)                   EXIT=1 (2s)                   
wmrl            EXIT=1 (2s)                    EXIT=1 (1s)                   
wmrl_m3         EXIT=1 (1s)                    EXIT=1 (2s)                   
wmrl_m5         EXIT=1 (2s)                    EXIT=1 (1s)                   
wmrl_m6a        EXIT=1 (1s)                    EXIT=1 (1s)                   
wmrl_m6b        EXIT=1 (1s)                    EXIT=1 (1s)                   

Note: Exit code != 0 is expected (convergence gate fails with
minimal MCMC budget). The test validates compilation and pipeline
correctness, not posterior quality.

OVERALL: FAIL (one or more models crashed during compilation or early pipeline)
============================================================
