============================================================
PScan A/B Smoke Test — All 6 Choice-Only Models
============================================================
Job ID: 54838954
Node: m3g115
Project: /fs04/fc37/adam/projects/rlwm_trauma_analysis/rlwm_trauma_analysis
Chains: 2 | Warmup: 50 | Samples: 50
Max tree depth: 6
Models: qlearning wmrl wmrl_m3 wmrl_m5 wmrl_m6a wmrl_m6b
Start time: Wed Apr 15 10:07:55 PM AEST 2026
============================================================
Activated rlwm_gpu by name
JAX version: 0.9.2, platforms: [CudaDevice(id=0)]
GPU(s) available: [CudaDevice(id=0)]

JAX cache: /scratch/fc37/aman0087/.jax_cache_pscan_smoke


============================================================
STAGE 1: Micro-benchmark (cold + warm JIT, all 6 models)
Started: Wed Apr 15 10:08:09 PM AEST 2026
============================================================
========================================================================
SEQUENTIAL vs VECTORIZED PSCAN LIKELIHOOD BENCHMARK
(Phase 19 associative scan + Phase 20 vectorized policy)
========================================================================
Device:        NVIDIA L40S
JAX version:   0.9.2
Models:        qlearning, wmrl, wmrl_m3, wmrl_m5, wmrl_m6a, wmrl_m6b
N repeats:     3
N blocks:      17
Trials/block:  100
Timestamp:     2026-04-15T12:08:10.742798+00:00
========================================================================

Generating synthetic data...
  Shape: (17, 100) (blocks x trials_per_block)

────────────────────────────────────────────────────────────
Benchmarking: qlearning
────────────────────────────────────────────────────────────
  Compiling sequential... 1003ms
  Compiling pscan... 691ms
  NLL sequential: -4097.093262
  NLL pscan:      -4097.092285
  NLL agreement:  2.38e-07 (abs diff: 9.77e-04)
  Timing sequential (3 repeats)... 162.88 +/- 0.40 ms
  Timing pscan (3 repeats)... 598.38 +/- 2.15 ms
  Speedup: 0.27x

────────────────────────────────────────────────────────────
Benchmarking: wmrl
────────────────────────────────────────────────────────────
  Compiling sequential... 302ms
  Compiling pscan... 1326ms
  NLL sequential: -3100.329834
  NLL pscan:      -3100.328613
  NLL agreement:  3.94e-07 (abs diff: 1.22e-03)
  Timing sequential (3 repeats)... 230.49 +/- 2.13 ms
  Timing pscan (3 repeats)... 124.60 +/- 15.52 ms
  Speedup: 1.85x

────────────────────────────────────────────────────────────
Benchmarking: wmrl_m3
────────────────────────────────────────────────────────────
  Compiling sequential... 259ms
  Compiling pscan... 1480ms
  NLL sequential: -2852.244873
  NLL pscan:      -2852.244629
  NLL agreement:  8.56e-08 (abs diff: 2.44e-04)
  Timing sequential (3 repeats)... 252.01 +/- 1.28 ms
  Timing pscan (3 repeats)... 159.23 +/- 32.20 ms
  Speedup: 1.58x

────────────────────────────────────────────────────────────
Benchmarking: wmrl_m5
────────────────────────────────────────────────────────────
  Compiling sequential... 253ms
  Compiling pscan... 1455ms
  NLL sequential: -2942.468506
  NLL pscan:      -2942.468018
  NLL agreement:  1.66e-07 (abs diff: 4.88e-04)
  Timing sequential (3 repeats)... 258.68 +/- 2.34 ms
  Timing pscan (3 repeats)... 161.97 +/- 29.75 ms
  Speedup: 1.60x

────────────────────────────────────────────────────────────
Benchmarking: wmrl_m6a
────────────────────────────────────────────────────────────
  Compiling sequential... 270ms
  Compiling pscan... 1452ms
  NLL sequential: -2909.187500
  NLL pscan:      -2909.187256
  NLL agreement:  8.39e-08 (abs diff: 2.44e-04)
  Timing sequential (3 repeats)... 274.92 +/- 2.66 ms
  Timing pscan (3 repeats)... 172.48 +/- 40.21 ms
  Speedup: 1.59x

────────────────────────────────────────────────────────────
Benchmarking: wmrl_m6b
────────────────────────────────────────────────────────────
  Compiling sequential... 286ms
  Compiling pscan... 1508ms
  NLL sequential: -2763.764648
  NLL pscan:      -2763.764160
  NLL agreement:  1.77e-07 (abs diff: 4.88e-04)
  Timing sequential (3 repeats)... 289.06 +/- 1.53 ms
  Timing pscan (3 repeats)... 190.48 +/- 41.87 ms
  Speedup: 1.52x

========================================================================
SUMMARY
========================================================================
Model         Sequential (ms)   PScan (ms)   Speedup    NLL Agree
-----------------------------------------------------------------
qlearning          162.88       598.38       0.27x    2.38e-07
wmrl               230.49       124.60       1.85x    3.94e-07
wmrl_m3            252.01       159.23       1.58x    8.56e-08
wmrl_m5            258.69       161.97       1.60x    1.66e-07
wmrl_m6a           274.92       172.48       1.59x    8.39e-08
wmrl_m6b           289.06       190.49       1.52x    1.77e-07
========================================================================
GPU peak memory: 0.1 MB

Results saved to: /fs04/fc37/adam/projects/rlwm_trauma_analysis/rlwm_trauma_analysis/output/bayesian/pscan_benchmark_gpu.json

Stage 1 exit code: 0

============================================================
STAGE 2: Sequential MCMC smoke test
============================================================

------------------------------------------------------------
  Sequential: qlearning
  Started: Wed Apr 15 10:08:36 PM AEST 2026
------------------------------------------------------------
  Sequential qlearning: exit=1, wall=3s

------------------------------------------------------------
  Sequential: wmrl
  Started: Wed Apr 15 10:08:39 PM AEST 2026
------------------------------------------------------------
  Sequential wmrl: exit=1, wall=1s

------------------------------------------------------------
  Sequential: wmrl_m3
  Started: Wed Apr 15 10:08:40 PM AEST 2026
------------------------------------------------------------
  Sequential wmrl_m3: exit=1, wall=1s

------------------------------------------------------------
  Sequential: wmrl_m5
  Started: Wed Apr 15 10:08:41 PM AEST 2026
------------------------------------------------------------
  Sequential wmrl_m5: exit=1, wall=2s

------------------------------------------------------------
  Sequential: wmrl_m6a
  Started: Wed Apr 15 10:08:43 PM AEST 2026
------------------------------------------------------------
  Sequential wmrl_m6a: exit=1, wall=1s

------------------------------------------------------------
  Sequential: wmrl_m6b
  Started: Wed Apr 15 10:08:44 PM AEST 2026
------------------------------------------------------------
  Sequential wmrl_m6b: exit=1, wall=1s

============================================================
STAGE 3: PScan MCMC smoke test
============================================================

------------------------------------------------------------
  PScan: qlearning
  Started: Wed Apr 15 10:08:45 PM AEST 2026
------------------------------------------------------------
  PScan qlearning: exit=1, wall=1s

------------------------------------------------------------
  PScan: wmrl
  Started: Wed Apr 15 10:08:46 PM AEST 2026
------------------------------------------------------------
  PScan wmrl: exit=1, wall=1s

------------------------------------------------------------
  PScan: wmrl_m3
  Started: Wed Apr 15 10:08:47 PM AEST 2026
------------------------------------------------------------
  PScan wmrl_m3: exit=1, wall=1s

------------------------------------------------------------
  PScan: wmrl_m5
  Started: Wed Apr 15 10:08:48 PM AEST 2026
------------------------------------------------------------
  PScan wmrl_m5: exit=1, wall=1s

------------------------------------------------------------
  PScan: wmrl_m6a
  Started: Wed Apr 15 10:08:49 PM AEST 2026
------------------------------------------------------------
  PScan wmrl_m6a: exit=1, wall=1s

------------------------------------------------------------
  PScan: wmrl_m6b
  Started: Wed Apr 15 10:08:50 PM AEST 2026
------------------------------------------------------------
  PScan wmrl_m6b: exit=1, wall=2s

============================================================
SMOKE TEST SUMMARY
============================================================
Job ID: 54838954
End time: Wed Apr 15 10:08:52 PM AEST 2026

Stage 1 (micro-benchmark): exit=0

Model           Sequential                     PScan                         
-------         ----------                     -----                         
qlearning       EXIT=1 (3s)                    EXIT=1 (1s)                   
wmrl            EXIT=1 (1s)                    EXIT=1 (1s)                   
wmrl_m3         EXIT=1 (1s)                    EXIT=1 (1s)                   
wmrl_m5         EXIT=1 (2s)                    EXIT=1 (1s)                   
wmrl_m6a        EXIT=1 (1s)                    EXIT=1 (1s)                   
wmrl_m6b        EXIT=1 (1s)                    EXIT=1 (2s)                   

Note: Exit code != 0 is expected (convergence gate fails with
minimal MCMC budget). The test validates compilation and pipeline
correctness, not posterior quality.

OVERALL: FAIL (one or more models crashed during compilation or early pipeline)
============================================================
