E0415 22:08:08.954557  968564 numa_hwloc.cc:121] Call to hwloc_set_cpubind() failed: Invalid argument [22]
E0415 22:08:08.955101  968566 numa_hwloc.cc:121] Call to hwloc_set_cpubind() failed: Invalid argument [22]
E0415 22:08:08.954712  968565 numa_hwloc.cc:121] Call to hwloc_set_cpubind() failed: Invalid argument [22]
E0415 22:08:10.728471  968601 numa_hwloc.cc:121] Call to hwloc_set_cpubind() failed: Invalid argument [22]
E0415 22:08:10.728602  968602 numa_hwloc.cc:121] Call to hwloc_set_cpubind() failed: Invalid argument [22]
E0415 22:08:10.728658  968603 numa_hwloc.cc:121] Call to hwloc_set_cpubind() failed: Invalid argument [22]
W0415 22:08:18.883940  968573 pjrt_executable.cc:642] Assume version compatibility. PjRt-IFRT does not track XLA executable versions.
W0415 22:08:19.919152  968573 pjrt_executable.cc:642] Assume version compatibility. PjRt-IFRT does not track XLA executable versions.
W0415 22:08:20.066978  968573 pjrt_executable.cc:642] Assume version compatibility. PjRt-IFRT does not track XLA executable versions.
W0415 22:08:20.179907  968573 pjrt_executable.cc:642] Assume version compatibility. PjRt-IFRT does not track XLA executable versions.
W0415 22:08:20.292536  968573 pjrt_executable.cc:642] Assume version compatibility. PjRt-IFRT does not track XLA executable versions.
W0415 22:08:22.419556  968573 pjrt_executable.cc:642] Assume version compatibility. PjRt-IFRT does not track XLA executable versions.
W0415 22:08:23.568554  968573 pjrt_executable.cc:642] Assume version compatibility. PjRt-IFRT does not track XLA executable versions.
W0415 22:08:23.774976  968573 pjrt_executable.cc:642] Assume version compatibility. PjRt-IFRT does not track XLA executable versions.
W0415 22:08:23.911550  968573 pjrt_executable.cc:642] Assume version compatibility. PjRt-IFRT does not track XLA executable versions.
W0415 22:08:24.048802  968573 pjrt_executable.cc:642] Assume version compatibility. PjRt-IFRT does not track XLA executable versions.
W0415 22:08:26.169627  968573 pjrt_executable.cc:642] Assume version compatibility. PjRt-IFRT does not track XLA executable versions.
W0415 22:08:27.347563  968573 pjrt_executable.cc:642] Assume version compatibility. PjRt-IFRT does not track XLA executable versions.
W0415 22:08:27.552700  968573 pjrt_executable.cc:642] Assume version compatibility. PjRt-IFRT does not track XLA executable versions.
W0415 22:08:27.694436  968573 pjrt_executable.cc:642] Assume version compatibility. PjRt-IFRT does not track XLA executable versions.
W0415 22:08:27.835780  968573 pjrt_executable.cc:642] Assume version compatibility. PjRt-IFRT does not track XLA executable versions.
W0415 22:08:29.975076  968573 pjrt_executable.cc:642] Assume version compatibility. PjRt-IFRT does not track XLA executable versions.
W0415 22:08:31.213785  968573 pjrt_executable.cc:642] Assume version compatibility. PjRt-IFRT does not track XLA executable versions.
W0415 22:08:31.362406  968573 pjrt_executable.cc:642] Assume version compatibility. PjRt-IFRT does not track XLA executable versions.
W0415 22:08:31.591567  968573 pjrt_executable.cc:642] Assume version compatibility. PjRt-IFRT does not track XLA executable versions.
W0415 22:08:31.735580  968573 pjrt_executable.cc:642] Assume version compatibility. PjRt-IFRT does not track XLA executable versions.
W0415 22:08:33.980608  968573 pjrt_executable.cc:642] Assume version compatibility. PjRt-IFRT does not track XLA executable versions.
W0415 22:08:35.298058  968573 pjrt_executable.cc:642] Assume version compatibility. PjRt-IFRT does not track XLA executable versions.
W0415 22:08:35.549997  968573 pjrt_executable.cc:642] Assume version compatibility. PjRt-IFRT does not track XLA executable versions.
W0415 22:08:35.712941  968573 pjrt_executable.cc:642] Assume version compatibility. PjRt-IFRT does not track XLA executable versions.
W0415 22:08:35.871461  968573 pjrt_executable.cc:642] Assume version compatibility. PjRt-IFRT does not track XLA executable versions.
Traceback (most recent call last):
  File "/fs04/fc37/adam/projects/rlwm_trauma_analysis/rlwm_trauma_analysis/scripts/fitting/fit_bayesian.py", line 44, in <module>
    import numpyro
ModuleNotFoundError: No module named 'numpyro'
Traceback (most recent call last):
  File "/fs04/fc37/adam/projects/rlwm_trauma_analysis/rlwm_trauma_analysis/scripts/fitting/fit_bayesian.py", line 44, in <module>
    import numpyro
ModuleNotFoundError: No module named 'numpyro'
Traceback (most recent call last):
  File "/fs04/fc37/adam/projects/rlwm_trauma_analysis/rlwm_trauma_analysis/scripts/fitting/fit_bayesian.py", line 44, in <module>
    import numpyro
ModuleNotFoundError: No module named 'numpyro'
Traceback (most recent call last):
  File "/fs04/fc37/adam/projects/rlwm_trauma_analysis/rlwm_trauma_analysis/scripts/fitting/fit_bayesian.py", line 44, in <module>
    import numpyro
ModuleNotFoundError: No module named 'numpyro'
Traceback (most recent call last):
  File "/fs04/fc37/adam/projects/rlwm_trauma_analysis/rlwm_trauma_analysis/scripts/fitting/fit_bayesian.py", line 44, in <module>
    import numpyro
ModuleNotFoundError: No module named 'numpyro'
Traceback (most recent call last):
  File "/fs04/fc37/adam/projects/rlwm_trauma_analysis/rlwm_trauma_analysis/scripts/fitting/fit_bayesian.py", line 44, in <module>
    import numpyro
ModuleNotFoundError: No module named 'numpyro'
Traceback (most recent call last):
  File "/fs04/fc37/adam/projects/rlwm_trauma_analysis/rlwm_trauma_analysis/scripts/fitting/fit_bayesian.py", line 44, in <module>
    import numpyro
ModuleNotFoundError: No module named 'numpyro'
Traceback (most recent call last):
  File "/fs04/fc37/adam/projects/rlwm_trauma_analysis/rlwm_trauma_analysis/scripts/fitting/fit_bayesian.py", line 44, in <module>
    import numpyro
ModuleNotFoundError: No module named 'numpyro'
Traceback (most recent call last):
  File "/fs04/fc37/adam/projects/rlwm_trauma_analysis/rlwm_trauma_analysis/scripts/fitting/fit_bayesian.py", line 44, in <module>
    import numpyro
ModuleNotFoundError: No module named 'numpyro'
Traceback (most recent call last):
  File "/fs04/fc37/adam/projects/rlwm_trauma_analysis/rlwm_trauma_analysis/scripts/fitting/fit_bayesian.py", line 44, in <module>
    import numpyro
ModuleNotFoundError: No module named 'numpyro'
Traceback (most recent call last):
  File "/fs04/fc37/adam/projects/rlwm_trauma_analysis/rlwm_trauma_analysis/scripts/fitting/fit_bayesian.py", line 44, in <module>
    import numpyro
ModuleNotFoundError: No module named 'numpyro'
Traceback (most recent call last):
  File "/fs04/fc37/adam/projects/rlwm_trauma_analysis/rlwm_trauma_analysis/scripts/fitting/fit_bayesian.py", line 44, in <module>
    import numpyro
ModuleNotFoundError: No module named 'numpyro'
