============================================================
PScan A/B Smoke Test — All 6 Choice-Only Models
============================================================
Job ID: 54823449
Node: m3k033
Project: /fs04/fc37/adam/projects/rlwm_trauma_analysis/rlwm_trauma_analysis
Chains: 2 | Warmup: 50 | Samples: 50
Max tree depth: 6
Models: qlearning wmrl wmrl_m3 wmrl_m5 wmrl_m6a wmrl_m6b
Start time: Wed Apr 15 02:00:40 AM AEST 2026
============================================================
Activated ds_env by name
JAX version: 0.4.31, platforms: [CpuDevice(id=0)]

JAX cache: /scratch/fc37/aman0087/.jax_cache_pscan_smoke


============================================================
STAGE 1: Micro-benchmark (cold + warm JIT, all 6 models)
Started: Wed Apr 15 02:00:50 AM AEST 2026
============================================================
========================================================================
SEQUENTIAL vs VECTORIZED PSCAN LIKELIHOOD BENCHMARK
(Phase 19 associative scan + Phase 20 vectorized policy)
========================================================================
Device:        cpu
JAX version:   0.4.31
Models:        qlearning, wmrl, wmrl_m3, wmrl_m5, wmrl_m6a, wmrl_m6b
N repeats:     3
N blocks:      17
Trials/block:  100
Timestamp:     2026-04-14T16:00:50.938135+00:00
========================================================================

Generating synthetic data...
  Shape: (17, 100) (blocks x trials_per_block)

────────────────────────────────────────────────────────────
Benchmarking: qlearning
────────────────────────────────────────────────────────────
  Compiling sequential... 259ms
  Compiling pscan... 622ms
  NLL sequential: -4097.093262
  NLL pscan:      -4097.092285
  NLL agreement:  2.38e-07 (abs diff: 9.77e-04)
  Timing sequential (3 repeats)... 142.67 +/- 0.24 ms
  Timing pscan (3 repeats)... 530.92 +/- 2.78 ms
  Speedup: 0.27x

────────────────────────────────────────────────────────────
Benchmarking: wmrl
────────────────────────────────────────────────────────────
  Compiling sequential... 219ms
  Compiling pscan... 911ms
  NLL sequential: -3100.329590
  NLL pscan:      -3100.328613
  NLL agreement:  3.15e-07 (abs diff: 9.77e-04)
  Timing sequential (3 repeats)... 236.38 +/- 29.76 ms
  Timing pscan (3 repeats)... 882.32 +/- 4.67 ms
  Speedup: 0.27x

────────────────────────────────────────────────────────────
Benchmarking: wmrl_m3
────────────────────────────────────────────────────────────
  Compiling sequential... 244ms
  Compiling pscan... 994ms
  NLL sequential: -2852.244873
  NLL pscan:      -2852.244873
  NLL agreement:  0.00e+00 (abs diff: 0.00e+00)
  Timing sequential (3 repeats)... 235.80 +/- 0.80 ms
  Timing pscan (3 repeats)... 978.00 +/- 3.11 ms
  Speedup: 0.24x

────────────────────────────────────────────────────────────
Benchmarking: wmrl_m5
────────────────────────────────────────────────────────────
  Compiling sequential... 237ms
  Compiling pscan... 1069ms
  NLL sequential: -2942.468750
  NLL pscan:      -2942.468506
  NLL agreement:  8.30e-08 (abs diff: 2.44e-04)
  Timing sequential (3 repeats)... 235.26 +/- 0.36 ms
  Timing pscan (3 repeats)... 1131.63 +/- 68.83 ms
  Speedup: 0.21x

────────────────────────────────────────────────────────────
Benchmarking: wmrl_m6a
────────────────────────────────────────────────────────────
  Compiling sequential... 266ms
  Compiling pscan... 1083ms
  NLL sequential: -2909.187744
  NLL pscan:      -2909.187256
  NLL agreement:  1.68e-07 (abs diff: 4.88e-04)
  Timing sequential (3 repeats)... 260.21 +/- 0.28 ms
  Timing pscan (3 repeats)... 1121.11 +/- 66.84 ms
  Speedup: 0.23x

────────────────────────────────────────────────────────────
Benchmarking: wmrl_m6b
────────────────────────────────────────────────────────────
  Compiling sequential... 288ms
  Compiling pscan... 1107ms
  NLL sequential: -2763.764404
  NLL pscan:      -2763.764160
  NLL agreement:  8.83e-08 (abs diff: 2.44e-04)
  Timing sequential (3 repeats)... 279.30 +/- 1.81 ms
  Timing pscan (3 repeats)... 1091.82 +/- 96.39 ms
  Speedup: 0.26x

========================================================================
SUMMARY
========================================================================
Model         Sequential (ms)   PScan (ms)   Speedup    NLL Agree
-----------------------------------------------------------------
qlearning          142.66       530.92       0.27x    2.38e-07
wmrl               236.38       882.32       0.27x    3.15e-07
wmrl_m3            235.80       978.00       0.24x    0.00e+00
wmrl_m5            235.26      1131.63       0.21x    8.30e-08
wmrl_m6a           260.21      1121.11       0.23x    1.68e-07
wmrl_m6b           279.30      1091.82       0.26x    8.83e-08
========================================================================

Results saved to: /fs04/fc37/adam/projects/rlwm_trauma_analysis/rlwm_trauma_analysis/output/bayesian/pscan_benchmark_cpu.json

Stage 1 exit code: 0

============================================================
STAGE 2: Sequential MCMC smoke test
============================================================

------------------------------------------------------------
  Sequential: qlearning
  Started: Wed Apr 15 02:01:37 AM AEST 2026
------------------------------------------------------------
================================================================================
BAYESIAN QLEARNING FIT WITH JAX/NUMPYRO
================================================================================

Settings:
  Model: qlearning
  Data: output/task_trials_long.csv
  Min block: 3 (excludes practice)
  Chains: 2
  Warmup: 50
  Samples: 50
  Max tree depth: 6
  Output: output/smoke_test
  Seed: 42
  JAX devices: 1

>> Loading data from: output/task_trials_long.csv
  Loaded 111943 trials from 157 participants
  Excluded 3 participants (insufficient data/duplicates)
  Final sample: 154 participants
  Filtered to blocks >= 3: 111943 trials remain
  Dropped NaN values in critical columns: 111943 trials remain

>> Data summary:
  Participants: 154
  Blocks: 21
  Total trials: 111943
  Trials per participant: 727
    Participant 9187: 990 trials, 17 blocks
    Participant 10000: 988 trials, 17 blocks
    Participant 10002: 986 trials, 17 blocks
    Participant 10003: 973 trials, 17 blocks
    Participant 10004: 990 trials, 17 blocks
    Participant 10005: 985 trials, 17 blocks
    Participant 10006: 987 trials, 17 blocks
    Participant 10007: 987 trials, 17 blocks
    Participant 10016: 987 trials, 17 blocks
    Participant 10017: 986 trials, 17 blocks
    Participant 10018: 986 trials, 17 blocks
    Participant 10024: 718 trials, 12 blocks
    Participant 10025: 414 trials, 8 blocks
    Participant 10027: 718 trials, 12 blocks
    Participant 10028: 699 trials, 12 blocks
    Participant 10029: 720 trials, 12 blocks
    Participant 10030: 716 trials, 12 blocks
    Participant 10031: 719 trials, 12 blocks
    Participant 10035: 717 trials, 12 blocks
    Participant 10036: 713 trials, 12 blocks
    Participant 10039: 711 trials, 12 blocks
    Participant 10041: 696 trials, 12 blocks
    Participant 10043: 716 trials, 12 blocks
    Participant 10047: 717 trials, 12 blocks
    Participant 10048: 702 trials, 12 blocks
    Participant 10050: 717 trials, 12 blocks
    Participant 10051: 709 trials, 12 blocks
    Participant 10052: 709 trials, 12 blocks
    Participant 10055: 719 trials, 12 blocks
    Participant 10057: 712 trials, 12 blocks
    Participant 10058: 697 trials, 12 blocks
    Participant 10059: 718 trials, 12 blocks
    Participant 10062: 718 trials, 12 blocks
    Participant 10063: 713 trials, 12 blocks
    Participant 10064: 712 trials, 12 blocks
    Participant 10065: 719 trials, 12 blocks
    Participant 10066: 706 trials, 12 blocks
    Participant 10067: 716 trials, 12 blocks
    Participant 10071: 720 trials, 12 blocks
    Participant 10072: 718 trials, 12 blocks
    Participant 10074: 717 trials, 12 blocks
    Participant 10075: 717 trials, 12 blocks
    Participant 10076: 710 trials, 12 blocks
    Participant 10077: 719 trials, 12 blocks
    Participant 10078: 719 trials, 12 blocks
    Participant 10079: 719 trials, 12 blocks
    Participant 10081: 716 trials, 12 blocks
    Participant 10083: 703 trials, 12 blocks
    Participant 10084: 717 trials, 12 blocks
    Participant 10086: 630 trials, 12 blocks
    Participant 10087: 714 trials, 12 blocks
    Participant 10088: 720 trials, 12 blocks
    Participant 10089: 716 trials, 12 blocks
    Participant 10090: 719 trials, 12 blocks
    Participant 10092: 714 trials, 12 blocks
    Participant 10093: 712 trials, 12 blocks
    Participant 10094: 709 trials, 12 blocks
    Participant 10095: 712 trials, 12 blocks
    Participant 10097: 717 trials, 12 blocks
    Participant 10098: 712 trials, 12 blocks
    Participant 10099: 714 trials, 12 blocks
    Participant 10101: 715 trials, 12 blocks
    Participant 10102: 716 trials, 12 blocks
    Participant 10103: 719 trials, 12 blocks
    Participant 10104: 715 trials, 12 blocks
    Participant 10106: 719 trials, 12 blocks
    Participant 10107: 714 trials, 12 blocks
    Participant 10109: 719 trials, 12 blocks
    Participant 10110: 719 trials, 12 blocks
    Participant 10111: 713 trials, 12 blocks
    Participant 10112: 707 trials, 12 blocks
    Participant 10113: 696 trials, 12 blocks
    Participant 10114: 709 trials, 12 blocks
    Participant 10115: 711 trials, 12 blocks
    Participant 10116: 718 trials, 12 blocks
    Participant 10117: 715 trials, 12 blocks
    Participant 10119: 719 trials, 12 blocks
    Participant 10120: 715 trials, 12 blocks
    Participant 10121: 711 trials, 12 blocks
    Participant 10125: 717 trials, 12 blocks
    Participant 10126: 719 trials, 12 blocks
    Participant 10128: 705 trials, 12 blocks
    Participant 10130: 713 trials, 12 blocks
    Participant 10134: 701 trials, 12 blocks
    Participant 10135: 704 trials, 12 blocks
    Participant 10137: 718 trials, 12 blocks
    Participant 10139: 705 trials, 12 blocks
    Participant 10140: 715 trials, 12 blocks
    Participant 10141: 716 trials, 12 blocks
    Participant 10142: 719 trials, 12 blocks
    Participant 10143: 719 trials, 12 blocks
    Participant 10145: 713 trials, 12 blocks
    Participant 10147: 716 trials, 12 blocks
    Participant 10148: 705 trials, 12 blocks
    Participant 10149: 713 trials, 12 blocks
    Participant 10150: 715 trials, 12 blocks
    Participant 10151: 717 trials, 12 blocks
    Participant 10152: 719 trials, 12 blocks
    Participant 10154: 717 trials, 12 blocks
    Participant 10155: 713 trials, 12 blocks
    Participant 10156: 712 trials, 12 blocks
    Participant 10157: 719 trials, 12 blocks
    Participant 10158: 716 trials, 12 blocks
    Participant 10159: 716 trials, 12 blocks
    Participant 10160: 717 trials, 12 blocks
    Participant 10162: 714 trials, 12 blocks
    Participant 10163: 719 trials, 12 blocks
    Participant 10164: 719 trials, 12 blocks
    Participant 10165: 713 trials, 12 blocks
    Participant 10166: 714 trials, 12 blocks
    Participant 10168: 718 trials, 12 blocks
    Participant 10169: 713 trials, 12 blocks
    Participant 10170: 718 trials, 12 blocks
    Participant 10171: 718 trials, 12 blocks
    Participant 10172: 719 trials, 12 blocks
    Participant 10173: 677 trials, 12 blocks
    Participant 10174: 714 trials, 12 blocks
    Participant 10175: 717 trials, 12 blocks
    Participant 10176: 577 trials, 12 blocks
    Participant 10177: 715 trials, 12 blocks
    Participant 10178: 718 trials, 12 blocks
    Participant 10179: 716 trials, 12 blocks
    Participant 10180: 708 trials, 12 blocks
    Participant 10181: 719 trials, 12 blocks
    Participant 10182: 696 trials, 12 blocks
    Participant 10183: 719 trials, 12 blocks
    Participant 10184: 713 trials, 12 blocks
    Participant 10185: 710 trials, 12 blocks
    Participant 10186: 718 trials, 12 blocks
    Participant 10190: 600 trials, 12 blocks
    Participant 10191: 708 trials, 12 blocks
    Participant 10192: 709 trials, 12 blocks
    Participant 10195: 684 trials, 12 blocks
    Participant 10196: 718 trials, 12 blocks
    Participant 10197: 716 trials, 12 blocks
    Participant 10198: 479 trials, 11 blocks
    Participant 10199: 710 trials, 12 blocks
    Participant 10200: 719 trials, 12 blocks
    Participant 10201: 719 trials, 12 blocks
    Participant 10202: 718 trials, 12 blocks
    Participant 10203: 716 trials, 12 blocks
    Participant 10204: 718 trials, 12 blocks
    Participant 10206: 712 trials, 12 blocks
    Participant 10208: 694 trials, 12 blocks
    Participant 10209: 715 trials, 12 blocks
    Participant 10210: 683 trials, 12 blocks
    Participant 10211: 683 trials, 12 blocks
    Participant 10212: 716 trials, 12 blocks
    Participant 10215: 719 trials, 12 blocks
    Participant 10216: 717 trials, 12 blocks
    Participant 10217: 719 trials, 12 blocks
    Participant 10218: 694 trials, 12 blocks
    Participant 10219: 718 trials, 12 blocks
    Participant 10220: 718 trials, 12 blocks

================================================================================
FITTING QLEARNING HIERARCHICAL MODEL
================================================================================

>> Preparing stacked participant data...
  Prepared 154 participants (sorted by ID)
  Skipping LEC covariate: model 'qlearning' does not support Level-2 regression (no natural L2 target parameter).

>> Running MCMC inference (NUTS + convergence auto-bump)...
>> Starting MCMC sampling with convergence auto-bump...
   Chains: 2
   Host devices: 1
   Warmup: 50
   Samples: 50
   Max tree depth: 6
   Total iterations per chain: 100
   Acceptance probability schedule: (0.8, 0.95, 0.99)

[convergence-gate] target_accept_prob=0.80 divergences=0
[convergence-gate] Zero divergences — accepting this run.

================================================================================
QLEARNING POSTERIOR ESTIMATES — GROUP LEVEL
================================================================================
  alpha_neg_mu_pr: -3.383 +/- 1.017
  alpha_pos_mu_pr: 0.897 +/- 2.566
  epsilon_mu_pr: -0.736 +/- 0.191

================================================================================
SAVING RESULTS
================================================================================

>> Computing pointwise log-likelihoods...
  Pointwise log-lik shape: (2, 50, 154, 1700)
  Padding positions set to NaN for WAIC/LOO.

>> Building ArviZ InferenceData...

>> Checking convergence gate...

[CONVERGENCE GATE FAILED] max_rhat=3.0400, min_ess_bulk=3, divergences=0
Refusing to write output files. Fix convergence issues and re-run.

================================================================================
FITTING COMPLETE!
================================================================================
  Sequential qlearning: exit=0, wall=1495s

------------------------------------------------------------
  Sequential: wmrl
  Started: Wed Apr 15 02:26:32 AM AEST 2026
------------------------------------------------------------
================================================================================
BAYESIAN WMRL FIT WITH JAX/NUMPYRO
================================================================================

Settings:
  Model: wmrl
  Data: output/task_trials_long.csv
  Min block: 3 (excludes practice)
  Chains: 2
  Warmup: 50
  Samples: 50
  Max tree depth: 6
  Output: output/smoke_test
  Seed: 42
  JAX devices: 1

>> Loading data from: output/task_trials_long.csv
  Loaded 111943 trials from 157 participants
  Excluded 3 participants (insufficient data/duplicates)
  Final sample: 154 participants
  Filtered to blocks >= 3: 111943 trials remain
  Dropped NaN values in critical columns: 111943 trials remain

>> Data summary:
  Participants: 154
  Blocks: 21
  Total trials: 111943
  Trials per participant: 727
    Participant 9187: 990 trials, 17 blocks
    Participant 10000: 988 trials, 17 blocks
    Participant 10002: 986 trials, 17 blocks
    Participant 10003: 973 trials, 17 blocks
    Participant 10004: 990 trials, 17 blocks
    Participant 10005: 985 trials, 17 blocks
    Participant 10006: 987 trials, 17 blocks
    Participant 10007: 987 trials, 17 blocks
    Participant 10016: 987 trials, 17 blocks
    Participant 10017: 986 trials, 17 blocks
    Participant 10018: 986 trials, 17 blocks
    Participant 10024: 718 trials, 12 blocks
    Participant 10025: 414 trials, 8 blocks
    Participant 10027: 718 trials, 12 blocks
    Participant 10028: 699 trials, 12 blocks
    Participant 10029: 720 trials, 12 blocks
    Participant 10030: 716 trials, 12 blocks
    Participant 10031: 719 trials, 12 blocks
    Participant 10035: 717 trials, 12 blocks
    Participant 10036: 713 trials, 12 blocks
    Participant 10039: 711 trials, 12 blocks
    Participant 10041: 696 trials, 12 blocks
    Participant 10043: 716 trials, 12 blocks
    Participant 10047: 717 trials, 12 blocks
    Participant 10048: 702 trials, 12 blocks
    Participant 10050: 717 trials, 12 blocks
    Participant 10051: 709 trials, 12 blocks
    Participant 10052: 709 trials, 12 blocks
    Participant 10055: 719 trials, 12 blocks
    Participant 10057: 712 trials, 12 blocks
    Participant 10058: 697 trials, 12 blocks
    Participant 10059: 718 trials, 12 blocks
    Participant 10062: 718 trials, 12 blocks
    Participant 10063: 713 trials, 12 blocks
    Participant 10064: 712 trials, 12 blocks
    Participant 10065: 719 trials, 12 blocks
    Participant 10066: 706 trials, 12 blocks
    Participant 10067: 716 trials, 12 blocks
    Participant 10071: 720 trials, 12 blocks
    Participant 10072: 718 trials, 12 blocks
    Participant 10074: 717 trials, 12 blocks
    Participant 10075: 717 trials, 12 blocks
    Participant 10076: 710 trials, 12 blocks
    Participant 10077: 719 trials, 12 blocks
    Participant 10078: 719 trials, 12 blocks
    Participant 10079: 719 trials, 12 blocks
    Participant 10081: 716 trials, 12 blocks
    Participant 10083: 703 trials, 12 blocks
    Participant 10084: 717 trials, 12 blocks
    Participant 10086: 630 trials, 12 blocks
    Participant 10087: 714 trials, 12 blocks
    Participant 10088: 720 trials, 12 blocks
    Participant 10089: 716 trials, 12 blocks
    Participant 10090: 719 trials, 12 blocks
    Participant 10092: 714 trials, 12 blocks
    Participant 10093: 712 trials, 12 blocks
    Participant 10094: 709 trials, 12 blocks
    Participant 10095: 712 trials, 12 blocks
    Participant 10097: 717 trials, 12 blocks
    Participant 10098: 712 trials, 12 blocks
    Participant 10099: 714 trials, 12 blocks
    Participant 10101: 715 trials, 12 blocks
    Participant 10102: 716 trials, 12 blocks
    Participant 10103: 719 trials, 12 blocks
    Participant 10104: 715 trials, 12 blocks
    Participant 10106: 719 trials, 12 blocks
    Participant 10107: 714 trials, 12 blocks
    Participant 10109: 719 trials, 12 blocks
    Participant 10110: 719 trials, 12 blocks
    Participant 10111: 713 trials, 12 blocks
    Participant 10112: 707 trials, 12 blocks
    Participant 10113: 696 trials, 12 blocks
    Participant 10114: 709 trials, 12 blocks
    Participant 10115: 711 trials, 12 blocks
    Participant 10116: 718 trials, 12 blocks
    Participant 10117: 715 trials, 12 blocks
    Participant 10119: 719 trials, 12 blocks
    Participant 10120: 715 trials, 12 blocks
    Participant 10121: 711 trials, 12 blocks
    Participant 10125: 717 trials, 12 blocks
    Participant 10126: 719 trials, 12 blocks
    Participant 10128: 705 trials, 12 blocks
    Participant 10130: 713 trials, 12 blocks
    Participant 10134: 701 trials, 12 blocks
    Participant 10135: 704 trials, 12 blocks
    Participant 10137: 718 trials, 12 blocks
    Participant 10139: 705 trials, 12 blocks
    Participant 10140: 715 trials, 12 blocks
    Participant 10141: 716 trials, 12 blocks
    Participant 10142: 719 trials, 12 blocks
    Participant 10143: 719 trials, 12 blocks
    Participant 10145: 713 trials, 12 blocks
    Participant 10147: 716 trials, 12 blocks
    Participant 10148: 705 trials, 12 blocks
    Participant 10149: 713 trials, 12 blocks
    Participant 10150: 715 trials, 12 blocks
    Participant 10151: 717 trials, 12 blocks
    Participant 10152: 719 trials, 12 blocks
    Participant 10154: 717 trials, 12 blocks
    Participant 10155: 713 trials, 12 blocks
    Participant 10156: 712 trials, 12 blocks
    Participant 10157: 719 trials, 12 blocks
    Participant 10158: 716 trials, 12 blocks
    Participant 10159: 716 trials, 12 blocks
    Participant 10160: 717 trials, 12 blocks
    Participant 10162: 714 trials, 12 blocks
    Participant 10163: 719 trials, 12 blocks
    Participant 10164: 719 trials, 12 blocks
    Participant 10165: 713 trials, 12 blocks
    Participant 10166: 714 trials, 12 blocks
    Participant 10168: 718 trials, 12 blocks
    Participant 10169: 713 trials, 12 blocks
    Participant 10170: 718 trials, 12 blocks
    Participant 10171: 718 trials, 12 blocks
    Participant 10172: 719 trials, 12 blocks
    Participant 10173: 677 trials, 12 blocks
    Participant 10174: 714 trials, 12 blocks
    Participant 10175: 717 trials, 12 blocks
    Participant 10176: 577 trials, 12 blocks
    Participant 10177: 715 trials, 12 blocks
    Participant 10178: 718 trials, 12 blocks
    Participant 10179: 716 trials, 12 blocks
    Participant 10180: 708 trials, 12 blocks
    Participant 10181: 719 trials, 12 blocks
    Participant 10182: 696 trials, 12 blocks
    Participant 10183: 719 trials, 12 blocks
    Participant 10184: 713 trials, 12 blocks
    Participant 10185: 710 trials, 12 blocks
    Participant 10186: 718 trials, 12 blocks
    Participant 10190: 600 trials, 12 blocks
    Participant 10191: 708 trials, 12 blocks
    Participant 10192: 709 trials, 12 blocks
    Participant 10195: 684 trials, 12 blocks
    Participant 10196: 718 trials, 12 blocks
    Participant 10197: 716 trials, 12 blocks
    Participant 10198: 479 trials, 11 blocks
    Participant 10199: 710 trials, 12 blocks
    Participant 10200: 719 trials, 12 blocks
    Participant 10201: 719 trials, 12 blocks
    Participant 10202: 718 trials, 12 blocks
    Participant 10203: 716 trials, 12 blocks
    Participant 10204: 718 trials, 12 blocks
    Participant 10206: 712 trials, 12 blocks
    Participant 10208: 694 trials, 12 blocks
    Participant 10209: 715 trials, 12 blocks
    Participant 10210: 683 trials, 12 blocks
    Participant 10211: 683 trials, 12 blocks
    Participant 10212: 716 trials, 12 blocks
    Participant 10215: 719 trials, 12 blocks
    Participant 10216: 717 trials, 12 blocks
    Participant 10217: 719 trials, 12 blocks
    Participant 10218: 694 trials, 12 blocks
    Participant 10219: 718 trials, 12 blocks
    Participant 10220: 718 trials, 12 blocks

================================================================================
FITTING WMRL HIERARCHICAL MODEL
================================================================================

>> Preparing stacked participant data...
  Prepared 154 participants (sorted by ID)
  Skipping LEC covariate: model 'wmrl' does not support Level-2 regression (no natural L2 target parameter).

>> Running MCMC inference (NUTS + convergence auto-bump)...
>> Starting MCMC sampling with convergence auto-bump...
   Chains: 2
   Host devices: 1
   Warmup: 50
   Samples: 50
   Max tree depth: 6
   Total iterations per chain: 100
   Acceptance probability schedule: (0.8, 0.95, 0.99)

[convergence-gate] target_accept_prob=0.80 divergences=0
[convergence-gate] Zero divergences — accepting this run.

================================================================================
WMRL POSTERIOR ESTIMATES — GROUP LEVEL
================================================================================
  alpha_neg_mu_pr: -4.157 +/- 0.274
  alpha_pos_mu_pr: 2.401 +/- 0.374
  capacity_mu_pr: 2.471 +/- 0.526
  epsilon_mu_pr: -0.830 +/- 0.048
  phi_mu_pr: -0.472 +/- 0.092
  rho_mu_pr: 0.126 +/- 0.050

================================================================================
SAVING RESULTS
================================================================================

>> Computing pointwise log-likelihoods...
  Pointwise log-lik shape: (2, 50, 154, 1700)
  Padding positions set to NaN for WAIC/LOO.

>> Building ArviZ InferenceData...

>> Checking convergence gate...

[CONVERGENCE GATE FAILED] max_rhat=2.7300, min_ess_bulk=3, divergences=0
Refusing to write output files. Fix convergence issues and re-run.

================================================================================
FITTING COMPLETE!
================================================================================
  Sequential wmrl: exit=0, wall=3717s

------------------------------------------------------------
  Sequential: wmrl_m3
  Started: Wed Apr 15 03:28:29 AM AEST 2026
------------------------------------------------------------
================================================================================
BAYESIAN WMRL_M3 FIT WITH JAX/NUMPYRO
================================================================================

Settings:
  Model: wmrl_m3
  Data: output/task_trials_long.csv
  Min block: 3 (excludes practice)
  Chains: 2
  Warmup: 50
  Samples: 50
  Max tree depth: 6
  Output: output/smoke_test
  Seed: 42
  JAX devices: 1

>> Loading data from: output/task_trials_long.csv
  Loaded 111943 trials from 157 participants
  Excluded 3 participants (insufficient data/duplicates)
  Final sample: 154 participants
  Filtered to blocks >= 3: 111943 trials remain
  Dropped NaN values in critical columns: 111943 trials remain

>> Data summary:
  Participants: 154
  Blocks: 21
  Total trials: 111943
  Trials per participant: 727
    Participant 9187: 990 trials, 17 blocks
    Participant 10000: 988 trials, 17 blocks
    Participant 10002: 986 trials, 17 blocks
    Participant 10003: 973 trials, 17 blocks
    Participant 10004: 990 trials, 17 blocks
    Participant 10005: 985 trials, 17 blocks
    Participant 10006: 987 trials, 17 blocks
    Participant 10007: 987 trials, 17 blocks
    Participant 10016: 987 trials, 17 blocks
    Participant 10017: 986 trials, 17 blocks
    Participant 10018: 986 trials, 17 blocks
    Participant 10024: 718 trials, 12 blocks
    Participant 10025: 414 trials, 8 blocks
    Participant 10027: 718 trials, 12 blocks
    Participant 10028: 699 trials, 12 blocks
    Participant 10029: 720 trials, 12 blocks
    Participant 10030: 716 trials, 12 blocks
    Participant 10031: 719 trials, 12 blocks
    Participant 10035: 717 trials, 12 blocks
    Participant 10036: 713 trials, 12 blocks
    Participant 10039: 711 trials, 12 blocks
    Participant 10041: 696 trials, 12 blocks
    Participant 10043: 716 trials, 12 blocks
    Participant 10047: 717 trials, 12 blocks
    Participant 10048: 702 trials, 12 blocks
    Participant 10050: 717 trials, 12 blocks
    Participant 10051: 709 trials, 12 blocks
    Participant 10052: 709 trials, 12 blocks
    Participant 10055: 719 trials, 12 blocks
    Participant 10057: 712 trials, 12 blocks
    Participant 10058: 697 trials, 12 blocks
    Participant 10059: 718 trials, 12 blocks
    Participant 10062: 718 trials, 12 blocks
    Participant 10063: 713 trials, 12 blocks
    Participant 10064: 712 trials, 12 blocks
    Participant 10065: 719 trials, 12 blocks
    Participant 10066: 706 trials, 12 blocks
    Participant 10067: 716 trials, 12 blocks
    Participant 10071: 720 trials, 12 blocks
    Participant 10072: 718 trials, 12 blocks
    Participant 10074: 717 trials, 12 blocks
    Participant 10075: 717 trials, 12 blocks
    Participant 10076: 710 trials, 12 blocks
    Participant 10077: 719 trials, 12 blocks
    Participant 10078: 719 trials, 12 blocks
    Participant 10079: 719 trials, 12 blocks
    Participant 10081: 716 trials, 12 blocks
    Participant 10083: 703 trials, 12 blocks
    Participant 10084: 717 trials, 12 blocks
    Participant 10086: 630 trials, 12 blocks
    Participant 10087: 714 trials, 12 blocks
    Participant 10088: 720 trials, 12 blocks
    Participant 10089: 716 trials, 12 blocks
    Participant 10090: 719 trials, 12 blocks
    Participant 10092: 714 trials, 12 blocks
    Participant 10093: 712 trials, 12 blocks
    Participant 10094: 709 trials, 12 blocks
    Participant 10095: 712 trials, 12 blocks
    Participant 10097: 717 trials, 12 blocks
    Participant 10098: 712 trials, 12 blocks
    Participant 10099: 714 trials, 12 blocks
    Participant 10101: 715 trials, 12 blocks
    Participant 10102: 716 trials, 12 blocks
    Participant 10103: 719 trials, 12 blocks
    Participant 10104: 715 trials, 12 blocks
    Participant 10106: 719 trials, 12 blocks
    Participant 10107: 714 trials, 12 blocks
    Participant 10109: 719 trials, 12 blocks
    Participant 10110: 719 trials, 12 blocks
    Participant 10111: 713 trials, 12 blocks
    Participant 10112: 707 trials, 12 blocks
    Participant 10113: 696 trials, 12 blocks
    Participant 10114: 709 trials, 12 blocks
    Participant 10115: 711 trials, 12 blocks
    Participant 10116: 718 trials, 12 blocks
    Participant 10117: 715 trials, 12 blocks
    Participant 10119: 719 trials, 12 blocks
    Participant 10120: 715 trials, 12 blocks
    Participant 10121: 711 trials, 12 blocks
    Participant 10125: 717 trials, 12 blocks
    Participant 10126: 719 trials, 12 blocks
    Participant 10128: 705 trials, 12 blocks
    Participant 10130: 713 trials, 12 blocks
    Participant 10134: 701 trials, 12 blocks
    Participant 10135: 704 trials, 12 blocks
    Participant 10137: 718 trials, 12 blocks
    Participant 10139: 705 trials, 12 blocks
    Participant 10140: 715 trials, 12 blocks
    Participant 10141: 716 trials, 12 blocks
    Participant 10142: 719 trials, 12 blocks
    Participant 10143: 719 trials, 12 blocks
    Participant 10145: 713 trials, 12 blocks
    Participant 10147: 716 trials, 12 blocks
    Participant 10148: 705 trials, 12 blocks
    Participant 10149: 713 trials, 12 blocks
    Participant 10150: 715 trials, 12 blocks
    Participant 10151: 717 trials, 12 blocks
    Participant 10152: 719 trials, 12 blocks
    Participant 10154: 717 trials, 12 blocks
    Participant 10155: 713 trials, 12 blocks
    Participant 10156: 712 trials, 12 blocks
    Participant 10157: 719 trials, 12 blocks
    Participant 10158: 716 trials, 12 blocks
    Participant 10159: 716 trials, 12 blocks
    Participant 10160: 717 trials, 12 blocks
    Participant 10162: 714 trials, 12 blocks
    Participant 10163: 719 trials, 12 blocks
    Participant 10164: 719 trials, 12 blocks
    Participant 10165: 713 trials, 12 blocks
    Participant 10166: 714 trials, 12 blocks
    Participant 10168: 718 trials, 12 blocks
    Participant 10169: 713 trials, 12 blocks
    Participant 10170: 718 trials, 12 blocks
    Participant 10171: 718 trials, 12 blocks
    Participant 10172: 719 trials, 12 blocks
    Participant 10173: 677 trials, 12 blocks
    Participant 10174: 714 trials, 12 blocks
    Participant 10175: 717 trials, 12 blocks
    Participant 10176: 577 trials, 12 blocks
    Participant 10177: 715 trials, 12 blocks
    Participant 10178: 718 trials, 12 blocks
    Participant 10179: 716 trials, 12 blocks
    Participant 10180: 708 trials, 12 blocks
    Participant 10181: 719 trials, 12 blocks
    Participant 10182: 696 trials, 12 blocks
    Participant 10183: 719 trials, 12 blocks
    Participant 10184: 713 trials, 12 blocks
    Participant 10185: 710 trials, 12 blocks
    Participant 10186: 718 trials, 12 blocks
    Participant 10190: 600 trials, 12 blocks
    Participant 10191: 708 trials, 12 blocks
    Participant 10192: 709 trials, 12 blocks
    Participant 10195: 684 trials, 12 blocks
    Participant 10196: 718 trials, 12 blocks
    Participant 10197: 716 trials, 12 blocks
    Participant 10198: 479 trials, 11 blocks
    Participant 10199: 710 trials, 12 blocks
    Participant 10200: 719 trials, 12 blocks
    Participant 10201: 719 trials, 12 blocks
    Participant 10202: 718 trials, 12 blocks
    Participant 10203: 716 trials, 12 blocks
    Participant 10204: 718 trials, 12 blocks
    Participant 10206: 712 trials, 12 blocks
    Participant 10208: 694 trials, 12 blocks
    Participant 10209: 715 trials, 12 blocks
    Participant 10210: 683 trials, 12 blocks
    Participant 10211: 683 trials, 12 blocks
    Participant 10212: 716 trials, 12 blocks
    Participant 10215: 719 trials, 12 blocks
    Participant 10216: 717 trials, 12 blocks
    Participant 10217: 719 trials, 12 blocks
    Participant 10218: 694 trials, 12 blocks
    Participant 10219: 718 trials, 12 blocks
    Participant 10220: 718 trials, 12 blocks

================================================================================
FITTING WMRL-M3 HIERARCHICAL MODEL
================================================================================

>> Preparing stacked participant data...
  Prepared 154 participants (sorted by ID)
  LEC covariate loaded: mean=9.89, std=3.54, n=154

>> Running MCMC inference (NUTS + convergence auto-bump)...
>> Starting MCMC sampling with convergence auto-bump...
   Chains: 2
   Host devices: 1
   Warmup: 50
   Samples: 50
   Max tree depth: 6
   Total iterations per chain: 100
   Acceptance probability schedule: (0.8, 0.95, 0.99)

[convergence-gate] target_accept_prob=0.80 divergences=0
[convergence-gate] Zero divergences — accepting this run.

================================================================================
WMRL-M3 POSTERIOR ESTIMATES — GROUP LEVEL
================================================================================
  alpha_neg_mu_pr: -2.343 +/- 1.959
  alpha_pos_mu_pr: -1.598 +/- 0.635
  capacity_mu_pr: -0.883 +/- 0.403
  epsilon_mu_pr: -1.477 +/- 0.392
  kappa_mu_pr: -0.533 +/- 1.420
  phi_mu_pr: -1.091 +/- 0.319
  rho_mu_pr: 0.969 +/- 2.147
  beta_lec_kappa: mean=0.9942 +/- 0.7770, 95% HDI=[0.1703, 1.7705]
    HDI excludes zero (positive direction)

================================================================================
SAVING RESULTS
================================================================================

>> Computing pointwise log-likelihoods...
  Pointwise log-lik shape: (2, 50, 154, 1700)
  Padding positions set to NaN for WAIC/LOO.

>> Building ArviZ InferenceData...

>> Checking convergence gate...

[CONVERGENCE GATE FAILED] max_rhat=3.7500, min_ess_bulk=2, divergences=0
Refusing to write output files. Fix convergence issues and re-run.

================================================================================
FITTING COMPLETE!
================================================================================
  Sequential wmrl_m3: exit=0, wall=4357s

------------------------------------------------------------
  Sequential: wmrl_m5
  Started: Wed Apr 15 04:41:06 AM AEST 2026
------------------------------------------------------------
================================================================================
BAYESIAN WMRL_M5 FIT WITH JAX/NUMPYRO
================================================================================

Settings:
  Model: wmrl_m5
  Data: output/task_trials_long.csv
  Min block: 3 (excludes practice)
  Chains: 2
  Warmup: 50
  Samples: 50
  Max tree depth: 6
  Output: output/smoke_test
  Seed: 42
  JAX devices: 1

>> Loading data from: output/task_trials_long.csv
  Loaded 111943 trials from 157 participants
  Excluded 3 participants (insufficient data/duplicates)
  Final sample: 154 participants
  Filtered to blocks >= 3: 111943 trials remain
  Dropped NaN values in critical columns: 111943 trials remain

>> Data summary:
  Participants: 154
  Blocks: 21
  Total trials: 111943
  Trials per participant: 727
    Participant 9187: 990 trials, 17 blocks
    Participant 10000: 988 trials, 17 blocks
    Participant 10002: 986 trials, 17 blocks
    Participant 10003: 973 trials, 17 blocks
    Participant 10004: 990 trials, 17 blocks
    Participant 10005: 985 trials, 17 blocks
    Participant 10006: 987 trials, 17 blocks
    Participant 10007: 987 trials, 17 blocks
    Participant 10016: 987 trials, 17 blocks
    Participant 10017: 986 trials, 17 blocks
    Participant 10018: 986 trials, 17 blocks
    Participant 10024: 718 trials, 12 blocks
    Participant 10025: 414 trials, 8 blocks
    Participant 10027: 718 trials, 12 blocks
    Participant 10028: 699 trials, 12 blocks
    Participant 10029: 720 trials, 12 blocks
    Participant 10030: 716 trials, 12 blocks
    Participant 10031: 719 trials, 12 blocks
    Participant 10035: 717 trials, 12 blocks
    Participant 10036: 713 trials, 12 blocks
    Participant 10039: 711 trials, 12 blocks
    Participant 10041: 696 trials, 12 blocks
    Participant 10043: 716 trials, 12 blocks
    Participant 10047: 717 trials, 12 blocks
    Participant 10048: 702 trials, 12 blocks
    Participant 10050: 717 trials, 12 blocks
    Participant 10051: 709 trials, 12 blocks
    Participant 10052: 709 trials, 12 blocks
    Participant 10055: 719 trials, 12 blocks
    Participant 10057: 712 trials, 12 blocks
    Participant 10058: 697 trials, 12 blocks
    Participant 10059: 718 trials, 12 blocks
    Participant 10062: 718 trials, 12 blocks
    Participant 10063: 713 trials, 12 blocks
    Participant 10064: 712 trials, 12 blocks
    Participant 10065: 719 trials, 12 blocks
    Participant 10066: 706 trials, 12 blocks
    Participant 10067: 716 trials, 12 blocks
    Participant 10071: 720 trials, 12 blocks
    Participant 10072: 718 trials, 12 blocks
    Participant 10074: 717 trials, 12 blocks
    Participant 10075: 717 trials, 12 blocks
    Participant 10076: 710 trials, 12 blocks
    Participant 10077: 719 trials, 12 blocks
    Participant 10078: 719 trials, 12 blocks
    Participant 10079: 719 trials, 12 blocks
    Participant 10081: 716 trials, 12 blocks
    Participant 10083: 703 trials, 12 blocks
    Participant 10084: 717 trials, 12 blocks
    Participant 10086: 630 trials, 12 blocks
    Participant 10087: 714 trials, 12 blocks
    Participant 10088: 720 trials, 12 blocks
    Participant 10089: 716 trials, 12 blocks
    Participant 10090: 719 trials, 12 blocks
    Participant 10092: 714 trials, 12 blocks
    Participant 10093: 712 trials, 12 blocks
    Participant 10094: 709 trials, 12 blocks
    Participant 10095: 712 trials, 12 blocks
    Participant 10097: 717 trials, 12 blocks
    Participant 10098: 712 trials, 12 blocks
    Participant 10099: 714 trials, 12 blocks
    Participant 10101: 715 trials, 12 blocks
    Participant 10102: 716 trials, 12 blocks
    Participant 10103: 719 trials, 12 blocks
    Participant 10104: 715 trials, 12 blocks
    Participant 10106: 719 trials, 12 blocks
    Participant 10107: 714 trials, 12 blocks
    Participant 10109: 719 trials, 12 blocks
    Participant 10110: 719 trials, 12 blocks
    Participant 10111: 713 trials, 12 blocks
    Participant 10112: 707 trials, 12 blocks
    Participant 10113: 696 trials, 12 blocks
    Participant 10114: 709 trials, 12 blocks
    Participant 10115: 711 trials, 12 blocks
    Participant 10116: 718 trials, 12 blocks
    Participant 10117: 715 trials, 12 blocks
    Participant 10119: 719 trials, 12 blocks
    Participant 10120: 715 trials, 12 blocks
    Participant 10121: 711 trials, 12 blocks
    Participant 10125: 717 trials, 12 blocks
    Participant 10126: 719 trials, 12 blocks
    Participant 10128: 705 trials, 12 blocks
    Participant 10130: 713 trials, 12 blocks
    Participant 10134: 701 trials, 12 blocks
    Participant 10135: 704 trials, 12 blocks
    Participant 10137: 718 trials, 12 blocks
    Participant 10139: 705 trials, 12 blocks
    Participant 10140: 715 trials, 12 blocks
    Participant 10141: 716 trials, 12 blocks
    Participant 10142: 719 trials, 12 blocks
    Participant 10143: 719 trials, 12 blocks
    Participant 10145: 713 trials, 12 blocks
    Participant 10147: 716 trials, 12 blocks
    Participant 10148: 705 trials, 12 blocks
    Participant 10149: 713 trials, 12 blocks
    Participant 10150: 715 trials, 12 blocks
    Participant 10151: 717 trials, 12 blocks
    Participant 10152: 719 trials, 12 blocks
    Participant 10154: 717 trials, 12 blocks
    Participant 10155: 713 trials, 12 blocks
    Participant 10156: 712 trials, 12 blocks
    Participant 10157: 719 trials, 12 blocks
    Participant 10158: 716 trials, 12 blocks
    Participant 10159: 716 trials, 12 blocks
    Participant 10160: 717 trials, 12 blocks
    Participant 10162: 714 trials, 12 blocks
    Participant 10163: 719 trials, 12 blocks
    Participant 10164: 719 trials, 12 blocks
    Participant 10165: 713 trials, 12 blocks
    Participant 10166: 714 trials, 12 blocks
    Participant 10168: 718 trials, 12 blocks
    Participant 10169: 713 trials, 12 blocks
    Participant 10170: 718 trials, 12 blocks
    Participant 10171: 718 trials, 12 blocks
    Participant 10172: 719 trials, 12 blocks
    Participant 10173: 677 trials, 12 blocks
    Participant 10174: 714 trials, 12 blocks
    Participant 10175: 717 trials, 12 blocks
    Participant 10176: 577 trials, 12 blocks
    Participant 10177: 715 trials, 12 blocks
    Participant 10178: 718 trials, 12 blocks
    Participant 10179: 716 trials, 12 blocks
    Participant 10180: 708 trials, 12 blocks
    Participant 10181: 719 trials, 12 blocks
    Participant 10182: 696 trials, 12 blocks
    Participant 10183: 719 trials, 12 blocks
    Participant 10184: 713 trials, 12 blocks
    Participant 10185: 710 trials, 12 blocks
    Participant 10186: 718 trials, 12 blocks
    Participant 10190: 600 trials, 12 blocks
    Participant 10191: 708 trials, 12 blocks
    Participant 10192: 709 trials, 12 blocks
    Participant 10195: 684 trials, 12 blocks
    Participant 10196: 718 trials, 12 blocks
    Participant 10197: 716 trials, 12 blocks
    Participant 10198: 479 trials, 11 blocks
    Participant 10199: 710 trials, 12 blocks
    Participant 10200: 719 trials, 12 blocks
    Participant 10201: 719 trials, 12 blocks
    Participant 10202: 718 trials, 12 blocks
    Participant 10203: 716 trials, 12 blocks
    Participant 10204: 718 trials, 12 blocks
    Participant 10206: 712 trials, 12 blocks
    Participant 10208: 694 trials, 12 blocks
    Participant 10209: 715 trials, 12 blocks
    Participant 10210: 683 trials, 12 blocks
    Participant 10211: 683 trials, 12 blocks
    Participant 10212: 716 trials, 12 blocks
    Participant 10215: 719 trials, 12 blocks
    Participant 10216: 717 trials, 12 blocks
    Participant 10217: 719 trials, 12 blocks
    Participant 10218: 694 trials, 12 blocks
    Participant 10219: 718 trials, 12 blocks
    Participant 10220: 718 trials, 12 blocks

================================================================================
FITTING WMRL-M5 HIERARCHICAL MODEL
================================================================================

>> Preparing stacked participant data...
  Prepared 154 participants (sorted by ID)
  LEC covariate loaded: mean=9.89, std=3.54, n=154

>> Running MCMC inference (NUTS + convergence auto-bump)...
>> Starting MCMC sampling with convergence auto-bump...
   Chains: 2
   Host devices: 1
   Warmup: 50
   Samples: 50
   Max tree depth: 6
   Total iterations per chain: 100
   Acceptance probability schedule: (0.8, 0.95, 0.99)

[convergence-gate] target_accept_prob=0.80 divergences=0
[convergence-gate] Zero divergences — accepting this run.

================================================================================
WMRL-M5 POSTERIOR ESTIMATES — GROUP LEVEL
================================================================================
  alpha_neg_mu_pr: -4.314 +/- 0.442
  alpha_pos_mu_pr: -1.709 +/- 0.139
  capacity_mu_pr: -1.139 +/- 0.777
  epsilon_mu_pr: -1.536 +/- 0.177
  kappa_mu_pr: -2.181 +/- 0.083
  phi_mu_pr: -2.075 +/- 1.133
  phi_rl_mu_pr: -1.531 +/- 0.045
  rho_mu_pr: -0.061 +/- 0.039
  beta_lec_kappa: mean=0.4449 +/- 0.1143, 95% HDI=[0.2524, 0.5841]
    HDI excludes zero (positive direction)

================================================================================
SAVING RESULTS
================================================================================

>> Computing pointwise log-likelihoods...
  Pointwise log-lik shape: (2, 50, 154, 1700)
  Padding positions set to NaN for WAIC/LOO.

>> Building ArviZ InferenceData...

>> Checking convergence gate...

[CONVERGENCE GATE FAILED] max_rhat=3.0000, min_ess_bulk=3, divergences=0
Refusing to write output files. Fix convergence issues and re-run.

================================================================================
FITTING COMPLETE!
================================================================================
  Sequential wmrl_m5: exit=0, wall=4701s

------------------------------------------------------------
  Sequential: wmrl_m6a
  Started: Wed Apr 15 05:59:27 AM AEST 2026
------------------------------------------------------------
================================================================================
BAYESIAN WMRL_M6A FIT WITH JAX/NUMPYRO
================================================================================

Settings:
  Model: wmrl_m6a
  Data: output/task_trials_long.csv
  Min block: 3 (excludes practice)
  Chains: 2
  Warmup: 50
  Samples: 50
  Max tree depth: 6
  Output: output/smoke_test
  Seed: 42
  JAX devices: 1

>> Loading data from: output/task_trials_long.csv
  Loaded 111943 trials from 157 participants
  Excluded 3 participants (insufficient data/duplicates)
  Final sample: 154 participants
  Filtered to blocks >= 3: 111943 trials remain
  Dropped NaN values in critical columns: 111943 trials remain

>> Data summary:
  Participants: 154
  Blocks: 21
  Total trials: 111943
  Trials per participant: 727
    Participant 9187: 990 trials, 17 blocks
    Participant 10000: 988 trials, 17 blocks
    Participant 10002: 986 trials, 17 blocks
    Participant 10003: 973 trials, 17 blocks
    Participant 10004: 990 trials, 17 blocks
    Participant 10005: 985 trials, 17 blocks
    Participant 10006: 987 trials, 17 blocks
    Participant 10007: 987 trials, 17 blocks
    Participant 10016: 987 trials, 17 blocks
    Participant 10017: 986 trials, 17 blocks
    Participant 10018: 986 trials, 17 blocks
    Participant 10024: 718 trials, 12 blocks
    Participant 10025: 414 trials, 8 blocks
    Participant 10027: 718 trials, 12 blocks
    Participant 10028: 699 trials, 12 blocks
    Participant 10029: 720 trials, 12 blocks
    Participant 10030: 716 trials, 12 blocks
    Participant 10031: 719 trials, 12 blocks
    Participant 10035: 717 trials, 12 blocks
    Participant 10036: 713 trials, 12 blocks
    Participant 10039: 711 trials, 12 blocks
    Participant 10041: 696 trials, 12 blocks
    Participant 10043: 716 trials, 12 blocks
    Participant 10047: 717 trials, 12 blocks
    Participant 10048: 702 trials, 12 blocks
    Participant 10050: 717 trials, 12 blocks
    Participant 10051: 709 trials, 12 blocks
    Participant 10052: 709 trials, 12 blocks
    Participant 10055: 719 trials, 12 blocks
    Participant 10057: 712 trials, 12 blocks
    Participant 10058: 697 trials, 12 blocks
    Participant 10059: 718 trials, 12 blocks
    Participant 10062: 718 trials, 12 blocks
    Participant 10063: 713 trials, 12 blocks
    Participant 10064: 712 trials, 12 blocks
    Participant 10065: 719 trials, 12 blocks
    Participant 10066: 706 trials, 12 blocks
    Participant 10067: 716 trials, 12 blocks
    Participant 10071: 720 trials, 12 blocks
    Participant 10072: 718 trials, 12 blocks
    Participant 10074: 717 trials, 12 blocks
    Participant 10075: 717 trials, 12 blocks
    Participant 10076: 710 trials, 12 blocks
    Participant 10077: 719 trials, 12 blocks
    Participant 10078: 719 trials, 12 blocks
    Participant 10079: 719 trials, 12 blocks
    Participant 10081: 716 trials, 12 blocks
    Participant 10083: 703 trials, 12 blocks
    Participant 10084: 717 trials, 12 blocks
    Participant 10086: 630 trials, 12 blocks
    Participant 10087: 714 trials, 12 blocks
    Participant 10088: 720 trials, 12 blocks
    Participant 10089: 716 trials, 12 blocks
    Participant 10090: 719 trials, 12 blocks
    Participant 10092: 714 trials, 12 blocks
    Participant 10093: 712 trials, 12 blocks
    Participant 10094: 709 trials, 12 blocks
    Participant 10095: 712 trials, 12 blocks
    Participant 10097: 717 trials, 12 blocks
    Participant 10098: 712 trials, 12 blocks
    Participant 10099: 714 trials, 12 blocks
    Participant 10101: 715 trials, 12 blocks
    Participant 10102: 716 trials, 12 blocks
    Participant 10103: 719 trials, 12 blocks
    Participant 10104: 715 trials, 12 blocks
    Participant 10106: 719 trials, 12 blocks
    Participant 10107: 714 trials, 12 blocks
    Participant 10109: 719 trials, 12 blocks
    Participant 10110: 719 trials, 12 blocks
    Participant 10111: 713 trials, 12 blocks
    Participant 10112: 707 trials, 12 blocks
    Participant 10113: 696 trials, 12 blocks
    Participant 10114: 709 trials, 12 blocks
    Participant 10115: 711 trials, 12 blocks
    Participant 10116: 718 trials, 12 blocks
    Participant 10117: 715 trials, 12 blocks
    Participant 10119: 719 trials, 12 blocks
    Participant 10120: 715 trials, 12 blocks
    Participant 10121: 711 trials, 12 blocks
    Participant 10125: 717 trials, 12 blocks
    Participant 10126: 719 trials, 12 blocks
    Participant 10128: 705 trials, 12 blocks
    Participant 10130: 713 trials, 12 blocks
    Participant 10134: 701 trials, 12 blocks
    Participant 10135: 704 trials, 12 blocks
    Participant 10137: 718 trials, 12 blocks
    Participant 10139: 705 trials, 12 blocks
    Participant 10140: 715 trials, 12 blocks
    Participant 10141: 716 trials, 12 blocks
    Participant 10142: 719 trials, 12 blocks
    Participant 10143: 719 trials, 12 blocks
    Participant 10145: 713 trials, 12 blocks
    Participant 10147: 716 trials, 12 blocks
    Participant 10148: 705 trials, 12 blocks
    Participant 10149: 713 trials, 12 blocks
    Participant 10150: 715 trials, 12 blocks
    Participant 10151: 717 trials, 12 blocks
    Participant 10152: 719 trials, 12 blocks
    Participant 10154: 717 trials, 12 blocks
    Participant 10155: 713 trials, 12 blocks
    Participant 10156: 712 trials, 12 blocks
    Participant 10157: 719 trials, 12 blocks
    Participant 10158: 716 trials, 12 blocks
    Participant 10159: 716 trials, 12 blocks
    Participant 10160: 717 trials, 12 blocks
    Participant 10162: 714 trials, 12 blocks
    Participant 10163: 719 trials, 12 blocks
    Participant 10164: 719 trials, 12 blocks
    Participant 10165: 713 trials, 12 blocks
    Participant 10166: 714 trials, 12 blocks
    Participant 10168: 718 trials, 12 blocks
    Participant 10169: 713 trials, 12 blocks
    Participant 10170: 718 trials, 12 blocks
    Participant 10171: 718 trials, 12 blocks
    Participant 10172: 719 trials, 12 blocks
    Participant 10173: 677 trials, 12 blocks
    Participant 10174: 714 trials, 12 blocks
    Participant 10175: 717 trials, 12 blocks
    Participant 10176: 577 trials, 12 blocks
    Participant 10177: 715 trials, 12 blocks
    Participant 10178: 718 trials, 12 blocks
    Participant 10179: 716 trials, 12 blocks
    Participant 10180: 708 trials, 12 blocks
    Participant 10181: 719 trials, 12 blocks
    Participant 10182: 696 trials, 12 blocks
    Participant 10183: 719 trials, 12 blocks
    Participant 10184: 713 trials, 12 blocks
    Participant 10185: 710 trials, 12 blocks
    Participant 10186: 718 trials, 12 blocks
    Participant 10190: 600 trials, 12 blocks
    Participant 10191: 708 trials, 12 blocks
    Participant 10192: 709 trials, 12 blocks
    Participant 10195: 684 trials, 12 blocks
    Participant 10196: 718 trials, 12 blocks
    Participant 10197: 716 trials, 12 blocks
    Participant 10198: 479 trials, 11 blocks
    Participant 10199: 710 trials, 12 blocks
    Participant 10200: 719 trials, 12 blocks
    Participant 10201: 719 trials, 12 blocks
    Participant 10202: 718 trials, 12 blocks
    Participant 10203: 716 trials, 12 blocks
    Participant 10204: 718 trials, 12 blocks
    Participant 10206: 712 trials, 12 blocks
    Participant 10208: 694 trials, 12 blocks
    Participant 10209: 715 trials, 12 blocks
    Participant 10210: 683 trials, 12 blocks
    Participant 10211: 683 trials, 12 blocks
    Participant 10212: 716 trials, 12 blocks
    Participant 10215: 719 trials, 12 blocks
    Participant 10216: 717 trials, 12 blocks
    Participant 10217: 719 trials, 12 blocks
    Participant 10218: 694 trials, 12 blocks
    Participant 10219: 718 trials, 12 blocks
    Participant 10220: 718 trials, 12 blocks

================================================================================
FITTING WMRL-M6A HIERARCHICAL MODEL
================================================================================

>> Preparing stacked participant data...
  Prepared 154 participants (sorted by ID)
  LEC covariate loaded: mean=9.89, std=3.54, n=154

>> Running MCMC inference (NUTS + convergence auto-bump)...
>> Starting MCMC sampling with convergence auto-bump...
   Chains: 2
   Host devices: 1
   Warmup: 50
   Samples: 50
   Max tree depth: 6
   Total iterations per chain: 100
   Acceptance probability schedule: (0.8, 0.95, 0.99)

[convergence-gate] target_accept_prob=0.80 divergences=0
[convergence-gate] Zero divergences — accepting this run.

================================================================================
WMRL-M6A POSTERIOR ESTIMATES — GROUP LEVEL
================================================================================
  alpha_neg_mu_pr: -2.358 +/- 1.968
  alpha_pos_mu_pr: -1.924 +/- 0.425
  capacity_mu_pr: -0.693 +/- 0.303
  epsilon_mu_pr: -1.647 +/- 0.200
  kappa_s_mu_pr: -0.156 +/- 1.038
  phi_mu_pr: -1.131 +/- 0.274
  rho_mu_pr: 0.362 +/- 0.857
  beta_lec_kappa_s: mean=0.9199 +/- 0.8518, 95% HDI=[0.0500, 1.7717]
    HDI excludes zero (positive direction)

================================================================================
SAVING RESULTS
================================================================================

>> Computing pointwise log-likelihoods...
  Pointwise log-lik shape: (2, 50, 154, 1700)
  Padding positions set to NaN for WAIC/LOO.

>> Building ArviZ InferenceData...

>> Checking convergence gate...

[CONVERGENCE GATE FAILED] max_rhat=3.7500, min_ess_bulk=2, divergences=0
Refusing to write output files. Fix convergence issues and re-run.

================================================================================
FITTING COMPLETE!
================================================================================
  Sequential wmrl_m6a: exit=0, wall=4241s

------------------------------------------------------------
  Sequential: wmrl_m6b
  Started: Wed Apr 15 07:10:08 AM AEST 2026
------------------------------------------------------------
================================================================================
BAYESIAN WMRL_M6B FIT WITH JAX/NUMPYRO
================================================================================

Settings:
  Model: wmrl_m6b
  Data: output/task_trials_long.csv
  Min block: 3 (excludes practice)
  Chains: 2
  Warmup: 50
  Samples: 50
  Max tree depth: 6
  Output: output/smoke_test
  Seed: 42
  JAX devices: 1

>> Loading data from: output/task_trials_long.csv
  Loaded 111943 trials from 157 participants
  Excluded 3 participants (insufficient data/duplicates)
  Final sample: 154 participants
  Filtered to blocks >= 3: 111943 trials remain
  Dropped NaN values in critical columns: 111943 trials remain

>> Data summary:
  Participants: 154
  Blocks: 21
  Total trials: 111943
  Trials per participant: 727
    Participant 9187: 990 trials, 17 blocks
    Participant 10000: 988 trials, 17 blocks
    Participant 10002: 986 trials, 17 blocks
    Participant 10003: 973 trials, 17 blocks
    Participant 10004: 990 trials, 17 blocks
    Participant 10005: 985 trials, 17 blocks
    Participant 10006: 987 trials, 17 blocks
    Participant 10007: 987 trials, 17 blocks
    Participant 10016: 987 trials, 17 blocks
    Participant 10017: 986 trials, 17 blocks
    Participant 10018: 986 trials, 17 blocks
    Participant 10024: 718 trials, 12 blocks
    Participant 10025: 414 trials, 8 blocks
    Participant 10027: 718 trials, 12 blocks
    Participant 10028: 699 trials, 12 blocks
    Participant 10029: 720 trials, 12 blocks
    Participant 10030: 716 trials, 12 blocks
    Participant 10031: 719 trials, 12 blocks
    Participant 10035: 717 trials, 12 blocks
    Participant 10036: 713 trials, 12 blocks
    Participant 10039: 711 trials, 12 blocks
    Participant 10041: 696 trials, 12 blocks
    Participant 10043: 716 trials, 12 blocks
    Participant 10047: 717 trials, 12 blocks
    Participant 10048: 702 trials, 12 blocks
    Participant 10050: 717 trials, 12 blocks
    Participant 10051: 709 trials, 12 blocks
    Participant 10052: 709 trials, 12 blocks
    Participant 10055: 719 trials, 12 blocks
    Participant 10057: 712 trials, 12 blocks
    Participant 10058: 697 trials, 12 blocks
    Participant 10059: 718 trials, 12 blocks
    Participant 10062: 718 trials, 12 blocks
    Participant 10063: 713 trials, 12 blocks
    Participant 10064: 712 trials, 12 blocks
    Participant 10065: 719 trials, 12 blocks
    Participant 10066: 706 trials, 12 blocks
    Participant 10067: 716 trials, 12 blocks
    Participant 10071: 720 trials, 12 blocks
    Participant 10072: 718 trials, 12 blocks
    Participant 10074: 717 trials, 12 blocks
    Participant 10075: 717 trials, 12 blocks
    Participant 10076: 710 trials, 12 blocks
    Participant 10077: 719 trials, 12 blocks
    Participant 10078: 719 trials, 12 blocks
    Participant 10079: 719 trials, 12 blocks
    Participant 10081: 716 trials, 12 blocks
    Participant 10083: 703 trials, 12 blocks
    Participant 10084: 717 trials, 12 blocks
    Participant 10086: 630 trials, 12 blocks
    Participant 10087: 714 trials, 12 blocks
    Participant 10088: 720 trials, 12 blocks
    Participant 10089: 716 trials, 12 blocks
    Participant 10090: 719 trials, 12 blocks
    Participant 10092: 714 trials, 12 blocks
    Participant 10093: 712 trials, 12 blocks
    Participant 10094: 709 trials, 12 blocks
    Participant 10095: 712 trials, 12 blocks
    Participant 10097: 717 trials, 12 blocks
    Participant 10098: 712 trials, 12 blocks
    Participant 10099: 714 trials, 12 blocks
    Participant 10101: 715 trials, 12 blocks
    Participant 10102: 716 trials, 12 blocks
    Participant 10103: 719 trials, 12 blocks
    Participant 10104: 715 trials, 12 blocks
    Participant 10106: 719 trials, 12 blocks
    Participant 10107: 714 trials, 12 blocks
    Participant 10109: 719 trials, 12 blocks
    Participant 10110: 719 trials, 12 blocks
    Participant 10111: 713 trials, 12 blocks
    Participant 10112: 707 trials, 12 blocks
    Participant 10113: 696 trials, 12 blocks
    Participant 10114: 709 trials, 12 blocks
    Participant 10115: 711 trials, 12 blocks
    Participant 10116: 718 trials, 12 blocks
    Participant 10117: 715 trials, 12 blocks
    Participant 10119: 719 trials, 12 blocks
    Participant 10120: 715 trials, 12 blocks
    Participant 10121: 711 trials, 12 blocks
    Participant 10125: 717 trials, 12 blocks
    Participant 10126: 719 trials, 12 blocks
    Participant 10128: 705 trials, 12 blocks
    Participant 10130: 713 trials, 12 blocks
    Participant 10134: 701 trials, 12 blocks
    Participant 10135: 704 trials, 12 blocks
    Participant 10137: 718 trials, 12 blocks
    Participant 10139: 705 trials, 12 blocks
    Participant 10140: 715 trials, 12 blocks
    Participant 10141: 716 trials, 12 blocks
    Participant 10142: 719 trials, 12 blocks
    Participant 10143: 719 trials, 12 blocks
    Participant 10145: 713 trials, 12 blocks
    Participant 10147: 716 trials, 12 blocks
    Participant 10148: 705 trials, 12 blocks
    Participant 10149: 713 trials, 12 blocks
    Participant 10150: 715 trials, 12 blocks
    Participant 10151: 717 trials, 12 blocks
    Participant 10152: 719 trials, 12 blocks
    Participant 10154: 717 trials, 12 blocks
    Participant 10155: 713 trials, 12 blocks
    Participant 10156: 712 trials, 12 blocks
    Participant 10157: 719 trials, 12 blocks
    Participant 10158: 716 trials, 12 blocks
    Participant 10159: 716 trials, 12 blocks
    Participant 10160: 717 trials, 12 blocks
    Participant 10162: 714 trials, 12 blocks
    Participant 10163: 719 trials, 12 blocks
    Participant 10164: 719 trials, 12 blocks
    Participant 10165: 713 trials, 12 blocks
    Participant 10166: 714 trials, 12 blocks
    Participant 10168: 718 trials, 12 blocks
    Participant 10169: 713 trials, 12 blocks
    Participant 10170: 718 trials, 12 blocks
    Participant 10171: 718 trials, 12 blocks
    Participant 10172: 719 trials, 12 blocks
    Participant 10173: 677 trials, 12 blocks
    Participant 10174: 714 trials, 12 blocks
    Participant 10175: 717 trials, 12 blocks
    Participant 10176: 577 trials, 12 blocks
    Participant 10177: 715 trials, 12 blocks
    Participant 10178: 718 trials, 12 blocks
    Participant 10179: 716 trials, 12 blocks
    Participant 10180: 708 trials, 12 blocks
    Participant 10181: 719 trials, 12 blocks
    Participant 10182: 696 trials, 12 blocks
    Participant 10183: 719 trials, 12 blocks
    Participant 10184: 713 trials, 12 blocks
    Participant 10185: 710 trials, 12 blocks
    Participant 10186: 718 trials, 12 blocks
    Participant 10190: 600 trials, 12 blocks
    Participant 10191: 708 trials, 12 blocks
    Participant 10192: 709 trials, 12 blocks
    Participant 10195: 684 trials, 12 blocks
    Participant 10196: 718 trials, 12 blocks
    Participant 10197: 716 trials, 12 blocks
    Participant 10198: 479 trials, 11 blocks
    Participant 10199: 710 trials, 12 blocks
    Participant 10200: 719 trials, 12 blocks
    Participant 10201: 719 trials, 12 blocks
    Participant 10202: 718 trials, 12 blocks
    Participant 10203: 716 trials, 12 blocks
    Participant 10204: 718 trials, 12 blocks
    Participant 10206: 712 trials, 12 blocks
    Participant 10208: 694 trials, 12 blocks
    Participant 10209: 715 trials, 12 blocks
    Participant 10210: 683 trials, 12 blocks
    Participant 10211: 683 trials, 12 blocks
    Participant 10212: 716 trials, 12 blocks
    Participant 10215: 719 trials, 12 blocks
    Participant 10216: 717 trials, 12 blocks
    Participant 10217: 719 trials, 12 blocks
    Participant 10218: 694 trials, 12 blocks
    Participant 10219: 718 trials, 12 blocks
    Participant 10220: 718 trials, 12 blocks

================================================================================
FITTING WMRL-M6B HIERARCHICAL MODEL
================================================================================

>> Preparing stacked participant data...
  Prepared 154 participants (sorted by ID)
  LEC covariate loaded: mean=9.89, std=3.54, n=154

>> Running MCMC inference (NUTS + convergence auto-bump)...
>> Starting MCMC sampling with convergence auto-bump...
   Chains: 2
   Host devices: 1
   Warmup: 50
   Samples: 50
   Max tree depth: 6
   Total iterations per chain: 100
   Acceptance probability schedule: (0.8, 0.95, 0.99)

